ARM GAS  /tmp/ccxqiHnA.s 			page 1


   1              		.syntax unified
   2              		.cpu cortex-m4
   3              		.eabi_attribute 27, 1
   4              		.eabi_attribute 28, 1
   5              		.fpu fpv4-sp-d16
   6              		.eabi_attribute 20, 1
   7              		.eabi_attribute 21, 1
   8              		.eabi_attribute 23, 3
   9              		.eabi_attribute 24, 1
  10              		.eabi_attribute 25, 1
  11              		.eabi_attribute 26, 1
  12              		.eabi_attribute 30, 1
  13              		.eabi_attribute 34, 1
  14              		.eabi_attribute 18, 4
  15              		.thumb
  16              		.syntax unified
  17              		.file	"os_systick.c"
  18              		.text
  19              	.Ltext0:
  20              		.cfi_sections	.debug_frame
  21              		.section	.text.OS_Tick_Setup,"ax",%progbits
  22              		.align	2
  23              		.weak	OS_Tick_Setup
  24              		.thumb
  25              		.thumb_func
  27              	OS_Tick_Setup:
  28              	.LFB130:
  29              		.file 1 "/usr/local/lib/ARM/CMSIS/5.4.0/CMSIS/RTOS2/Source/os_systick.c"
   1:/usr/local/lib/ARM/CMSIS/5.4.0/CMSIS/RTOS2/Source/os_systick.c **** /**************************************************************************//**
   2:/usr/local/lib/ARM/CMSIS/5.4.0/CMSIS/RTOS2/Source/os_systick.c ****  * @file     os_systick.c
   3:/usr/local/lib/ARM/CMSIS/5.4.0/CMSIS/RTOS2/Source/os_systick.c ****  * @brief    CMSIS OS Tick SysTick implementation
   4:/usr/local/lib/ARM/CMSIS/5.4.0/CMSIS/RTOS2/Source/os_systick.c ****  * @version  V1.0.1
   5:/usr/local/lib/ARM/CMSIS/5.4.0/CMSIS/RTOS2/Source/os_systick.c ****  * @date     24. November 2017
   6:/usr/local/lib/ARM/CMSIS/5.4.0/CMSIS/RTOS2/Source/os_systick.c ****  ******************************************************************************/
   7:/usr/local/lib/ARM/CMSIS/5.4.0/CMSIS/RTOS2/Source/os_systick.c **** /*
   8:/usr/local/lib/ARM/CMSIS/5.4.0/CMSIS/RTOS2/Source/os_systick.c ****  * Copyright (c) 2017-2017 ARM Limited. All rights reserved.
   9:/usr/local/lib/ARM/CMSIS/5.4.0/CMSIS/RTOS2/Source/os_systick.c ****  *
  10:/usr/local/lib/ARM/CMSIS/5.4.0/CMSIS/RTOS2/Source/os_systick.c ****  * SPDX-License-Identifier: Apache-2.0
  11:/usr/local/lib/ARM/CMSIS/5.4.0/CMSIS/RTOS2/Source/os_systick.c ****  *
  12:/usr/local/lib/ARM/CMSIS/5.4.0/CMSIS/RTOS2/Source/os_systick.c ****  * Licensed under the Apache License, Version 2.0 (the License); you may
  13:/usr/local/lib/ARM/CMSIS/5.4.0/CMSIS/RTOS2/Source/os_systick.c ****  * not use this file except in compliance with the License.
  14:/usr/local/lib/ARM/CMSIS/5.4.0/CMSIS/RTOS2/Source/os_systick.c ****  * You may obtain a copy of the License at
  15:/usr/local/lib/ARM/CMSIS/5.4.0/CMSIS/RTOS2/Source/os_systick.c ****  *
  16:/usr/local/lib/ARM/CMSIS/5.4.0/CMSIS/RTOS2/Source/os_systick.c ****  * www.apache.org/licenses/LICENSE-2.0
  17:/usr/local/lib/ARM/CMSIS/5.4.0/CMSIS/RTOS2/Source/os_systick.c ****  *
  18:/usr/local/lib/ARM/CMSIS/5.4.0/CMSIS/RTOS2/Source/os_systick.c ****  * Unless required by applicable law or agreed to in writing, software
  19:/usr/local/lib/ARM/CMSIS/5.4.0/CMSIS/RTOS2/Source/os_systick.c ****  * distributed under the License is distributed on an AS IS BASIS, WITHOUT
  20:/usr/local/lib/ARM/CMSIS/5.4.0/CMSIS/RTOS2/Source/os_systick.c ****  * WARRANTIES OR CONDITIONS OF ANY KIND, either express or implied.
  21:/usr/local/lib/ARM/CMSIS/5.4.0/CMSIS/RTOS2/Source/os_systick.c ****  * See the License for the specific language governing permissions and
  22:/usr/local/lib/ARM/CMSIS/5.4.0/CMSIS/RTOS2/Source/os_systick.c ****  * limitations under the License.
  23:/usr/local/lib/ARM/CMSIS/5.4.0/CMSIS/RTOS2/Source/os_systick.c ****  */
  24:/usr/local/lib/ARM/CMSIS/5.4.0/CMSIS/RTOS2/Source/os_systick.c **** 
  25:/usr/local/lib/ARM/CMSIS/5.4.0/CMSIS/RTOS2/Source/os_systick.c **** #include "os_tick.h"
  26:/usr/local/lib/ARM/CMSIS/5.4.0/CMSIS/RTOS2/Source/os_systick.c **** 
  27:/usr/local/lib/ARM/CMSIS/5.4.0/CMSIS/RTOS2/Source/os_systick.c **** //lint -emacro((923,9078),SCB,SysTick) "cast from unsigned long to pointer"
  28:/usr/local/lib/ARM/CMSIS/5.4.0/CMSIS/RTOS2/Source/os_systick.c **** #include "RTE_Components.h"
  29:/usr/local/lib/ARM/CMSIS/5.4.0/CMSIS/RTOS2/Source/os_systick.c **** #include CMSIS_device_header
ARM GAS  /tmp/ccxqiHnA.s 			page 2


  30:/usr/local/lib/ARM/CMSIS/5.4.0/CMSIS/RTOS2/Source/os_systick.c **** 
  31:/usr/local/lib/ARM/CMSIS/5.4.0/CMSIS/RTOS2/Source/os_systick.c **** #ifdef  SysTick
  32:/usr/local/lib/ARM/CMSIS/5.4.0/CMSIS/RTOS2/Source/os_systick.c **** 
  33:/usr/local/lib/ARM/CMSIS/5.4.0/CMSIS/RTOS2/Source/os_systick.c **** #ifndef SYSTICK_IRQ_PRIORITY
  34:/usr/local/lib/ARM/CMSIS/5.4.0/CMSIS/RTOS2/Source/os_systick.c **** #define SYSTICK_IRQ_PRIORITY    0xFFU
  35:/usr/local/lib/ARM/CMSIS/5.4.0/CMSIS/RTOS2/Source/os_systick.c **** #endif
  36:/usr/local/lib/ARM/CMSIS/5.4.0/CMSIS/RTOS2/Source/os_systick.c **** 
  37:/usr/local/lib/ARM/CMSIS/5.4.0/CMSIS/RTOS2/Source/os_systick.c **** static uint8_t PendST;
  38:/usr/local/lib/ARM/CMSIS/5.4.0/CMSIS/RTOS2/Source/os_systick.c **** 
  39:/usr/local/lib/ARM/CMSIS/5.4.0/CMSIS/RTOS2/Source/os_systick.c **** // Setup OS Tick.
  40:/usr/local/lib/ARM/CMSIS/5.4.0/CMSIS/RTOS2/Source/os_systick.c **** __WEAK int32_t OS_Tick_Setup (uint32_t freq, IRQHandler_t handler) {
  30              		.loc 1 40 0
  31              		.cfi_startproc
  32              		@ args = 0, pretend = 0, frame = 0
  33              		@ frame_needed = 0, uses_anonymous_args = 0
  34              		@ link register save eliminated.
  35              	.LVL0:
  41:/usr/local/lib/ARM/CMSIS/5.4.0/CMSIS/RTOS2/Source/os_systick.c ****   uint32_t load;
  42:/usr/local/lib/ARM/CMSIS/5.4.0/CMSIS/RTOS2/Source/os_systick.c ****   (void)handler;
  43:/usr/local/lib/ARM/CMSIS/5.4.0/CMSIS/RTOS2/Source/os_systick.c **** 
  44:/usr/local/lib/ARM/CMSIS/5.4.0/CMSIS/RTOS2/Source/os_systick.c ****   if (freq == 0U) {
  36              		.loc 1 44 0
  37 0000 0346     		mov	r3, r0
  38 0002 A8B1     		cbz	r0, .L3
  45:/usr/local/lib/ARM/CMSIS/5.4.0/CMSIS/RTOS2/Source/os_systick.c ****     //lint -e{904} "Return statement before end of function"
  46:/usr/local/lib/ARM/CMSIS/5.4.0/CMSIS/RTOS2/Source/os_systick.c ****     return (-1);
  47:/usr/local/lib/ARM/CMSIS/5.4.0/CMSIS/RTOS2/Source/os_systick.c ****   }
  48:/usr/local/lib/ARM/CMSIS/5.4.0/CMSIS/RTOS2/Source/os_systick.c **** 
  49:/usr/local/lib/ARM/CMSIS/5.4.0/CMSIS/RTOS2/Source/os_systick.c ****   load = (SystemCoreClock / freq) - 1U;
  39              		.loc 1 49 0
  40 0004 0D4A     		ldr	r2, .L5
  41 0006 1068     		ldr	r0, [r2]
  42              	.LVL1:
  43 0008 B0FBF3F0 		udiv	r0, r0, r3
  44 000c 0138     		subs	r0, r0, #1
  45              	.LVL2:
  50:/usr/local/lib/ARM/CMSIS/5.4.0/CMSIS/RTOS2/Source/os_systick.c ****   if (load > 0x00FFFFFFU) {
  46              		.loc 1 50 0
  47 000e B0F1807F 		cmp	r0, #16777216
  48 0012 10D2     		bcs	.L4
  51:/usr/local/lib/ARM/CMSIS/5.4.0/CMSIS/RTOS2/Source/os_systick.c ****     //lint -e{904} "Return statement before end of function"
  52:/usr/local/lib/ARM/CMSIS/5.4.0/CMSIS/RTOS2/Source/os_systick.c ****     return (-1);
  53:/usr/local/lib/ARM/CMSIS/5.4.0/CMSIS/RTOS2/Source/os_systick.c ****   }
  54:/usr/local/lib/ARM/CMSIS/5.4.0/CMSIS/RTOS2/Source/os_systick.c **** 
  55:/usr/local/lib/ARM/CMSIS/5.4.0/CMSIS/RTOS2/Source/os_systick.c ****   // Set SysTick Interrupt Priority
  56:/usr/local/lib/ARM/CMSIS/5.4.0/CMSIS/RTOS2/Source/os_systick.c **** #if   ((defined(__ARM_ARCH_8M_MAIN__) && (__ARM_ARCH_8M_MAIN__ != 0)) || \
  57:/usr/local/lib/ARM/CMSIS/5.4.0/CMSIS/RTOS2/Source/os_systick.c ****        (defined(__CORTEX_M)           && (__CORTEX_M           == 7U)))
  58:/usr/local/lib/ARM/CMSIS/5.4.0/CMSIS/RTOS2/Source/os_systick.c ****   SCB->SHPR[11] = SYSTICK_IRQ_PRIORITY;
  59:/usr/local/lib/ARM/CMSIS/5.4.0/CMSIS/RTOS2/Source/os_systick.c **** #elif  (defined(__ARM_ARCH_8M_BASE__) && (__ARM_ARCH_8M_BASE__ != 0))
  60:/usr/local/lib/ARM/CMSIS/5.4.0/CMSIS/RTOS2/Source/os_systick.c ****   SCB->SHPR[1] |= ((uint32_t)SYSTICK_IRQ_PRIORITY << 24);
  61:/usr/local/lib/ARM/CMSIS/5.4.0/CMSIS/RTOS2/Source/os_systick.c **** #elif ((defined(__ARM_ARCH_7M__)      && (__ARM_ARCH_7M__      != 0)) || \
  62:/usr/local/lib/ARM/CMSIS/5.4.0/CMSIS/RTOS2/Source/os_systick.c ****        (defined(__ARM_ARCH_7EM__)     && (__ARM_ARCH_7EM__     != 0)))
  63:/usr/local/lib/ARM/CMSIS/5.4.0/CMSIS/RTOS2/Source/os_systick.c ****   SCB->SHP[11]  = SYSTICK_IRQ_PRIORITY;
  49              		.loc 1 63 0
  50 0014 FF22     		movs	r2, #255
  51 0016 0A4B     		ldr	r3, .L5+4
  52              	.LVL3:
ARM GAS  /tmp/ccxqiHnA.s 			page 3


  53 0018 83F82320 		strb	r2, [r3, #35]
  64:/usr/local/lib/ARM/CMSIS/5.4.0/CMSIS/RTOS2/Source/os_systick.c **** #elif  (defined(__ARM_ARCH_6M__)      && (__ARM_ARCH_6M__      != 0))
  65:/usr/local/lib/ARM/CMSIS/5.4.0/CMSIS/RTOS2/Source/os_systick.c ****   SCB->SHP[1]  |= ((uint32_t)SYSTICK_IRQ_PRIORITY << 24);
  66:/usr/local/lib/ARM/CMSIS/5.4.0/CMSIS/RTOS2/Source/os_systick.c **** #else
  67:/usr/local/lib/ARM/CMSIS/5.4.0/CMSIS/RTOS2/Source/os_systick.c **** #error "Unknown ARM Core!"
  68:/usr/local/lib/ARM/CMSIS/5.4.0/CMSIS/RTOS2/Source/os_systick.c **** #endif
  69:/usr/local/lib/ARM/CMSIS/5.4.0/CMSIS/RTOS2/Source/os_systick.c **** 
  70:/usr/local/lib/ARM/CMSIS/5.4.0/CMSIS/RTOS2/Source/os_systick.c ****   SysTick->CTRL =  SysTick_CTRL_CLKSOURCE_Msk | SysTick_CTRL_TICKINT_Msk;
  54              		.loc 1 70 0
  55 001c A3F54F63 		sub	r3, r3, #3312
  56 0020 0622     		movs	r2, #6
  57 0022 1A60     		str	r2, [r3]
  71:/usr/local/lib/ARM/CMSIS/5.4.0/CMSIS/RTOS2/Source/os_systick.c ****   SysTick->LOAD =  load;
  58              		.loc 1 71 0
  59 0024 5860     		str	r0, [r3, #4]
  72:/usr/local/lib/ARM/CMSIS/5.4.0/CMSIS/RTOS2/Source/os_systick.c ****   SysTick->VAL  =  0U;
  60              		.loc 1 72 0
  61 0026 0020     		movs	r0, #0
  62              	.LVL4:
  63 0028 9860     		str	r0, [r3, #8]
  64              	.LVL5:
  73:/usr/local/lib/ARM/CMSIS/5.4.0/CMSIS/RTOS2/Source/os_systick.c **** 
  74:/usr/local/lib/ARM/CMSIS/5.4.0/CMSIS/RTOS2/Source/os_systick.c ****   PendST = 0U;
  65              		.loc 1 74 0
  66 002a 064B     		ldr	r3, .L5+8
  67 002c 1870     		strb	r0, [r3]
  75:/usr/local/lib/ARM/CMSIS/5.4.0/CMSIS/RTOS2/Source/os_systick.c **** 
  76:/usr/local/lib/ARM/CMSIS/5.4.0/CMSIS/RTOS2/Source/os_systick.c ****   return (0);
  68              		.loc 1 76 0
  69 002e 7047     		bx	lr
  70              	.LVL6:
  71              	.L3:
  46:/usr/local/lib/ARM/CMSIS/5.4.0/CMSIS/RTOS2/Source/os_systick.c ****   }
  72              		.loc 1 46 0
  73 0030 4FF0FF30 		mov	r0, #-1
  74              	.LVL7:
  75 0034 7047     		bx	lr
  76              	.LVL8:
  77              	.L4:
  52:/usr/local/lib/ARM/CMSIS/5.4.0/CMSIS/RTOS2/Source/os_systick.c ****   }
  78              		.loc 1 52 0
  79 0036 4FF0FF30 		mov	r0, #-1
  80              	.LVL9:
  77:/usr/local/lib/ARM/CMSIS/5.4.0/CMSIS/RTOS2/Source/os_systick.c **** }
  81              		.loc 1 77 0
  82 003a 7047     		bx	lr
  83              	.L6:
  84              		.align	2
  85              	.L5:
  86 003c 00000000 		.word	SystemCoreClock
  87 0040 00ED00E0 		.word	-536810240
  88 0044 00000000 		.word	.LANCHOR0
  89              		.cfi_endproc
  90              	.LFE130:
  92              		.section	.text.OS_Tick_Enable,"ax",%progbits
  93              		.align	2
  94              		.weak	OS_Tick_Enable
ARM GAS  /tmp/ccxqiHnA.s 			page 4


  95              		.thumb
  96              		.thumb_func
  98              	OS_Tick_Enable:
  99              	.LFB131:
  78:/usr/local/lib/ARM/CMSIS/5.4.0/CMSIS/RTOS2/Source/os_systick.c **** 
  79:/usr/local/lib/ARM/CMSIS/5.4.0/CMSIS/RTOS2/Source/os_systick.c **** /// Enable OS Tick.
  80:/usr/local/lib/ARM/CMSIS/5.4.0/CMSIS/RTOS2/Source/os_systick.c **** __WEAK void OS_Tick_Enable (void) {
 100              		.loc 1 80 0
 101              		.cfi_startproc
 102              		@ args = 0, pretend = 0, frame = 0
 103              		@ frame_needed = 0, uses_anonymous_args = 0
 104              		@ link register save eliminated.
  81:/usr/local/lib/ARM/CMSIS/5.4.0/CMSIS/RTOS2/Source/os_systick.c **** 
  82:/usr/local/lib/ARM/CMSIS/5.4.0/CMSIS/RTOS2/Source/os_systick.c ****   if (PendST != 0U) {
 105              		.loc 1 82 0
 106 0000 074B     		ldr	r3, .L9
 107 0002 1B78     		ldrb	r3, [r3]	@ zero_extendqisi2
 108 0004 33B1     		cbz	r3, .L8
  83:/usr/local/lib/ARM/CMSIS/5.4.0/CMSIS/RTOS2/Source/os_systick.c ****     PendST = 0U;
 109              		.loc 1 83 0
 110 0006 0022     		movs	r2, #0
 111 0008 054B     		ldr	r3, .L9
 112 000a 1A70     		strb	r2, [r3]
  84:/usr/local/lib/ARM/CMSIS/5.4.0/CMSIS/RTOS2/Source/os_systick.c ****     SCB->ICSR = SCB_ICSR_PENDSTSET_Msk;
 113              		.loc 1 84 0
 114 000c 4FF08062 		mov	r2, #67108864
 115 0010 044B     		ldr	r3, .L9+4
 116 0012 5A60     		str	r2, [r3, #4]
 117              	.L8:
  85:/usr/local/lib/ARM/CMSIS/5.4.0/CMSIS/RTOS2/Source/os_systick.c ****   }
  86:/usr/local/lib/ARM/CMSIS/5.4.0/CMSIS/RTOS2/Source/os_systick.c **** 
  87:/usr/local/lib/ARM/CMSIS/5.4.0/CMSIS/RTOS2/Source/os_systick.c ****   SysTick->CTRL |=  SysTick_CTRL_ENABLE_Msk;
 118              		.loc 1 87 0
 119 0014 044A     		ldr	r2, .L9+8
 120 0016 1368     		ldr	r3, [r2]
 121 0018 43F00103 		orr	r3, r3, #1
 122 001c 1360     		str	r3, [r2]
 123 001e 7047     		bx	lr
 124              	.L10:
 125              		.align	2
 126              	.L9:
 127 0020 00000000 		.word	.LANCHOR0
 128 0024 00ED00E0 		.word	-536810240
 129 0028 10E000E0 		.word	-536813552
 130              		.cfi_endproc
 131              	.LFE131:
 133              		.section	.text.OS_Tick_Disable,"ax",%progbits
 134              		.align	2
 135              		.weak	OS_Tick_Disable
 136              		.thumb
 137              		.thumb_func
 139              	OS_Tick_Disable:
 140              	.LFB132:
  88:/usr/local/lib/ARM/CMSIS/5.4.0/CMSIS/RTOS2/Source/os_systick.c **** }
  89:/usr/local/lib/ARM/CMSIS/5.4.0/CMSIS/RTOS2/Source/os_systick.c **** 
  90:/usr/local/lib/ARM/CMSIS/5.4.0/CMSIS/RTOS2/Source/os_systick.c **** /// Disable OS Tick.
  91:/usr/local/lib/ARM/CMSIS/5.4.0/CMSIS/RTOS2/Source/os_systick.c **** __WEAK void OS_Tick_Disable (void) {
ARM GAS  /tmp/ccxqiHnA.s 			page 5


 141              		.loc 1 91 0
 142              		.cfi_startproc
 143              		@ args = 0, pretend = 0, frame = 0
 144              		@ frame_needed = 0, uses_anonymous_args = 0
 145              		@ link register save eliminated.
  92:/usr/local/lib/ARM/CMSIS/5.4.0/CMSIS/RTOS2/Source/os_systick.c **** 
  93:/usr/local/lib/ARM/CMSIS/5.4.0/CMSIS/RTOS2/Source/os_systick.c ****   SysTick->CTRL &= ~SysTick_CTRL_ENABLE_Msk;
 146              		.loc 1 93 0
 147 0000 084A     		ldr	r2, .L13
 148 0002 1368     		ldr	r3, [r2]
 149 0004 23F00103 		bic	r3, r3, #1
 150 0008 1360     		str	r3, [r2]
  94:/usr/local/lib/ARM/CMSIS/5.4.0/CMSIS/RTOS2/Source/os_systick.c **** 
  95:/usr/local/lib/ARM/CMSIS/5.4.0/CMSIS/RTOS2/Source/os_systick.c ****   if ((SCB->ICSR & SCB_ICSR_PENDSTSET_Msk) != 0U) {
 151              		.loc 1 95 0
 152 000a 074B     		ldr	r3, .L13+4
 153 000c 5B68     		ldr	r3, [r3, #4]
 154 000e 13F0806F 		tst	r3, #67108864
 155 0012 06D0     		beq	.L11
  96:/usr/local/lib/ARM/CMSIS/5.4.0/CMSIS/RTOS2/Source/os_systick.c ****     SCB->ICSR = SCB_ICSR_PENDSTCLR_Msk;
 156              		.loc 1 96 0
 157 0014 4FF00072 		mov	r2, #33554432
 158 0018 034B     		ldr	r3, .L13+4
 159 001a 5A60     		str	r2, [r3, #4]
  97:/usr/local/lib/ARM/CMSIS/5.4.0/CMSIS/RTOS2/Source/os_systick.c ****     PendST = 1U;
 160              		.loc 1 97 0
 161 001c 0122     		movs	r2, #1
 162 001e 034B     		ldr	r3, .L13+8
 163 0020 1A70     		strb	r2, [r3]
 164              	.L11:
 165 0022 7047     		bx	lr
 166              	.L14:
 167              		.align	2
 168              	.L13:
 169 0024 10E000E0 		.word	-536813552
 170 0028 00ED00E0 		.word	-536810240
 171 002c 00000000 		.word	.LANCHOR0
 172              		.cfi_endproc
 173              	.LFE132:
 175              		.section	.text.OS_Tick_AcknowledgeIRQ,"ax",%progbits
 176              		.align	2
 177              		.weak	OS_Tick_AcknowledgeIRQ
 178              		.thumb
 179              		.thumb_func
 181              	OS_Tick_AcknowledgeIRQ:
 182              	.LFB133:
  98:/usr/local/lib/ARM/CMSIS/5.4.0/CMSIS/RTOS2/Source/os_systick.c ****   }
  99:/usr/local/lib/ARM/CMSIS/5.4.0/CMSIS/RTOS2/Source/os_systick.c **** }
 100:/usr/local/lib/ARM/CMSIS/5.4.0/CMSIS/RTOS2/Source/os_systick.c **** 
 101:/usr/local/lib/ARM/CMSIS/5.4.0/CMSIS/RTOS2/Source/os_systick.c **** // Acknowledge OS Tick IRQ.
 102:/usr/local/lib/ARM/CMSIS/5.4.0/CMSIS/RTOS2/Source/os_systick.c **** __WEAK void OS_Tick_AcknowledgeIRQ (void) {
 183              		.loc 1 102 0
 184              		.cfi_startproc
 185              		@ args = 0, pretend = 0, frame = 0
 186              		@ frame_needed = 0, uses_anonymous_args = 0
 187              		@ link register save eliminated.
 103:/usr/local/lib/ARM/CMSIS/5.4.0/CMSIS/RTOS2/Source/os_systick.c ****   (void)SysTick->CTRL;
ARM GAS  /tmp/ccxqiHnA.s 			page 6


 188              		.loc 1 103 0
 189 0000 014B     		ldr	r3, .L16
 190 0002 1B68     		ldr	r3, [r3]
 191 0004 7047     		bx	lr
 192              	.L17:
 193 0006 00BF     		.align	2
 194              	.L16:
 195 0008 10E000E0 		.word	-536813552
 196              		.cfi_endproc
 197              	.LFE133:
 199              		.section	.text.OS_Tick_GetIRQn,"ax",%progbits
 200              		.align	2
 201              		.weak	OS_Tick_GetIRQn
 202              		.thumb
 203              		.thumb_func
 205              	OS_Tick_GetIRQn:
 206              	.LFB134:
 104:/usr/local/lib/ARM/CMSIS/5.4.0/CMSIS/RTOS2/Source/os_systick.c **** }
 105:/usr/local/lib/ARM/CMSIS/5.4.0/CMSIS/RTOS2/Source/os_systick.c **** 
 106:/usr/local/lib/ARM/CMSIS/5.4.0/CMSIS/RTOS2/Source/os_systick.c **** // Get OS Tick IRQ number.
 107:/usr/local/lib/ARM/CMSIS/5.4.0/CMSIS/RTOS2/Source/os_systick.c **** __WEAK int32_t  OS_Tick_GetIRQn (void) {
 207              		.loc 1 107 0
 208              		.cfi_startproc
 209              		@ args = 0, pretend = 0, frame = 0
 210              		@ frame_needed = 0, uses_anonymous_args = 0
 211              		@ link register save eliminated.
 108:/usr/local/lib/ARM/CMSIS/5.4.0/CMSIS/RTOS2/Source/os_systick.c ****   return ((int32_t)SysTick_IRQn);
 109:/usr/local/lib/ARM/CMSIS/5.4.0/CMSIS/RTOS2/Source/os_systick.c **** }
 212              		.loc 1 109 0
 213 0000 4FF0FF30 		mov	r0, #-1
 214 0004 7047     		bx	lr
 215              		.cfi_endproc
 216              	.LFE134:
 218 0006 00BF     		.section	.text.OS_Tick_GetClock,"ax",%progbits
 219              		.align	2
 220              		.weak	OS_Tick_GetClock
 221              		.thumb
 222              		.thumb_func
 224              	OS_Tick_GetClock:
 225              	.LFB135:
 110:/usr/local/lib/ARM/CMSIS/5.4.0/CMSIS/RTOS2/Source/os_systick.c **** 
 111:/usr/local/lib/ARM/CMSIS/5.4.0/CMSIS/RTOS2/Source/os_systick.c **** // Get OS Tick clock.
 112:/usr/local/lib/ARM/CMSIS/5.4.0/CMSIS/RTOS2/Source/os_systick.c **** __WEAK uint32_t OS_Tick_GetClock (void) {
 226              		.loc 1 112 0
 227              		.cfi_startproc
 228              		@ args = 0, pretend = 0, frame = 0
 229              		@ frame_needed = 0, uses_anonymous_args = 0
 230              		@ link register save eliminated.
 113:/usr/local/lib/ARM/CMSIS/5.4.0/CMSIS/RTOS2/Source/os_systick.c ****   return (SystemCoreClock);
 114:/usr/local/lib/ARM/CMSIS/5.4.0/CMSIS/RTOS2/Source/os_systick.c **** }
 231              		.loc 1 114 0
 232 0000 014B     		ldr	r3, .L20
 233 0002 1868     		ldr	r0, [r3]
 234 0004 7047     		bx	lr
 235              	.L21:
 236 0006 00BF     		.align	2
 237              	.L20:
ARM GAS  /tmp/ccxqiHnA.s 			page 7


 238 0008 00000000 		.word	SystemCoreClock
 239              		.cfi_endproc
 240              	.LFE135:
 242              		.section	.text.OS_Tick_GetInterval,"ax",%progbits
 243              		.align	2
 244              		.weak	OS_Tick_GetInterval
 245              		.thumb
 246              		.thumb_func
 248              	OS_Tick_GetInterval:
 249              	.LFB136:
 115:/usr/local/lib/ARM/CMSIS/5.4.0/CMSIS/RTOS2/Source/os_systick.c **** 
 116:/usr/local/lib/ARM/CMSIS/5.4.0/CMSIS/RTOS2/Source/os_systick.c **** // Get OS Tick interval.
 117:/usr/local/lib/ARM/CMSIS/5.4.0/CMSIS/RTOS2/Source/os_systick.c **** __WEAK uint32_t OS_Tick_GetInterval (void) {
 250              		.loc 1 117 0
 251              		.cfi_startproc
 252              		@ args = 0, pretend = 0, frame = 0
 253              		@ frame_needed = 0, uses_anonymous_args = 0
 254              		@ link register save eliminated.
 118:/usr/local/lib/ARM/CMSIS/5.4.0/CMSIS/RTOS2/Source/os_systick.c ****   return (SysTick->LOAD + 1U);
 255              		.loc 1 118 0
 256 0000 014B     		ldr	r3, .L23
 257 0002 5868     		ldr	r0, [r3, #4]
 119:/usr/local/lib/ARM/CMSIS/5.4.0/CMSIS/RTOS2/Source/os_systick.c **** }
 258              		.loc 1 119 0
 259 0004 0130     		adds	r0, r0, #1
 260 0006 7047     		bx	lr
 261              	.L24:
 262              		.align	2
 263              	.L23:
 264 0008 10E000E0 		.word	-536813552
 265              		.cfi_endproc
 266              	.LFE136:
 268              		.section	.text.OS_Tick_GetCount,"ax",%progbits
 269              		.align	2
 270              		.weak	OS_Tick_GetCount
 271              		.thumb
 272              		.thumb_func
 274              	OS_Tick_GetCount:
 275              	.LFB137:
 120:/usr/local/lib/ARM/CMSIS/5.4.0/CMSIS/RTOS2/Source/os_systick.c **** 
 121:/usr/local/lib/ARM/CMSIS/5.4.0/CMSIS/RTOS2/Source/os_systick.c **** // Get OS Tick count value.
 122:/usr/local/lib/ARM/CMSIS/5.4.0/CMSIS/RTOS2/Source/os_systick.c **** __WEAK uint32_t OS_Tick_GetCount (void) {
 276              		.loc 1 122 0
 277              		.cfi_startproc
 278              		@ args = 0, pretend = 0, frame = 0
 279              		@ frame_needed = 0, uses_anonymous_args = 0
 280              		@ link register save eliminated.
 123:/usr/local/lib/ARM/CMSIS/5.4.0/CMSIS/RTOS2/Source/os_systick.c ****   uint32_t load = SysTick->LOAD;
 281              		.loc 1 123 0
 282 0000 024B     		ldr	r3, .L26
 283 0002 5868     		ldr	r0, [r3, #4]
 284              	.LVL10:
 124:/usr/local/lib/ARM/CMSIS/5.4.0/CMSIS/RTOS2/Source/os_systick.c ****   return  (load - SysTick->VAL);
 285              		.loc 1 124 0
 286 0004 9B68     		ldr	r3, [r3, #8]
 125:/usr/local/lib/ARM/CMSIS/5.4.0/CMSIS/RTOS2/Source/os_systick.c **** }
 287              		.loc 1 125 0
ARM GAS  /tmp/ccxqiHnA.s 			page 8


 288 0006 C01A     		subs	r0, r0, r3
 289              	.LVL11:
 290 0008 7047     		bx	lr
 291              	.L27:
 292 000a 00BF     		.align	2
 293              	.L26:
 294 000c 10E000E0 		.word	-536813552
 295              		.cfi_endproc
 296              	.LFE137:
 298              		.section	.text.OS_Tick_GetOverflow,"ax",%progbits
 299              		.align	2
 300              		.weak	OS_Tick_GetOverflow
 301              		.thumb
 302              		.thumb_func
 304              	OS_Tick_GetOverflow:
 305              	.LFB138:
 126:/usr/local/lib/ARM/CMSIS/5.4.0/CMSIS/RTOS2/Source/os_systick.c **** 
 127:/usr/local/lib/ARM/CMSIS/5.4.0/CMSIS/RTOS2/Source/os_systick.c **** // Get OS Tick overflow status.
 128:/usr/local/lib/ARM/CMSIS/5.4.0/CMSIS/RTOS2/Source/os_systick.c **** __WEAK uint32_t OS_Tick_GetOverflow (void) {
 306              		.loc 1 128 0
 307              		.cfi_startproc
 308              		@ args = 0, pretend = 0, frame = 0
 309              		@ frame_needed = 0, uses_anonymous_args = 0
 310              		@ link register save eliminated.
 129:/usr/local/lib/ARM/CMSIS/5.4.0/CMSIS/RTOS2/Source/os_systick.c ****   return ((SysTick->CTRL >> 16) & 1U);
 311              		.loc 1 129 0
 312 0000 024B     		ldr	r3, .L29
 313 0002 1868     		ldr	r0, [r3]
 130:/usr/local/lib/ARM/CMSIS/5.4.0/CMSIS/RTOS2/Source/os_systick.c **** }
 314              		.loc 1 130 0
 315 0004 C0F30040 		ubfx	r0, r0, #16, #1
 316 0008 7047     		bx	lr
 317              	.L30:
 318 000a 00BF     		.align	2
 319              	.L29:
 320 000c 10E000E0 		.word	-536813552
 321              		.cfi_endproc
 322              	.LFE138:
 324              		.section	.bss.PendST,"aw",%nobits
 325              		.set	.LANCHOR0,. + 0
 328              	PendST:
 329 0000 00       		.space	1
 330              		.text
 331              	.Letext0:
 332              		.file 2 "/usr/include/newlib/machine/_default_types.h"
 333              		.file 3 "/usr/include/newlib/sys/_stdint.h"
 334              		.file 4 "/usr/local/lib/ARM/CMSIS/5.4.0/CMSIS/RTOS2/Include/os_tick.h"
 335              		.file 5 "/usr/local/lib/ARM/CMSIS/5.4.0/CMSIS/Core/Include/core_cm4.h"
 336              		.file 6 "Drivers/CMSIS/Device/ST/STM32F4xx/Include/system_stm32f4xx.h"
 337              		.file 7 "Drivers/CMSIS/Device/ST/STM32F4xx/Include/stm32f401xc.h"
ARM GAS  /tmp/ccxqiHnA.s 			page 9


DEFINED SYMBOLS
                            *ABS*:0000000000000000 os_systick.c
     /tmp/ccxqiHnA.s:22     .text.OS_Tick_Setup:0000000000000000 $t
     /tmp/ccxqiHnA.s:27     .text.OS_Tick_Setup:0000000000000000 OS_Tick_Setup
     /tmp/ccxqiHnA.s:86     .text.OS_Tick_Setup:000000000000003c $d
     /tmp/ccxqiHnA.s:93     .text.OS_Tick_Enable:0000000000000000 $t
     /tmp/ccxqiHnA.s:98     .text.OS_Tick_Enable:0000000000000000 OS_Tick_Enable
     /tmp/ccxqiHnA.s:127    .text.OS_Tick_Enable:0000000000000020 $d
     /tmp/ccxqiHnA.s:134    .text.OS_Tick_Disable:0000000000000000 $t
     /tmp/ccxqiHnA.s:139    .text.OS_Tick_Disable:0000000000000000 OS_Tick_Disable
     /tmp/ccxqiHnA.s:169    .text.OS_Tick_Disable:0000000000000024 $d
     /tmp/ccxqiHnA.s:176    .text.OS_Tick_AcknowledgeIRQ:0000000000000000 $t
     /tmp/ccxqiHnA.s:181    .text.OS_Tick_AcknowledgeIRQ:0000000000000000 OS_Tick_AcknowledgeIRQ
     /tmp/ccxqiHnA.s:195    .text.OS_Tick_AcknowledgeIRQ:0000000000000008 $d
     /tmp/ccxqiHnA.s:200    .text.OS_Tick_GetIRQn:0000000000000000 $t
     /tmp/ccxqiHnA.s:205    .text.OS_Tick_GetIRQn:0000000000000000 OS_Tick_GetIRQn
     /tmp/ccxqiHnA.s:219    .text.OS_Tick_GetClock:0000000000000000 $t
     /tmp/ccxqiHnA.s:224    .text.OS_Tick_GetClock:0000000000000000 OS_Tick_GetClock
     /tmp/ccxqiHnA.s:238    .text.OS_Tick_GetClock:0000000000000008 $d
     /tmp/ccxqiHnA.s:243    .text.OS_Tick_GetInterval:0000000000000000 $t
     /tmp/ccxqiHnA.s:248    .text.OS_Tick_GetInterval:0000000000000000 OS_Tick_GetInterval
     /tmp/ccxqiHnA.s:264    .text.OS_Tick_GetInterval:0000000000000008 $d
     /tmp/ccxqiHnA.s:269    .text.OS_Tick_GetCount:0000000000000000 $t
     /tmp/ccxqiHnA.s:274    .text.OS_Tick_GetCount:0000000000000000 OS_Tick_GetCount
     /tmp/ccxqiHnA.s:294    .text.OS_Tick_GetCount:000000000000000c $d
     /tmp/ccxqiHnA.s:299    .text.OS_Tick_GetOverflow:0000000000000000 $t
     /tmp/ccxqiHnA.s:304    .text.OS_Tick_GetOverflow:0000000000000000 OS_Tick_GetOverflow
     /tmp/ccxqiHnA.s:320    .text.OS_Tick_GetOverflow:000000000000000c $d
     /tmp/ccxqiHnA.s:328    .bss.PendST:0000000000000000 PendST
     /tmp/ccxqiHnA.s:329    .bss.PendST:0000000000000000 $d
                     .debug_frame:0000000000000010 $d

UNDEFINED SYMBOLS
SystemCoreClock
