ARM GAS  /tmp/ccPLI5pe.s 			page 1


   1              		.syntax unified
   2              		.cpu cortex-m4
   3              		.eabi_attribute 27, 1
   4              		.eabi_attribute 28, 1
   5              		.fpu fpv4-sp-d16
   6              		.eabi_attribute 20, 1
   7              		.eabi_attribute 21, 1
   8              		.eabi_attribute 23, 3
   9              		.eabi_attribute 24, 1
  10              		.eabi_attribute 25, 1
  11              		.eabi_attribute 26, 1
  12              		.eabi_attribute 30, 1
  13              		.eabi_attribute 34, 1
  14              		.eabi_attribute 18, 4
  15              		.thumb
  16              		.syntax unified
  17              		.file	"RTX_Config.c"
  18              		.text
  19              	.Ltext0:
  20              		.cfi_sections	.debug_frame
  21              		.section	.text.osRtxIdleThread,"ax",%progbits
  22              		.align	2
  23              		.weak	osRtxIdleThread
  24              		.thumb
  25              		.thumb_func
  27              	osRtxIdleThread:
  28              	.LFB102:
  29              		.file 1 "MDK-ARM/RTE/CMSIS/RTX_Config.c"
   1:MDK-ARM/RTE/CMSIS/RTX_Config.c **** /*
   2:MDK-ARM/RTE/CMSIS/RTX_Config.c ****  * Copyright (c) 2013-2018 Arm Limited. All rights reserved.
   3:MDK-ARM/RTE/CMSIS/RTX_Config.c ****  *
   4:MDK-ARM/RTE/CMSIS/RTX_Config.c ****  * SPDX-License-Identifier: Apache-2.0
   5:MDK-ARM/RTE/CMSIS/RTX_Config.c ****  *
   6:MDK-ARM/RTE/CMSIS/RTX_Config.c ****  * Licensed under the Apache License, Version 2.0 (the License); you may
   7:MDK-ARM/RTE/CMSIS/RTX_Config.c ****  * not use this file except in compliance with the License.
   8:MDK-ARM/RTE/CMSIS/RTX_Config.c ****  * You may obtain a copy of the License at
   9:MDK-ARM/RTE/CMSIS/RTX_Config.c ****  *
  10:MDK-ARM/RTE/CMSIS/RTX_Config.c ****  * www.apache.org/licenses/LICENSE-2.0
  11:MDK-ARM/RTE/CMSIS/RTX_Config.c ****  *
  12:MDK-ARM/RTE/CMSIS/RTX_Config.c ****  * Unless required by applicable law or agreed to in writing, software
  13:MDK-ARM/RTE/CMSIS/RTX_Config.c ****  * distributed under the License is distributed on an AS IS BASIS, WITHOUT
  14:MDK-ARM/RTE/CMSIS/RTX_Config.c ****  * WARRANTIES OR CONDITIONS OF ANY KIND, either express or implied.
  15:MDK-ARM/RTE/CMSIS/RTX_Config.c ****  * See the License for the specific language governing permissions and
  16:MDK-ARM/RTE/CMSIS/RTX_Config.c ****  * limitations under the License.
  17:MDK-ARM/RTE/CMSIS/RTX_Config.c ****  *
  18:MDK-ARM/RTE/CMSIS/RTX_Config.c ****  * -----------------------------------------------------------------------------
  19:MDK-ARM/RTE/CMSIS/RTX_Config.c ****  *
  20:MDK-ARM/RTE/CMSIS/RTX_Config.c ****  * $Revision:   V5.1.0
  21:MDK-ARM/RTE/CMSIS/RTX_Config.c ****  *
  22:MDK-ARM/RTE/CMSIS/RTX_Config.c ****  * Project:     CMSIS-RTOS RTX
  23:MDK-ARM/RTE/CMSIS/RTX_Config.c ****  * Title:       RTX Configuration
  24:MDK-ARM/RTE/CMSIS/RTX_Config.c ****  *
  25:MDK-ARM/RTE/CMSIS/RTX_Config.c ****  * -----------------------------------------------------------------------------
  26:MDK-ARM/RTE/CMSIS/RTX_Config.c ****  */
  27:MDK-ARM/RTE/CMSIS/RTX_Config.c ****  
  28:MDK-ARM/RTE/CMSIS/RTX_Config.c **** #include "cmsis_compiler.h"
  29:MDK-ARM/RTE/CMSIS/RTX_Config.c **** #include "rtx_os.h"
ARM GAS  /tmp/ccPLI5pe.s 			page 2


  30:MDK-ARM/RTE/CMSIS/RTX_Config.c ****  
  31:MDK-ARM/RTE/CMSIS/RTX_Config.c **** // OS Idle Thread
  32:MDK-ARM/RTE/CMSIS/RTX_Config.c **** __WEAK __NO_RETURN void osRtxIdleThread (void *argument) {
  30              		.loc 1 32 0
  31              		.cfi_startproc
  32              		@ Volatile: function does not return.
  33              		@ args = 0, pretend = 0, frame = 0
  34              		@ frame_needed = 0, uses_anonymous_args = 0
  35              		@ link register save eliminated.
  36              	.LVL0:
  37              	.L2:
  38 0000 FEE7     		b	.L2
  39              		.cfi_endproc
  40              	.LFE102:
  42 0002 00BF     		.section	.text.osRtxErrorNotify,"ax",%progbits
  43              		.align	2
  44              		.weak	osRtxErrorNotify
  45              		.thumb
  46              		.thumb_func
  48              	osRtxErrorNotify:
  49              	.LFB103:
  33:MDK-ARM/RTE/CMSIS/RTX_Config.c ****   (void)argument;
  34:MDK-ARM/RTE/CMSIS/RTX_Config.c **** 
  35:MDK-ARM/RTE/CMSIS/RTX_Config.c ****   for (;;) {}
  36:MDK-ARM/RTE/CMSIS/RTX_Config.c **** }
  37:MDK-ARM/RTE/CMSIS/RTX_Config.c ****  
  38:MDK-ARM/RTE/CMSIS/RTX_Config.c **** // OS Error Callback function
  39:MDK-ARM/RTE/CMSIS/RTX_Config.c **** __WEAK uint32_t osRtxErrorNotify (uint32_t code, void *object_id) {
  50              		.loc 1 39 0
  51              		.cfi_startproc
  52              		@ args = 0, pretend = 0, frame = 0
  53              		@ frame_needed = 0, uses_anonymous_args = 0
  54              		@ link register save eliminated.
  55              	.LVL1:
  56              	.L4:
  57 0000 FEE7     		b	.L4
  58              		.cfi_endproc
  59              	.LFE103:
  61 0002 00BF     		.text
  62              	.Letext0:
  63              		.file 2 "/usr/include/newlib/machine/_default_types.h"
  64              		.file 3 "/usr/include/newlib/sys/_stdint.h"
ARM GAS  /tmp/ccPLI5pe.s 			page 3


DEFINED SYMBOLS
                            *ABS*:0000000000000000 RTX_Config.c
     /tmp/ccPLI5pe.s:22     .text.osRtxIdleThread:0000000000000000 $t
     /tmp/ccPLI5pe.s:27     .text.osRtxIdleThread:0000000000000000 osRtxIdleThread
     /tmp/ccPLI5pe.s:43     .text.osRtxErrorNotify:0000000000000000 $t
     /tmp/ccPLI5pe.s:48     .text.osRtxErrorNotify:0000000000000000 osRtxErrorNotify
                     .debug_frame:0000000000000010 $d

NO UNDEFINED SYMBOLS
