ARM GAS  /tmp/ccLnVkjT.s 			page 1


   1              		.syntax unified
   2              		.cpu cortex-m4
   3              		.eabi_attribute 27, 1
   4              		.eabi_attribute 28, 1
   5              		.fpu fpv4-sp-d16
   6              		.eabi_attribute 20, 1
   7              		.eabi_attribute 21, 1
   8              		.eabi_attribute 23, 3
   9              		.eabi_attribute 24, 1
  10              		.eabi_attribute 25, 1
  11              		.eabi_attribute 26, 1
  12              		.eabi_attribute 30, 1
  13              		.eabi_attribute 34, 1
  14              		.eabi_attribute 18, 4
  15              		.thumb
  16              		.syntax unified
  17              		.file	"stm32f4xx_hal.c"
  18              		.text
  19              	.Ltext0:
  20              		.cfi_sections	.debug_frame
  21              		.section	.text.HAL_MspInit,"ax",%progbits
  22              		.align	2
  23              		.weak	HAL_MspInit
  24              		.thumb
  25              		.thumb_func
  27              	HAL_MspInit:
  28              	.LFB132:
  29              		.file 1 "Drivers/STM32F4xx_HAL_Driver/Src/stm32f4xx_hal.c"
   1:Drivers/STM32F4xx_HAL_Driver/Src/stm32f4xx_hal.c **** /**
   2:Drivers/STM32F4xx_HAL_Driver/Src/stm32f4xx_hal.c ****   ******************************************************************************
   3:Drivers/STM32F4xx_HAL_Driver/Src/stm32f4xx_hal.c ****   * @file    stm32f4xx_hal.c
   4:Drivers/STM32F4xx_HAL_Driver/Src/stm32f4xx_hal.c ****   * @author  MCD Application Team
   5:Drivers/STM32F4xx_HAL_Driver/Src/stm32f4xx_hal.c ****   * @brief   HAL module driver.
   6:Drivers/STM32F4xx_HAL_Driver/Src/stm32f4xx_hal.c ****   *          This is the common part of the HAL initialization
   7:Drivers/STM32F4xx_HAL_Driver/Src/stm32f4xx_hal.c ****   *
   8:Drivers/STM32F4xx_HAL_Driver/Src/stm32f4xx_hal.c ****   @verbatim
   9:Drivers/STM32F4xx_HAL_Driver/Src/stm32f4xx_hal.c ****   ==============================================================================
  10:Drivers/STM32F4xx_HAL_Driver/Src/stm32f4xx_hal.c ****                      ##### How to use this driver #####
  11:Drivers/STM32F4xx_HAL_Driver/Src/stm32f4xx_hal.c ****   ==============================================================================
  12:Drivers/STM32F4xx_HAL_Driver/Src/stm32f4xx_hal.c ****     [..]
  13:Drivers/STM32F4xx_HAL_Driver/Src/stm32f4xx_hal.c ****     The common HAL driver contains a set of generic and common APIs that can be
  14:Drivers/STM32F4xx_HAL_Driver/Src/stm32f4xx_hal.c ****     used by the PPP peripheral drivers and the user to start using the HAL. 
  15:Drivers/STM32F4xx_HAL_Driver/Src/stm32f4xx_hal.c ****     [..]
  16:Drivers/STM32F4xx_HAL_Driver/Src/stm32f4xx_hal.c ****     The HAL contains two APIs' categories: 
  17:Drivers/STM32F4xx_HAL_Driver/Src/stm32f4xx_hal.c ****          (+) Common HAL APIs
  18:Drivers/STM32F4xx_HAL_Driver/Src/stm32f4xx_hal.c ****          (+) Services HAL APIs
  19:Drivers/STM32F4xx_HAL_Driver/Src/stm32f4xx_hal.c **** 
  20:Drivers/STM32F4xx_HAL_Driver/Src/stm32f4xx_hal.c ****   @endverbatim
  21:Drivers/STM32F4xx_HAL_Driver/Src/stm32f4xx_hal.c ****   ******************************************************************************
  22:Drivers/STM32F4xx_HAL_Driver/Src/stm32f4xx_hal.c ****   * @attention
  23:Drivers/STM32F4xx_HAL_Driver/Src/stm32f4xx_hal.c ****   *
  24:Drivers/STM32F4xx_HAL_Driver/Src/stm32f4xx_hal.c ****   * <h2><center>&copy; Copyright (c) 2017 STMicroelectronics.
  25:Drivers/STM32F4xx_HAL_Driver/Src/stm32f4xx_hal.c ****   * All rights reserved.</center></h2>
  26:Drivers/STM32F4xx_HAL_Driver/Src/stm32f4xx_hal.c ****   *
  27:Drivers/STM32F4xx_HAL_Driver/Src/stm32f4xx_hal.c ****   * This software component is licensed by ST under BSD 3-Clause license,
  28:Drivers/STM32F4xx_HAL_Driver/Src/stm32f4xx_hal.c ****   * the "License"; You may not use this file except in compliance with the
  29:Drivers/STM32F4xx_HAL_Driver/Src/stm32f4xx_hal.c ****   * License. You may obtain a copy of the License at:
ARM GAS  /tmp/ccLnVkjT.s 			page 2


  30:Drivers/STM32F4xx_HAL_Driver/Src/stm32f4xx_hal.c ****   *                        opensource.org/licenses/BSD-3-Clause
  31:Drivers/STM32F4xx_HAL_Driver/Src/stm32f4xx_hal.c ****   *
  32:Drivers/STM32F4xx_HAL_Driver/Src/stm32f4xx_hal.c ****   ******************************************************************************
  33:Drivers/STM32F4xx_HAL_Driver/Src/stm32f4xx_hal.c ****   */ 
  34:Drivers/STM32F4xx_HAL_Driver/Src/stm32f4xx_hal.c **** 
  35:Drivers/STM32F4xx_HAL_Driver/Src/stm32f4xx_hal.c **** /* Includes ------------------------------------------------------------------*/
  36:Drivers/STM32F4xx_HAL_Driver/Src/stm32f4xx_hal.c **** #include "stm32f4xx_hal.h"
  37:Drivers/STM32F4xx_HAL_Driver/Src/stm32f4xx_hal.c **** 
  38:Drivers/STM32F4xx_HAL_Driver/Src/stm32f4xx_hal.c **** /** @addtogroup STM32F4xx_HAL_Driver
  39:Drivers/STM32F4xx_HAL_Driver/Src/stm32f4xx_hal.c ****   * @{
  40:Drivers/STM32F4xx_HAL_Driver/Src/stm32f4xx_hal.c ****   */
  41:Drivers/STM32F4xx_HAL_Driver/Src/stm32f4xx_hal.c **** 
  42:Drivers/STM32F4xx_HAL_Driver/Src/stm32f4xx_hal.c **** /** @defgroup HAL HAL
  43:Drivers/STM32F4xx_HAL_Driver/Src/stm32f4xx_hal.c ****   * @brief HAL module driver.
  44:Drivers/STM32F4xx_HAL_Driver/Src/stm32f4xx_hal.c ****   * @{
  45:Drivers/STM32F4xx_HAL_Driver/Src/stm32f4xx_hal.c ****   */
  46:Drivers/STM32F4xx_HAL_Driver/Src/stm32f4xx_hal.c **** 
  47:Drivers/STM32F4xx_HAL_Driver/Src/stm32f4xx_hal.c **** /* Private typedef -----------------------------------------------------------*/
  48:Drivers/STM32F4xx_HAL_Driver/Src/stm32f4xx_hal.c **** /* Private define ------------------------------------------------------------*/
  49:Drivers/STM32F4xx_HAL_Driver/Src/stm32f4xx_hal.c **** /** @addtogroup HAL_Private_Constants
  50:Drivers/STM32F4xx_HAL_Driver/Src/stm32f4xx_hal.c ****   * @{
  51:Drivers/STM32F4xx_HAL_Driver/Src/stm32f4xx_hal.c ****   */
  52:Drivers/STM32F4xx_HAL_Driver/Src/stm32f4xx_hal.c **** /**
  53:Drivers/STM32F4xx_HAL_Driver/Src/stm32f4xx_hal.c ****   * @brief STM32F4xx HAL Driver version number V1.7.6
  54:Drivers/STM32F4xx_HAL_Driver/Src/stm32f4xx_hal.c ****   */
  55:Drivers/STM32F4xx_HAL_Driver/Src/stm32f4xx_hal.c **** #define __STM32F4xx_HAL_VERSION_MAIN   (0x01U) /*!< [31:24] main version */
  56:Drivers/STM32F4xx_HAL_Driver/Src/stm32f4xx_hal.c **** #define __STM32F4xx_HAL_VERSION_SUB1   (0x07U) /*!< [23:16] sub1 version */
  57:Drivers/STM32F4xx_HAL_Driver/Src/stm32f4xx_hal.c **** #define __STM32F4xx_HAL_VERSION_SUB2   (0x06U) /*!< [15:8]  sub2 version */
  58:Drivers/STM32F4xx_HAL_Driver/Src/stm32f4xx_hal.c **** #define __STM32F4xx_HAL_VERSION_RC     (0x00U) /*!< [7:0]  release candidate */ 
  59:Drivers/STM32F4xx_HAL_Driver/Src/stm32f4xx_hal.c **** #define __STM32F4xx_HAL_VERSION         ((__STM32F4xx_HAL_VERSION_MAIN << 24U)\
  60:Drivers/STM32F4xx_HAL_Driver/Src/stm32f4xx_hal.c ****                                         |(__STM32F4xx_HAL_VERSION_SUB1 << 16U)\
  61:Drivers/STM32F4xx_HAL_Driver/Src/stm32f4xx_hal.c ****                                         |(__STM32F4xx_HAL_VERSION_SUB2 << 8U )\
  62:Drivers/STM32F4xx_HAL_Driver/Src/stm32f4xx_hal.c ****                                         |(__STM32F4xx_HAL_VERSION_RC))
  63:Drivers/STM32F4xx_HAL_Driver/Src/stm32f4xx_hal.c ****                                         
  64:Drivers/STM32F4xx_HAL_Driver/Src/stm32f4xx_hal.c **** #define IDCODE_DEVID_MASK    0x00000FFFU
  65:Drivers/STM32F4xx_HAL_Driver/Src/stm32f4xx_hal.c **** 
  66:Drivers/STM32F4xx_HAL_Driver/Src/stm32f4xx_hal.c **** /* ------------ RCC registers bit address in the alias region ----------- */
  67:Drivers/STM32F4xx_HAL_Driver/Src/stm32f4xx_hal.c **** #define SYSCFG_OFFSET             (SYSCFG_BASE - PERIPH_BASE)
  68:Drivers/STM32F4xx_HAL_Driver/Src/stm32f4xx_hal.c **** /* ---  MEMRMP Register ---*/ 
  69:Drivers/STM32F4xx_HAL_Driver/Src/stm32f4xx_hal.c **** /* Alias word address of UFB_MODE bit */ 
  70:Drivers/STM32F4xx_HAL_Driver/Src/stm32f4xx_hal.c **** #define MEMRMP_OFFSET             SYSCFG_OFFSET 
  71:Drivers/STM32F4xx_HAL_Driver/Src/stm32f4xx_hal.c **** #define UFB_MODE_BIT_NUMBER       SYSCFG_MEMRMP_UFB_MODE_Pos
  72:Drivers/STM32F4xx_HAL_Driver/Src/stm32f4xx_hal.c **** #define UFB_MODE_BB               (uint32_t)(PERIPH_BB_BASE + (MEMRMP_OFFSET * 32U) + (UFB_MODE_BIT
  73:Drivers/STM32F4xx_HAL_Driver/Src/stm32f4xx_hal.c **** 
  74:Drivers/STM32F4xx_HAL_Driver/Src/stm32f4xx_hal.c **** /* ---  CMPCR Register ---*/ 
  75:Drivers/STM32F4xx_HAL_Driver/Src/stm32f4xx_hal.c **** /* Alias word address of CMP_PD bit */ 
  76:Drivers/STM32F4xx_HAL_Driver/Src/stm32f4xx_hal.c **** #define CMPCR_OFFSET              (SYSCFG_OFFSET + 0x20U) 
  77:Drivers/STM32F4xx_HAL_Driver/Src/stm32f4xx_hal.c **** #define CMP_PD_BIT_NUMBER         SYSCFG_CMPCR_CMP_PD_Pos
  78:Drivers/STM32F4xx_HAL_Driver/Src/stm32f4xx_hal.c **** #define CMPCR_CMP_PD_BB           (uint32_t)(PERIPH_BB_BASE + (CMPCR_OFFSET * 32U) + (CMP_PD_BIT_NU
  79:Drivers/STM32F4xx_HAL_Driver/Src/stm32f4xx_hal.c **** 
  80:Drivers/STM32F4xx_HAL_Driver/Src/stm32f4xx_hal.c **** /* ---  MCHDLYCR Register ---*/ 
  81:Drivers/STM32F4xx_HAL_Driver/Src/stm32f4xx_hal.c **** /* Alias word address of BSCKSEL bit */ 
  82:Drivers/STM32F4xx_HAL_Driver/Src/stm32f4xx_hal.c **** #define MCHDLYCR_OFFSET            (SYSCFG_OFFSET + 0x30U) 
  83:Drivers/STM32F4xx_HAL_Driver/Src/stm32f4xx_hal.c **** #define BSCKSEL_BIT_NUMBER         SYSCFG_MCHDLYCR_BSCKSEL_Pos
  84:Drivers/STM32F4xx_HAL_Driver/Src/stm32f4xx_hal.c **** #define MCHDLYCR_BSCKSEL_BB        (uint32_t)(PERIPH_BB_BASE + (MCHDLYCR_OFFSET * 32U) + (BSCKSEL_B
  85:Drivers/STM32F4xx_HAL_Driver/Src/stm32f4xx_hal.c **** /**
  86:Drivers/STM32F4xx_HAL_Driver/Src/stm32f4xx_hal.c ****   * @}
ARM GAS  /tmp/ccLnVkjT.s 			page 3


  87:Drivers/STM32F4xx_HAL_Driver/Src/stm32f4xx_hal.c ****   */
  88:Drivers/STM32F4xx_HAL_Driver/Src/stm32f4xx_hal.c **** 
  89:Drivers/STM32F4xx_HAL_Driver/Src/stm32f4xx_hal.c **** /* Private macro -------------------------------------------------------------*/
  90:Drivers/STM32F4xx_HAL_Driver/Src/stm32f4xx_hal.c **** /* Private variables ---------------------------------------------------------*/
  91:Drivers/STM32F4xx_HAL_Driver/Src/stm32f4xx_hal.c **** /** @addtogroup HAL_Private_Variables
  92:Drivers/STM32F4xx_HAL_Driver/Src/stm32f4xx_hal.c ****   * @{
  93:Drivers/STM32F4xx_HAL_Driver/Src/stm32f4xx_hal.c ****   */
  94:Drivers/STM32F4xx_HAL_Driver/Src/stm32f4xx_hal.c **** __IO uint32_t uwTick;
  95:Drivers/STM32F4xx_HAL_Driver/Src/stm32f4xx_hal.c **** uint32_t uwTickPrio   = (1UL << __NVIC_PRIO_BITS); /* Invalid PRIO */
  96:Drivers/STM32F4xx_HAL_Driver/Src/stm32f4xx_hal.c **** HAL_TickFreqTypeDef uwTickFreq = HAL_TICK_FREQ_DEFAULT;  /* 1KHz */
  97:Drivers/STM32F4xx_HAL_Driver/Src/stm32f4xx_hal.c **** /**
  98:Drivers/STM32F4xx_HAL_Driver/Src/stm32f4xx_hal.c ****   * @}
  99:Drivers/STM32F4xx_HAL_Driver/Src/stm32f4xx_hal.c ****   */
 100:Drivers/STM32F4xx_HAL_Driver/Src/stm32f4xx_hal.c **** /* Private function prototypes -----------------------------------------------*/
 101:Drivers/STM32F4xx_HAL_Driver/Src/stm32f4xx_hal.c **** /* Private functions ---------------------------------------------------------*/
 102:Drivers/STM32F4xx_HAL_Driver/Src/stm32f4xx_hal.c **** 
 103:Drivers/STM32F4xx_HAL_Driver/Src/stm32f4xx_hal.c **** /** @defgroup HAL_Exported_Functions HAL Exported Functions
 104:Drivers/STM32F4xx_HAL_Driver/Src/stm32f4xx_hal.c ****   * @{
 105:Drivers/STM32F4xx_HAL_Driver/Src/stm32f4xx_hal.c ****   */
 106:Drivers/STM32F4xx_HAL_Driver/Src/stm32f4xx_hal.c **** 
 107:Drivers/STM32F4xx_HAL_Driver/Src/stm32f4xx_hal.c **** /** @defgroup HAL_Exported_Functions_Group1 Initialization and de-initialization Functions 
 108:Drivers/STM32F4xx_HAL_Driver/Src/stm32f4xx_hal.c ****  *  @brief    Initialization and de-initialization functions
 109:Drivers/STM32F4xx_HAL_Driver/Src/stm32f4xx_hal.c ****  *
 110:Drivers/STM32F4xx_HAL_Driver/Src/stm32f4xx_hal.c **** @verbatim    
 111:Drivers/STM32F4xx_HAL_Driver/Src/stm32f4xx_hal.c ****  ===============================================================================
 112:Drivers/STM32F4xx_HAL_Driver/Src/stm32f4xx_hal.c ****               ##### Initialization and Configuration functions #####
 113:Drivers/STM32F4xx_HAL_Driver/Src/stm32f4xx_hal.c ****  ===============================================================================
 114:Drivers/STM32F4xx_HAL_Driver/Src/stm32f4xx_hal.c ****     [..]  This section provides functions allowing to:
 115:Drivers/STM32F4xx_HAL_Driver/Src/stm32f4xx_hal.c ****       (+) Initializes the Flash interface the NVIC allocation and initial clock 
 116:Drivers/STM32F4xx_HAL_Driver/Src/stm32f4xx_hal.c ****           configuration. It initializes the systick also when timeout is needed 
 117:Drivers/STM32F4xx_HAL_Driver/Src/stm32f4xx_hal.c ****           and the backup domain when enabled.
 118:Drivers/STM32F4xx_HAL_Driver/Src/stm32f4xx_hal.c ****       (+) De-Initializes common part of the HAL.
 119:Drivers/STM32F4xx_HAL_Driver/Src/stm32f4xx_hal.c ****       (+) Configure the time base source to have 1ms time base with a dedicated 
 120:Drivers/STM32F4xx_HAL_Driver/Src/stm32f4xx_hal.c ****           Tick interrupt priority. 
 121:Drivers/STM32F4xx_HAL_Driver/Src/stm32f4xx_hal.c ****         (++) SysTick timer is used by default as source of time base, but user
 122:Drivers/STM32F4xx_HAL_Driver/Src/stm32f4xx_hal.c ****              can eventually implement his proper time base source (a general purpose 
 123:Drivers/STM32F4xx_HAL_Driver/Src/stm32f4xx_hal.c ****              timer for example or other time source), keeping in mind that Time base 
 124:Drivers/STM32F4xx_HAL_Driver/Src/stm32f4xx_hal.c ****              duration should be kept 1ms since PPP_TIMEOUT_VALUEs are defined and 
 125:Drivers/STM32F4xx_HAL_Driver/Src/stm32f4xx_hal.c ****              handled in milliseconds basis.
 126:Drivers/STM32F4xx_HAL_Driver/Src/stm32f4xx_hal.c ****         (++) Time base configuration function (HAL_InitTick ()) is called automatically 
 127:Drivers/STM32F4xx_HAL_Driver/Src/stm32f4xx_hal.c ****              at the beginning of the program after reset by HAL_Init() or at any time 
 128:Drivers/STM32F4xx_HAL_Driver/Src/stm32f4xx_hal.c ****              when clock is configured, by HAL_RCC_ClockConfig(). 
 129:Drivers/STM32F4xx_HAL_Driver/Src/stm32f4xx_hal.c ****         (++) Source of time base is configured  to generate interrupts at regular 
 130:Drivers/STM32F4xx_HAL_Driver/Src/stm32f4xx_hal.c ****              time intervals. Care must be taken if HAL_Delay() is called from a 
 131:Drivers/STM32F4xx_HAL_Driver/Src/stm32f4xx_hal.c ****              peripheral ISR process, the Tick interrupt line must have higher priority 
 132:Drivers/STM32F4xx_HAL_Driver/Src/stm32f4xx_hal.c ****             (numerically lower) than the peripheral interrupt. Otherwise the caller 
 133:Drivers/STM32F4xx_HAL_Driver/Src/stm32f4xx_hal.c ****             ISR process will be blocked. 
 134:Drivers/STM32F4xx_HAL_Driver/Src/stm32f4xx_hal.c ****        (++) functions affecting time base configurations are declared as __weak  
 135:Drivers/STM32F4xx_HAL_Driver/Src/stm32f4xx_hal.c ****              to make  override possible  in case of other  implementations in user file.
 136:Drivers/STM32F4xx_HAL_Driver/Src/stm32f4xx_hal.c **** @endverbatim
 137:Drivers/STM32F4xx_HAL_Driver/Src/stm32f4xx_hal.c ****   * @{
 138:Drivers/STM32F4xx_HAL_Driver/Src/stm32f4xx_hal.c ****   */
 139:Drivers/STM32F4xx_HAL_Driver/Src/stm32f4xx_hal.c **** 
 140:Drivers/STM32F4xx_HAL_Driver/Src/stm32f4xx_hal.c **** /**
 141:Drivers/STM32F4xx_HAL_Driver/Src/stm32f4xx_hal.c ****   * @brief  This function is used to initialize the HAL Library; it must be the first 
 142:Drivers/STM32F4xx_HAL_Driver/Src/stm32f4xx_hal.c ****   *         instruction to be executed in the main program (before to call any other
 143:Drivers/STM32F4xx_HAL_Driver/Src/stm32f4xx_hal.c ****   *         HAL function), it performs the following:
ARM GAS  /tmp/ccLnVkjT.s 			page 4


 144:Drivers/STM32F4xx_HAL_Driver/Src/stm32f4xx_hal.c ****   *           Configure the Flash prefetch, instruction and Data caches.
 145:Drivers/STM32F4xx_HAL_Driver/Src/stm32f4xx_hal.c ****   *           Configures the SysTick to generate an interrupt each 1 millisecond,
 146:Drivers/STM32F4xx_HAL_Driver/Src/stm32f4xx_hal.c ****   *           which is clocked by the HSI (at this stage, the clock is not yet
 147:Drivers/STM32F4xx_HAL_Driver/Src/stm32f4xx_hal.c ****   *           configured and thus the system is running from the internal HSI at 16 MHz).
 148:Drivers/STM32F4xx_HAL_Driver/Src/stm32f4xx_hal.c ****   *           Set NVIC Group Priority to 4.
 149:Drivers/STM32F4xx_HAL_Driver/Src/stm32f4xx_hal.c ****   *           Calls the HAL_MspInit() callback function defined in user file 
 150:Drivers/STM32F4xx_HAL_Driver/Src/stm32f4xx_hal.c ****   *           "stm32f4xx_hal_msp.c" to do the global low level hardware initialization 
 151:Drivers/STM32F4xx_HAL_Driver/Src/stm32f4xx_hal.c ****   *            
 152:Drivers/STM32F4xx_HAL_Driver/Src/stm32f4xx_hal.c ****   * @note   SysTick is used as time base for the HAL_Delay() function, the application
 153:Drivers/STM32F4xx_HAL_Driver/Src/stm32f4xx_hal.c ****   *         need to ensure that the SysTick time base is always set to 1 millisecond
 154:Drivers/STM32F4xx_HAL_Driver/Src/stm32f4xx_hal.c ****   *         to have correct HAL operation.
 155:Drivers/STM32F4xx_HAL_Driver/Src/stm32f4xx_hal.c ****   * @retval HAL status
 156:Drivers/STM32F4xx_HAL_Driver/Src/stm32f4xx_hal.c ****   */
 157:Drivers/STM32F4xx_HAL_Driver/Src/stm32f4xx_hal.c **** HAL_StatusTypeDef HAL_Init(void)
 158:Drivers/STM32F4xx_HAL_Driver/Src/stm32f4xx_hal.c **** {
 159:Drivers/STM32F4xx_HAL_Driver/Src/stm32f4xx_hal.c ****   /* Configure Flash prefetch, Instruction cache, Data cache */ 
 160:Drivers/STM32F4xx_HAL_Driver/Src/stm32f4xx_hal.c **** #if (INSTRUCTION_CACHE_ENABLE != 0U)
 161:Drivers/STM32F4xx_HAL_Driver/Src/stm32f4xx_hal.c ****   __HAL_FLASH_INSTRUCTION_CACHE_ENABLE();
 162:Drivers/STM32F4xx_HAL_Driver/Src/stm32f4xx_hal.c **** #endif /* INSTRUCTION_CACHE_ENABLE */
 163:Drivers/STM32F4xx_HAL_Driver/Src/stm32f4xx_hal.c **** 
 164:Drivers/STM32F4xx_HAL_Driver/Src/stm32f4xx_hal.c **** #if (DATA_CACHE_ENABLE != 0U)
 165:Drivers/STM32F4xx_HAL_Driver/Src/stm32f4xx_hal.c ****   __HAL_FLASH_DATA_CACHE_ENABLE();
 166:Drivers/STM32F4xx_HAL_Driver/Src/stm32f4xx_hal.c **** #endif /* DATA_CACHE_ENABLE */
 167:Drivers/STM32F4xx_HAL_Driver/Src/stm32f4xx_hal.c **** 
 168:Drivers/STM32F4xx_HAL_Driver/Src/stm32f4xx_hal.c **** #if (PREFETCH_ENABLE != 0U)
 169:Drivers/STM32F4xx_HAL_Driver/Src/stm32f4xx_hal.c ****   __HAL_FLASH_PREFETCH_BUFFER_ENABLE();
 170:Drivers/STM32F4xx_HAL_Driver/Src/stm32f4xx_hal.c **** #endif /* PREFETCH_ENABLE */
 171:Drivers/STM32F4xx_HAL_Driver/Src/stm32f4xx_hal.c **** 
 172:Drivers/STM32F4xx_HAL_Driver/Src/stm32f4xx_hal.c ****   /* Set Interrupt Group Priority */
 173:Drivers/STM32F4xx_HAL_Driver/Src/stm32f4xx_hal.c ****   HAL_NVIC_SetPriorityGrouping(NVIC_PRIORITYGROUP_4);
 174:Drivers/STM32F4xx_HAL_Driver/Src/stm32f4xx_hal.c **** 
 175:Drivers/STM32F4xx_HAL_Driver/Src/stm32f4xx_hal.c ****   /* Use systick as time base source and configure 1ms tick (default clock after Reset is HSI) */
 176:Drivers/STM32F4xx_HAL_Driver/Src/stm32f4xx_hal.c ****   HAL_InitTick(TICK_INT_PRIORITY);
 177:Drivers/STM32F4xx_HAL_Driver/Src/stm32f4xx_hal.c **** 
 178:Drivers/STM32F4xx_HAL_Driver/Src/stm32f4xx_hal.c ****   /* Init the low level hardware */
 179:Drivers/STM32F4xx_HAL_Driver/Src/stm32f4xx_hal.c ****   HAL_MspInit();
 180:Drivers/STM32F4xx_HAL_Driver/Src/stm32f4xx_hal.c **** 
 181:Drivers/STM32F4xx_HAL_Driver/Src/stm32f4xx_hal.c ****   /* Return function status */
 182:Drivers/STM32F4xx_HAL_Driver/Src/stm32f4xx_hal.c ****   return HAL_OK;
 183:Drivers/STM32F4xx_HAL_Driver/Src/stm32f4xx_hal.c **** }
 184:Drivers/STM32F4xx_HAL_Driver/Src/stm32f4xx_hal.c **** 
 185:Drivers/STM32F4xx_HAL_Driver/Src/stm32f4xx_hal.c **** /**
 186:Drivers/STM32F4xx_HAL_Driver/Src/stm32f4xx_hal.c ****   * @brief  This function de-Initializes common part of the HAL and stops the systick.
 187:Drivers/STM32F4xx_HAL_Driver/Src/stm32f4xx_hal.c ****   *         This function is optional.   
 188:Drivers/STM32F4xx_HAL_Driver/Src/stm32f4xx_hal.c ****   * @retval HAL status
 189:Drivers/STM32F4xx_HAL_Driver/Src/stm32f4xx_hal.c ****   */
 190:Drivers/STM32F4xx_HAL_Driver/Src/stm32f4xx_hal.c **** HAL_StatusTypeDef HAL_DeInit(void)
 191:Drivers/STM32F4xx_HAL_Driver/Src/stm32f4xx_hal.c **** {
 192:Drivers/STM32F4xx_HAL_Driver/Src/stm32f4xx_hal.c ****   /* Reset of all peripherals */
 193:Drivers/STM32F4xx_HAL_Driver/Src/stm32f4xx_hal.c ****   __HAL_RCC_APB1_FORCE_RESET();
 194:Drivers/STM32F4xx_HAL_Driver/Src/stm32f4xx_hal.c ****   __HAL_RCC_APB1_RELEASE_RESET();
 195:Drivers/STM32F4xx_HAL_Driver/Src/stm32f4xx_hal.c **** 
 196:Drivers/STM32F4xx_HAL_Driver/Src/stm32f4xx_hal.c ****   __HAL_RCC_APB2_FORCE_RESET();
 197:Drivers/STM32F4xx_HAL_Driver/Src/stm32f4xx_hal.c ****   __HAL_RCC_APB2_RELEASE_RESET();
 198:Drivers/STM32F4xx_HAL_Driver/Src/stm32f4xx_hal.c **** 
 199:Drivers/STM32F4xx_HAL_Driver/Src/stm32f4xx_hal.c ****   __HAL_RCC_AHB1_FORCE_RESET();
 200:Drivers/STM32F4xx_HAL_Driver/Src/stm32f4xx_hal.c ****   __HAL_RCC_AHB1_RELEASE_RESET();
ARM GAS  /tmp/ccLnVkjT.s 			page 5


 201:Drivers/STM32F4xx_HAL_Driver/Src/stm32f4xx_hal.c **** 
 202:Drivers/STM32F4xx_HAL_Driver/Src/stm32f4xx_hal.c ****   __HAL_RCC_AHB2_FORCE_RESET();
 203:Drivers/STM32F4xx_HAL_Driver/Src/stm32f4xx_hal.c ****   __HAL_RCC_AHB2_RELEASE_RESET();
 204:Drivers/STM32F4xx_HAL_Driver/Src/stm32f4xx_hal.c **** 
 205:Drivers/STM32F4xx_HAL_Driver/Src/stm32f4xx_hal.c ****   __HAL_RCC_AHB3_FORCE_RESET();
 206:Drivers/STM32F4xx_HAL_Driver/Src/stm32f4xx_hal.c ****   __HAL_RCC_AHB3_RELEASE_RESET();
 207:Drivers/STM32F4xx_HAL_Driver/Src/stm32f4xx_hal.c **** 
 208:Drivers/STM32F4xx_HAL_Driver/Src/stm32f4xx_hal.c ****   /* De-Init the low level hardware */
 209:Drivers/STM32F4xx_HAL_Driver/Src/stm32f4xx_hal.c ****   HAL_MspDeInit();
 210:Drivers/STM32F4xx_HAL_Driver/Src/stm32f4xx_hal.c ****     
 211:Drivers/STM32F4xx_HAL_Driver/Src/stm32f4xx_hal.c ****   /* Return function status */
 212:Drivers/STM32F4xx_HAL_Driver/Src/stm32f4xx_hal.c ****   return HAL_OK;
 213:Drivers/STM32F4xx_HAL_Driver/Src/stm32f4xx_hal.c **** }
 214:Drivers/STM32F4xx_HAL_Driver/Src/stm32f4xx_hal.c **** 
 215:Drivers/STM32F4xx_HAL_Driver/Src/stm32f4xx_hal.c **** /**
 216:Drivers/STM32F4xx_HAL_Driver/Src/stm32f4xx_hal.c ****   * @brief  Initialize the MSP.
 217:Drivers/STM32F4xx_HAL_Driver/Src/stm32f4xx_hal.c ****   * @retval None
 218:Drivers/STM32F4xx_HAL_Driver/Src/stm32f4xx_hal.c ****   */
 219:Drivers/STM32F4xx_HAL_Driver/Src/stm32f4xx_hal.c **** __weak void HAL_MspInit(void)
 220:Drivers/STM32F4xx_HAL_Driver/Src/stm32f4xx_hal.c **** {
  30              		.loc 1 220 0
  31              		.cfi_startproc
  32              		@ args = 0, pretend = 0, frame = 0
  33              		@ frame_needed = 0, uses_anonymous_args = 0
  34              		@ link register save eliminated.
  35 0000 7047     		bx	lr
  36              		.cfi_endproc
  37              	.LFE132:
  39 0002 00BF     		.section	.text.HAL_MspDeInit,"ax",%progbits
  40              		.align	2
  41              		.weak	HAL_MspDeInit
  42              		.thumb
  43              		.thumb_func
  45              	HAL_MspDeInit:
  46              	.LFB133:
 221:Drivers/STM32F4xx_HAL_Driver/Src/stm32f4xx_hal.c ****   /* NOTE : This function should not be modified, when the callback is needed,
 222:Drivers/STM32F4xx_HAL_Driver/Src/stm32f4xx_hal.c ****             the HAL_MspInit could be implemented in the user file
 223:Drivers/STM32F4xx_HAL_Driver/Src/stm32f4xx_hal.c ****    */
 224:Drivers/STM32F4xx_HAL_Driver/Src/stm32f4xx_hal.c **** }
 225:Drivers/STM32F4xx_HAL_Driver/Src/stm32f4xx_hal.c **** 
 226:Drivers/STM32F4xx_HAL_Driver/Src/stm32f4xx_hal.c **** /**
 227:Drivers/STM32F4xx_HAL_Driver/Src/stm32f4xx_hal.c ****   * @brief  DeInitializes the MSP.
 228:Drivers/STM32F4xx_HAL_Driver/Src/stm32f4xx_hal.c ****   * @retval None
 229:Drivers/STM32F4xx_HAL_Driver/Src/stm32f4xx_hal.c ****   */
 230:Drivers/STM32F4xx_HAL_Driver/Src/stm32f4xx_hal.c **** __weak void HAL_MspDeInit(void)
 231:Drivers/STM32F4xx_HAL_Driver/Src/stm32f4xx_hal.c **** {
  47              		.loc 1 231 0
  48              		.cfi_startproc
  49              		@ args = 0, pretend = 0, frame = 0
  50              		@ frame_needed = 0, uses_anonymous_args = 0
  51              		@ link register save eliminated.
  52 0000 7047     		bx	lr
  53              		.cfi_endproc
  54              	.LFE133:
  56 0002 00BF     		.section	.text.HAL_DeInit,"ax",%progbits
  57              		.align	2
  58              		.global	HAL_DeInit
ARM GAS  /tmp/ccLnVkjT.s 			page 6


  59              		.thumb
  60              		.thumb_func
  62              	HAL_DeInit:
  63              	.LFB131:
 191:Drivers/STM32F4xx_HAL_Driver/Src/stm32f4xx_hal.c ****   /* Reset of all peripherals */
  64              		.loc 1 191 0
  65              		.cfi_startproc
  66              		@ args = 0, pretend = 0, frame = 0
  67              		@ frame_needed = 0, uses_anonymous_args = 0
 191:Drivers/STM32F4xx_HAL_Driver/Src/stm32f4xx_hal.c ****   /* Reset of all peripherals */
  68              		.loc 1 191 0
  69 0000 10B5     		push	{r4, lr}
  70              	.LCFI0:
  71              		.cfi_def_cfa_offset 8
  72              		.cfi_offset 4, -8
  73              		.cfi_offset 14, -4
 193:Drivers/STM32F4xx_HAL_Driver/Src/stm32f4xx_hal.c ****   __HAL_RCC_APB1_RELEASE_RESET();
  74              		.loc 1 193 0
  75 0002 094B     		ldr	r3, .L5
  76 0004 4FF0FF32 		mov	r2, #-1
  77 0008 1A62     		str	r2, [r3, #32]
 194:Drivers/STM32F4xx_HAL_Driver/Src/stm32f4xx_hal.c **** 
  78              		.loc 1 194 0
  79 000a 0024     		movs	r4, #0
  80 000c 1C62     		str	r4, [r3, #32]
 196:Drivers/STM32F4xx_HAL_Driver/Src/stm32f4xx_hal.c ****   __HAL_RCC_APB2_RELEASE_RESET();
  81              		.loc 1 196 0
  82 000e 5A62     		str	r2, [r3, #36]
 197:Drivers/STM32F4xx_HAL_Driver/Src/stm32f4xx_hal.c **** 
  83              		.loc 1 197 0
  84 0010 5C62     		str	r4, [r3, #36]
 199:Drivers/STM32F4xx_HAL_Driver/Src/stm32f4xx_hal.c ****   __HAL_RCC_AHB1_RELEASE_RESET();
  85              		.loc 1 199 0
  86 0012 1A61     		str	r2, [r3, #16]
 200:Drivers/STM32F4xx_HAL_Driver/Src/stm32f4xx_hal.c **** 
  87              		.loc 1 200 0
  88 0014 1C61     		str	r4, [r3, #16]
 202:Drivers/STM32F4xx_HAL_Driver/Src/stm32f4xx_hal.c ****   __HAL_RCC_AHB2_RELEASE_RESET();
  89              		.loc 1 202 0
  90 0016 5A61     		str	r2, [r3, #20]
 203:Drivers/STM32F4xx_HAL_Driver/Src/stm32f4xx_hal.c **** 
  91              		.loc 1 203 0
  92 0018 5C61     		str	r4, [r3, #20]
 205:Drivers/STM32F4xx_HAL_Driver/Src/stm32f4xx_hal.c ****   __HAL_RCC_AHB3_RELEASE_RESET();
  93              		.loc 1 205 0
  94 001a 9A61     		str	r2, [r3, #24]
 206:Drivers/STM32F4xx_HAL_Driver/Src/stm32f4xx_hal.c **** 
  95              		.loc 1 206 0
  96 001c 9C61     		str	r4, [r3, #24]
 209:Drivers/STM32F4xx_HAL_Driver/Src/stm32f4xx_hal.c ****     
  97              		.loc 1 209 0
  98 001e FFF7FEFF 		bl	HAL_MspDeInit
  99              	.LVL0:
 213:Drivers/STM32F4xx_HAL_Driver/Src/stm32f4xx_hal.c **** 
 100              		.loc 1 213 0
 101 0022 2046     		mov	r0, r4
 102 0024 10BD     		pop	{r4, pc}
ARM GAS  /tmp/ccLnVkjT.s 			page 7


 103              	.L6:
 104 0026 00BF     		.align	2
 105              	.L5:
 106 0028 00380240 		.word	1073887232
 107              		.cfi_endproc
 108              	.LFE131:
 110              		.section	.text.HAL_InitTick,"ax",%progbits
 111              		.align	2
 112              		.weak	HAL_InitTick
 113              		.thumb
 114              		.thumb_func
 116              	HAL_InitTick:
 117              	.LFB134:
 232:Drivers/STM32F4xx_HAL_Driver/Src/stm32f4xx_hal.c ****   /* NOTE : This function should not be modified, when the callback is needed,
 233:Drivers/STM32F4xx_HAL_Driver/Src/stm32f4xx_hal.c ****             the HAL_MspDeInit could be implemented in the user file
 234:Drivers/STM32F4xx_HAL_Driver/Src/stm32f4xx_hal.c ****    */ 
 235:Drivers/STM32F4xx_HAL_Driver/Src/stm32f4xx_hal.c **** }
 236:Drivers/STM32F4xx_HAL_Driver/Src/stm32f4xx_hal.c **** 
 237:Drivers/STM32F4xx_HAL_Driver/Src/stm32f4xx_hal.c **** /**
 238:Drivers/STM32F4xx_HAL_Driver/Src/stm32f4xx_hal.c ****   * @brief This function configures the source of the time base.
 239:Drivers/STM32F4xx_HAL_Driver/Src/stm32f4xx_hal.c ****   *        The time source is configured  to have 1ms time base with a dedicated 
 240:Drivers/STM32F4xx_HAL_Driver/Src/stm32f4xx_hal.c ****   *        Tick interrupt priority.
 241:Drivers/STM32F4xx_HAL_Driver/Src/stm32f4xx_hal.c ****   * @note This function is called  automatically at the beginning of program after
 242:Drivers/STM32F4xx_HAL_Driver/Src/stm32f4xx_hal.c ****   *       reset by HAL_Init() or at any time when clock is reconfigured  by HAL_RCC_ClockConfig().
 243:Drivers/STM32F4xx_HAL_Driver/Src/stm32f4xx_hal.c ****   * @note In the default implementation, SysTick timer is the source of time base. 
 244:Drivers/STM32F4xx_HAL_Driver/Src/stm32f4xx_hal.c ****   *       It is used to generate interrupts at regular time intervals. 
 245:Drivers/STM32F4xx_HAL_Driver/Src/stm32f4xx_hal.c ****   *       Care must be taken if HAL_Delay() is called from a peripheral ISR process, 
 246:Drivers/STM32F4xx_HAL_Driver/Src/stm32f4xx_hal.c ****   *       The SysTick interrupt must have higher priority (numerically lower)
 247:Drivers/STM32F4xx_HAL_Driver/Src/stm32f4xx_hal.c ****   *       than the peripheral interrupt. Otherwise the caller ISR process will be blocked.
 248:Drivers/STM32F4xx_HAL_Driver/Src/stm32f4xx_hal.c ****   *       The function is declared as __weak  to be overwritten  in case of other
 249:Drivers/STM32F4xx_HAL_Driver/Src/stm32f4xx_hal.c ****   *       implementation  in user file.
 250:Drivers/STM32F4xx_HAL_Driver/Src/stm32f4xx_hal.c ****   * @param TickPriority Tick interrupt priority.
 251:Drivers/STM32F4xx_HAL_Driver/Src/stm32f4xx_hal.c ****   * @retval HAL status
 252:Drivers/STM32F4xx_HAL_Driver/Src/stm32f4xx_hal.c ****   */
 253:Drivers/STM32F4xx_HAL_Driver/Src/stm32f4xx_hal.c **** __weak HAL_StatusTypeDef HAL_InitTick(uint32_t TickPriority)
 254:Drivers/STM32F4xx_HAL_Driver/Src/stm32f4xx_hal.c **** {
 118              		.loc 1 254 0
 119              		.cfi_startproc
 120              		@ args = 0, pretend = 0, frame = 0
 121              		@ frame_needed = 0, uses_anonymous_args = 0
 122              	.LVL1:
 123 0000 10B5     		push	{r4, lr}
 124              	.LCFI1:
 125              		.cfi_def_cfa_offset 8
 126              		.cfi_offset 4, -8
 127              		.cfi_offset 14, -4
 128 0002 0446     		mov	r4, r0
 255:Drivers/STM32F4xx_HAL_Driver/Src/stm32f4xx_hal.c ****   /* Configure the SysTick to have interrupt in 1ms time basis*/
 256:Drivers/STM32F4xx_HAL_Driver/Src/stm32f4xx_hal.c ****   if (HAL_SYSTICK_Config(SystemCoreClock / (1000U / uwTickFreq)) > 0U)
 129              		.loc 1 256 0
 130 0004 0E4B     		ldr	r3, .L12
 131 0006 1878     		ldrb	r0, [r3]	@ zero_extendqisi2
 132              	.LVL2:
 133 0008 4FF47A73 		mov	r3, #1000
 134 000c B3FBF0F3 		udiv	r3, r3, r0
 135 0010 0C4A     		ldr	r2, .L12+4
 136 0012 1068     		ldr	r0, [r2]
ARM GAS  /tmp/ccLnVkjT.s 			page 8


 137 0014 B0FBF3F0 		udiv	r0, r0, r3
 138 0018 FFF7FEFF 		bl	HAL_SYSTICK_Config
 139              	.LVL3:
 140 001c 58B9     		cbnz	r0, .L9
 257:Drivers/STM32F4xx_HAL_Driver/Src/stm32f4xx_hal.c ****   {
 258:Drivers/STM32F4xx_HAL_Driver/Src/stm32f4xx_hal.c ****     return HAL_ERROR;
 259:Drivers/STM32F4xx_HAL_Driver/Src/stm32f4xx_hal.c ****   }
 260:Drivers/STM32F4xx_HAL_Driver/Src/stm32f4xx_hal.c **** 
 261:Drivers/STM32F4xx_HAL_Driver/Src/stm32f4xx_hal.c ****   /* Configure the SysTick IRQ priority */
 262:Drivers/STM32F4xx_HAL_Driver/Src/stm32f4xx_hal.c ****   if (TickPriority < (1UL << __NVIC_PRIO_BITS))
 141              		.loc 1 262 0
 142 001e 0F2C     		cmp	r4, #15
 143 0020 0BD8     		bhi	.L10
 263:Drivers/STM32F4xx_HAL_Driver/Src/stm32f4xx_hal.c ****   {
 264:Drivers/STM32F4xx_HAL_Driver/Src/stm32f4xx_hal.c ****     HAL_NVIC_SetPriority(SysTick_IRQn, TickPriority, 0U);
 144              		.loc 1 264 0
 145 0022 0022     		movs	r2, #0
 146 0024 2146     		mov	r1, r4
 147 0026 4FF0FF30 		mov	r0, #-1
 148 002a FFF7FEFF 		bl	HAL_NVIC_SetPriority
 149              	.LVL4:
 265:Drivers/STM32F4xx_HAL_Driver/Src/stm32f4xx_hal.c ****     uwTickPrio = TickPriority;
 150              		.loc 1 265 0
 151 002e 064B     		ldr	r3, .L12+8
 152 0030 1C60     		str	r4, [r3]
 266:Drivers/STM32F4xx_HAL_Driver/Src/stm32f4xx_hal.c ****   }
 267:Drivers/STM32F4xx_HAL_Driver/Src/stm32f4xx_hal.c ****   else
 268:Drivers/STM32F4xx_HAL_Driver/Src/stm32f4xx_hal.c ****   {
 269:Drivers/STM32F4xx_HAL_Driver/Src/stm32f4xx_hal.c ****     return HAL_ERROR;
 270:Drivers/STM32F4xx_HAL_Driver/Src/stm32f4xx_hal.c ****   }
 271:Drivers/STM32F4xx_HAL_Driver/Src/stm32f4xx_hal.c **** 
 272:Drivers/STM32F4xx_HAL_Driver/Src/stm32f4xx_hal.c ****   /* Return function status */
 273:Drivers/STM32F4xx_HAL_Driver/Src/stm32f4xx_hal.c ****   return HAL_OK;
 153              		.loc 1 273 0
 154 0032 0020     		movs	r0, #0
 155 0034 10BD     		pop	{r4, pc}
 156              	.LVL5:
 157              	.L9:
 258:Drivers/STM32F4xx_HAL_Driver/Src/stm32f4xx_hal.c ****   }
 158              		.loc 1 258 0
 159 0036 0120     		movs	r0, #1
 160 0038 10BD     		pop	{r4, pc}
 161              	.LVL6:
 162              	.L10:
 269:Drivers/STM32F4xx_HAL_Driver/Src/stm32f4xx_hal.c ****   }
 163              		.loc 1 269 0
 164 003a 0120     		movs	r0, #1
 274:Drivers/STM32F4xx_HAL_Driver/Src/stm32f4xx_hal.c **** }
 165              		.loc 1 274 0
 166 003c 10BD     		pop	{r4, pc}
 167              	.LVL7:
 168              	.L13:
 169 003e 00BF     		.align	2
 170              	.L12:
 171 0040 00000000 		.word	.LANCHOR0
 172 0044 00000000 		.word	SystemCoreClock
 173 0048 00000000 		.word	.LANCHOR1
ARM GAS  /tmp/ccLnVkjT.s 			page 9


 174              		.cfi_endproc
 175              	.LFE134:
 177              		.section	.text.HAL_Init,"ax",%progbits
 178              		.align	2
 179              		.global	HAL_Init
 180              		.thumb
 181              		.thumb_func
 183              	HAL_Init:
 184              	.LFB130:
 158:Drivers/STM32F4xx_HAL_Driver/Src/stm32f4xx_hal.c ****   /* Configure Flash prefetch, Instruction cache, Data cache */ 
 185              		.loc 1 158 0
 186              		.cfi_startproc
 187              		@ args = 0, pretend = 0, frame = 0
 188              		@ frame_needed = 0, uses_anonymous_args = 0
 189 0000 08B5     		push	{r3, lr}
 190              	.LCFI2:
 191              		.cfi_def_cfa_offset 8
 192              		.cfi_offset 3, -8
 193              		.cfi_offset 14, -4
 161:Drivers/STM32F4xx_HAL_Driver/Src/stm32f4xx_hal.c **** #endif /* INSTRUCTION_CACHE_ENABLE */
 194              		.loc 1 161 0
 195 0002 0B4B     		ldr	r3, .L16
 196 0004 1A68     		ldr	r2, [r3]
 197 0006 42F40072 		orr	r2, r2, #512
 198 000a 1A60     		str	r2, [r3]
 165:Drivers/STM32F4xx_HAL_Driver/Src/stm32f4xx_hal.c **** #endif /* DATA_CACHE_ENABLE */
 199              		.loc 1 165 0
 200 000c 1A68     		ldr	r2, [r3]
 201 000e 42F48062 		orr	r2, r2, #1024
 202 0012 1A60     		str	r2, [r3]
 169:Drivers/STM32F4xx_HAL_Driver/Src/stm32f4xx_hal.c **** #endif /* PREFETCH_ENABLE */
 203              		.loc 1 169 0
 204 0014 1A68     		ldr	r2, [r3]
 205 0016 42F48072 		orr	r2, r2, #256
 206 001a 1A60     		str	r2, [r3]
 173:Drivers/STM32F4xx_HAL_Driver/Src/stm32f4xx_hal.c **** 
 207              		.loc 1 173 0
 208 001c 0320     		movs	r0, #3
 209 001e FFF7FEFF 		bl	HAL_NVIC_SetPriorityGrouping
 210              	.LVL8:
 176:Drivers/STM32F4xx_HAL_Driver/Src/stm32f4xx_hal.c **** 
 211              		.loc 1 176 0
 212 0022 0020     		movs	r0, #0
 213 0024 FFF7FEFF 		bl	HAL_InitTick
 214              	.LVL9:
 179:Drivers/STM32F4xx_HAL_Driver/Src/stm32f4xx_hal.c **** 
 215              		.loc 1 179 0
 216 0028 FFF7FEFF 		bl	HAL_MspInit
 217              	.LVL10:
 183:Drivers/STM32F4xx_HAL_Driver/Src/stm32f4xx_hal.c **** 
 218              		.loc 1 183 0
 219 002c 0020     		movs	r0, #0
 220 002e 08BD     		pop	{r3, pc}
 221              	.L17:
 222              		.align	2
 223              	.L16:
 224 0030 003C0240 		.word	1073888256
ARM GAS  /tmp/ccLnVkjT.s 			page 10


 225              		.cfi_endproc
 226              	.LFE130:
 228              		.section	.text.HAL_IncTick,"ax",%progbits
 229              		.align	2
 230              		.weak	HAL_IncTick
 231              		.thumb
 232              		.thumb_func
 234              	HAL_IncTick:
 235              	.LFB135:
 275:Drivers/STM32F4xx_HAL_Driver/Src/stm32f4xx_hal.c **** 
 276:Drivers/STM32F4xx_HAL_Driver/Src/stm32f4xx_hal.c **** /**
 277:Drivers/STM32F4xx_HAL_Driver/Src/stm32f4xx_hal.c ****   * @}
 278:Drivers/STM32F4xx_HAL_Driver/Src/stm32f4xx_hal.c ****   */
 279:Drivers/STM32F4xx_HAL_Driver/Src/stm32f4xx_hal.c **** 
 280:Drivers/STM32F4xx_HAL_Driver/Src/stm32f4xx_hal.c **** /** @defgroup HAL_Exported_Functions_Group2 HAL Control functions 
 281:Drivers/STM32F4xx_HAL_Driver/Src/stm32f4xx_hal.c ****  *  @brief    HAL Control functions
 282:Drivers/STM32F4xx_HAL_Driver/Src/stm32f4xx_hal.c ****  *
 283:Drivers/STM32F4xx_HAL_Driver/Src/stm32f4xx_hal.c **** @verbatim
 284:Drivers/STM32F4xx_HAL_Driver/Src/stm32f4xx_hal.c ****  ===============================================================================
 285:Drivers/STM32F4xx_HAL_Driver/Src/stm32f4xx_hal.c ****                       ##### HAL Control functions #####
 286:Drivers/STM32F4xx_HAL_Driver/Src/stm32f4xx_hal.c ****  ===============================================================================
 287:Drivers/STM32F4xx_HAL_Driver/Src/stm32f4xx_hal.c ****     [..]  This section provides functions allowing to:
 288:Drivers/STM32F4xx_HAL_Driver/Src/stm32f4xx_hal.c ****       (+) Provide a tick value in millisecond
 289:Drivers/STM32F4xx_HAL_Driver/Src/stm32f4xx_hal.c ****       (+) Provide a blocking delay in millisecond
 290:Drivers/STM32F4xx_HAL_Driver/Src/stm32f4xx_hal.c ****       (+) Suspend the time base source interrupt
 291:Drivers/STM32F4xx_HAL_Driver/Src/stm32f4xx_hal.c ****       (+) Resume the time base source interrupt
 292:Drivers/STM32F4xx_HAL_Driver/Src/stm32f4xx_hal.c ****       (+) Get the HAL API driver version
 293:Drivers/STM32F4xx_HAL_Driver/Src/stm32f4xx_hal.c ****       (+) Get the device identifier
 294:Drivers/STM32F4xx_HAL_Driver/Src/stm32f4xx_hal.c ****       (+) Get the device revision identifier
 295:Drivers/STM32F4xx_HAL_Driver/Src/stm32f4xx_hal.c ****       (+) Enable/Disable Debug module during SLEEP mode
 296:Drivers/STM32F4xx_HAL_Driver/Src/stm32f4xx_hal.c ****       (+) Enable/Disable Debug module during STOP mode
 297:Drivers/STM32F4xx_HAL_Driver/Src/stm32f4xx_hal.c ****       (+) Enable/Disable Debug module during STANDBY mode
 298:Drivers/STM32F4xx_HAL_Driver/Src/stm32f4xx_hal.c **** 
 299:Drivers/STM32F4xx_HAL_Driver/Src/stm32f4xx_hal.c **** @endverbatim
 300:Drivers/STM32F4xx_HAL_Driver/Src/stm32f4xx_hal.c ****   * @{
 301:Drivers/STM32F4xx_HAL_Driver/Src/stm32f4xx_hal.c ****   */
 302:Drivers/STM32F4xx_HAL_Driver/Src/stm32f4xx_hal.c **** 
 303:Drivers/STM32F4xx_HAL_Driver/Src/stm32f4xx_hal.c **** /**
 304:Drivers/STM32F4xx_HAL_Driver/Src/stm32f4xx_hal.c ****   * @brief This function is called to increment  a global variable "uwTick"
 305:Drivers/STM32F4xx_HAL_Driver/Src/stm32f4xx_hal.c ****   *        used as application time base.
 306:Drivers/STM32F4xx_HAL_Driver/Src/stm32f4xx_hal.c ****   * @note In the default implementation, this variable is incremented each 1ms
 307:Drivers/STM32F4xx_HAL_Driver/Src/stm32f4xx_hal.c ****   *       in SysTick ISR.
 308:Drivers/STM32F4xx_HAL_Driver/Src/stm32f4xx_hal.c ****  * @note This function is declared as __weak to be overwritten in case of other 
 309:Drivers/STM32F4xx_HAL_Driver/Src/stm32f4xx_hal.c ****   *      implementations in user file.
 310:Drivers/STM32F4xx_HAL_Driver/Src/stm32f4xx_hal.c ****   * @retval None
 311:Drivers/STM32F4xx_HAL_Driver/Src/stm32f4xx_hal.c ****   */
 312:Drivers/STM32F4xx_HAL_Driver/Src/stm32f4xx_hal.c **** __weak void HAL_IncTick(void)
 313:Drivers/STM32F4xx_HAL_Driver/Src/stm32f4xx_hal.c **** {
 236              		.loc 1 313 0
 237              		.cfi_startproc
 238              		@ args = 0, pretend = 0, frame = 0
 239              		@ frame_needed = 0, uses_anonymous_args = 0
 240              		@ link register save eliminated.
 314:Drivers/STM32F4xx_HAL_Driver/Src/stm32f4xx_hal.c ****   uwTick += uwTickFreq;
 241              		.loc 1 314 0
 242 0000 034A     		ldr	r2, .L19
 243 0002 1368     		ldr	r3, [r2]
ARM GAS  /tmp/ccLnVkjT.s 			page 11


 244 0004 0349     		ldr	r1, .L19+4
 245 0006 0978     		ldrb	r1, [r1]	@ zero_extendqisi2
 246 0008 0B44     		add	r3, r3, r1
 247 000a 1360     		str	r3, [r2]
 248 000c 7047     		bx	lr
 249              	.L20:
 250 000e 00BF     		.align	2
 251              	.L19:
 252 0010 00000000 		.word	uwTick
 253 0014 00000000 		.word	.LANCHOR0
 254              		.cfi_endproc
 255              	.LFE135:
 257              		.section	.text.HAL_GetTick,"ax",%progbits
 258              		.align	2
 259              		.weak	HAL_GetTick
 260              		.thumb
 261              		.thumb_func
 263              	HAL_GetTick:
 264              	.LFB136:
 315:Drivers/STM32F4xx_HAL_Driver/Src/stm32f4xx_hal.c **** }
 316:Drivers/STM32F4xx_HAL_Driver/Src/stm32f4xx_hal.c **** 
 317:Drivers/STM32F4xx_HAL_Driver/Src/stm32f4xx_hal.c **** /**
 318:Drivers/STM32F4xx_HAL_Driver/Src/stm32f4xx_hal.c ****   * @brief Provides a tick value in millisecond.
 319:Drivers/STM32F4xx_HAL_Driver/Src/stm32f4xx_hal.c ****   * @note This function is declared as __weak to be overwritten in case of other 
 320:Drivers/STM32F4xx_HAL_Driver/Src/stm32f4xx_hal.c ****   *       implementations in user file.
 321:Drivers/STM32F4xx_HAL_Driver/Src/stm32f4xx_hal.c ****   * @retval tick value
 322:Drivers/STM32F4xx_HAL_Driver/Src/stm32f4xx_hal.c ****   */
 323:Drivers/STM32F4xx_HAL_Driver/Src/stm32f4xx_hal.c **** __weak uint32_t HAL_GetTick(void)
 324:Drivers/STM32F4xx_HAL_Driver/Src/stm32f4xx_hal.c **** {
 265              		.loc 1 324 0
 266              		.cfi_startproc
 267              		@ args = 0, pretend = 0, frame = 0
 268              		@ frame_needed = 0, uses_anonymous_args = 0
 269              		@ link register save eliminated.
 325:Drivers/STM32F4xx_HAL_Driver/Src/stm32f4xx_hal.c ****   return uwTick;
 270              		.loc 1 325 0
 271 0000 014B     		ldr	r3, .L22
 272 0002 1868     		ldr	r0, [r3]
 326:Drivers/STM32F4xx_HAL_Driver/Src/stm32f4xx_hal.c **** }
 273              		.loc 1 326 0
 274 0004 7047     		bx	lr
 275              	.L23:
 276 0006 00BF     		.align	2
 277              	.L22:
 278 0008 00000000 		.word	uwTick
 279              		.cfi_endproc
 280              	.LFE136:
 282              		.section	.text.HAL_GetTickPrio,"ax",%progbits
 283              		.align	2
 284              		.global	HAL_GetTickPrio
 285              		.thumb
 286              		.thumb_func
 288              	HAL_GetTickPrio:
 289              	.LFB137:
 327:Drivers/STM32F4xx_HAL_Driver/Src/stm32f4xx_hal.c **** 
 328:Drivers/STM32F4xx_HAL_Driver/Src/stm32f4xx_hal.c **** /**
 329:Drivers/STM32F4xx_HAL_Driver/Src/stm32f4xx_hal.c ****   * @brief This function returns a tick priority.
ARM GAS  /tmp/ccLnVkjT.s 			page 12


 330:Drivers/STM32F4xx_HAL_Driver/Src/stm32f4xx_hal.c ****   * @retval tick priority
 331:Drivers/STM32F4xx_HAL_Driver/Src/stm32f4xx_hal.c ****   */
 332:Drivers/STM32F4xx_HAL_Driver/Src/stm32f4xx_hal.c **** uint32_t HAL_GetTickPrio(void)
 333:Drivers/STM32F4xx_HAL_Driver/Src/stm32f4xx_hal.c **** {
 290              		.loc 1 333 0
 291              		.cfi_startproc
 292              		@ args = 0, pretend = 0, frame = 0
 293              		@ frame_needed = 0, uses_anonymous_args = 0
 294              		@ link register save eliminated.
 334:Drivers/STM32F4xx_HAL_Driver/Src/stm32f4xx_hal.c ****   return uwTickPrio;
 335:Drivers/STM32F4xx_HAL_Driver/Src/stm32f4xx_hal.c **** }
 295              		.loc 1 335 0
 296 0000 014B     		ldr	r3, .L25
 297 0002 1868     		ldr	r0, [r3]
 298 0004 7047     		bx	lr
 299              	.L26:
 300 0006 00BF     		.align	2
 301              	.L25:
 302 0008 00000000 		.word	.LANCHOR1
 303              		.cfi_endproc
 304              	.LFE137:
 306              		.section	.text.HAL_SetTickFreq,"ax",%progbits
 307              		.align	2
 308              		.global	HAL_SetTickFreq
 309              		.thumb
 310              		.thumb_func
 312              	HAL_SetTickFreq:
 313              	.LFB138:
 336:Drivers/STM32F4xx_HAL_Driver/Src/stm32f4xx_hal.c **** 
 337:Drivers/STM32F4xx_HAL_Driver/Src/stm32f4xx_hal.c **** /**
 338:Drivers/STM32F4xx_HAL_Driver/Src/stm32f4xx_hal.c ****   * @brief Set new tick Freq.
 339:Drivers/STM32F4xx_HAL_Driver/Src/stm32f4xx_hal.c ****   * @retval Status
 340:Drivers/STM32F4xx_HAL_Driver/Src/stm32f4xx_hal.c ****   */
 341:Drivers/STM32F4xx_HAL_Driver/Src/stm32f4xx_hal.c **** HAL_StatusTypeDef HAL_SetTickFreq(HAL_TickFreqTypeDef Freq)
 342:Drivers/STM32F4xx_HAL_Driver/Src/stm32f4xx_hal.c **** {
 314              		.loc 1 342 0
 315              		.cfi_startproc
 316              		@ args = 0, pretend = 0, frame = 0
 317              		@ frame_needed = 0, uses_anonymous_args = 0
 318              	.LVL11:
 319 0000 08B5     		push	{r3, lr}
 320              	.LCFI3:
 321              		.cfi_def_cfa_offset 8
 322              		.cfi_offset 3, -8
 323              		.cfi_offset 14, -4
 324              	.LVL12:
 343:Drivers/STM32F4xx_HAL_Driver/Src/stm32f4xx_hal.c ****   HAL_StatusTypeDef status  = HAL_OK;
 344:Drivers/STM32F4xx_HAL_Driver/Src/stm32f4xx_hal.c ****   assert_param(IS_TICKFREQ(Freq));
 345:Drivers/STM32F4xx_HAL_Driver/Src/stm32f4xx_hal.c **** 
 346:Drivers/STM32F4xx_HAL_Driver/Src/stm32f4xx_hal.c ****   if (uwTickFreq != Freq)
 325              		.loc 1 346 0
 326 0002 064B     		ldr	r3, .L31
 327 0004 1B78     		ldrb	r3, [r3]	@ zero_extendqisi2
 328 0006 8342     		cmp	r3, r0
 329 0008 06D0     		beq	.L29
 347:Drivers/STM32F4xx_HAL_Driver/Src/stm32f4xx_hal.c ****   {
 348:Drivers/STM32F4xx_HAL_Driver/Src/stm32f4xx_hal.c ****     uwTickFreq = Freq;
ARM GAS  /tmp/ccLnVkjT.s 			page 13


 330              		.loc 1 348 0
 331 000a 044B     		ldr	r3, .L31
 332 000c 1870     		strb	r0, [r3]
 349:Drivers/STM32F4xx_HAL_Driver/Src/stm32f4xx_hal.c **** 
 350:Drivers/STM32F4xx_HAL_Driver/Src/stm32f4xx_hal.c ****     /* Apply the new tick Freq  */
 351:Drivers/STM32F4xx_HAL_Driver/Src/stm32f4xx_hal.c ****     status = HAL_InitTick(uwTickPrio);
 333              		.loc 1 351 0
 334 000e 044B     		ldr	r3, .L31+4
 335 0010 1868     		ldr	r0, [r3]
 336              	.LVL13:
 337 0012 FFF7FEFF 		bl	HAL_InitTick
 338              	.LVL14:
 339 0016 08BD     		pop	{r3, pc}
 340              	.LVL15:
 341              	.L29:
 343:Drivers/STM32F4xx_HAL_Driver/Src/stm32f4xx_hal.c ****   assert_param(IS_TICKFREQ(Freq));
 342              		.loc 1 343 0
 343 0018 0020     		movs	r0, #0
 344              	.LVL16:
 352:Drivers/STM32F4xx_HAL_Driver/Src/stm32f4xx_hal.c ****   }
 353:Drivers/STM32F4xx_HAL_Driver/Src/stm32f4xx_hal.c **** 
 354:Drivers/STM32F4xx_HAL_Driver/Src/stm32f4xx_hal.c ****   return status;
 355:Drivers/STM32F4xx_HAL_Driver/Src/stm32f4xx_hal.c **** }
 345              		.loc 1 355 0
 346 001a 08BD     		pop	{r3, pc}
 347              	.L32:
 348              		.align	2
 349              	.L31:
 350 001c 00000000 		.word	.LANCHOR0
 351 0020 00000000 		.word	.LANCHOR1
 352              		.cfi_endproc
 353              	.LFE138:
 355              		.section	.text.HAL_GetTickFreq,"ax",%progbits
 356              		.align	2
 357              		.global	HAL_GetTickFreq
 358              		.thumb
 359              		.thumb_func
 361              	HAL_GetTickFreq:
 362              	.LFB139:
 356:Drivers/STM32F4xx_HAL_Driver/Src/stm32f4xx_hal.c **** 
 357:Drivers/STM32F4xx_HAL_Driver/Src/stm32f4xx_hal.c **** /**
 358:Drivers/STM32F4xx_HAL_Driver/Src/stm32f4xx_hal.c ****   * @brief Return tick frequency.
 359:Drivers/STM32F4xx_HAL_Driver/Src/stm32f4xx_hal.c ****   * @retval tick period in Hz
 360:Drivers/STM32F4xx_HAL_Driver/Src/stm32f4xx_hal.c ****   */
 361:Drivers/STM32F4xx_HAL_Driver/Src/stm32f4xx_hal.c **** HAL_TickFreqTypeDef HAL_GetTickFreq(void)
 362:Drivers/STM32F4xx_HAL_Driver/Src/stm32f4xx_hal.c **** {
 363              		.loc 1 362 0
 364              		.cfi_startproc
 365              		@ args = 0, pretend = 0, frame = 0
 366              		@ frame_needed = 0, uses_anonymous_args = 0
 367              		@ link register save eliminated.
 363:Drivers/STM32F4xx_HAL_Driver/Src/stm32f4xx_hal.c ****   return uwTickFreq;
 364:Drivers/STM32F4xx_HAL_Driver/Src/stm32f4xx_hal.c **** }
 368              		.loc 1 364 0
 369 0000 014B     		ldr	r3, .L34
 370 0002 1878     		ldrb	r0, [r3]	@ zero_extendqisi2
 371 0004 7047     		bx	lr
ARM GAS  /tmp/ccLnVkjT.s 			page 14


 372              	.L35:
 373 0006 00BF     		.align	2
 374              	.L34:
 375 0008 00000000 		.word	.LANCHOR0
 376              		.cfi_endproc
 377              	.LFE139:
 379              		.section	.text.HAL_Delay,"ax",%progbits
 380              		.align	2
 381              		.weak	HAL_Delay
 382              		.thumb
 383              		.thumb_func
 385              	HAL_Delay:
 386              	.LFB140:
 365:Drivers/STM32F4xx_HAL_Driver/Src/stm32f4xx_hal.c **** 
 366:Drivers/STM32F4xx_HAL_Driver/Src/stm32f4xx_hal.c **** /**
 367:Drivers/STM32F4xx_HAL_Driver/Src/stm32f4xx_hal.c ****   * @brief This function provides minimum delay (in milliseconds) based 
 368:Drivers/STM32F4xx_HAL_Driver/Src/stm32f4xx_hal.c ****   *        on variable incremented.
 369:Drivers/STM32F4xx_HAL_Driver/Src/stm32f4xx_hal.c ****   * @note In the default implementation , SysTick timer is the source of time base.
 370:Drivers/STM32F4xx_HAL_Driver/Src/stm32f4xx_hal.c ****   *       It is used to generate interrupts at regular time intervals where uwTick
 371:Drivers/STM32F4xx_HAL_Driver/Src/stm32f4xx_hal.c ****   *       is incremented.
 372:Drivers/STM32F4xx_HAL_Driver/Src/stm32f4xx_hal.c ****   * @note This function is declared as __weak to be overwritten in case of other
 373:Drivers/STM32F4xx_HAL_Driver/Src/stm32f4xx_hal.c ****   *       implementations in user file.
 374:Drivers/STM32F4xx_HAL_Driver/Src/stm32f4xx_hal.c ****   * @param Delay specifies the delay time length, in milliseconds.
 375:Drivers/STM32F4xx_HAL_Driver/Src/stm32f4xx_hal.c ****   * @retval None
 376:Drivers/STM32F4xx_HAL_Driver/Src/stm32f4xx_hal.c ****   */
 377:Drivers/STM32F4xx_HAL_Driver/Src/stm32f4xx_hal.c **** __weak void HAL_Delay(uint32_t Delay)
 378:Drivers/STM32F4xx_HAL_Driver/Src/stm32f4xx_hal.c **** {
 387              		.loc 1 378 0
 388              		.cfi_startproc
 389              		@ args = 0, pretend = 0, frame = 0
 390              		@ frame_needed = 0, uses_anonymous_args = 0
 391              	.LVL17:
 392 0000 38B5     		push	{r3, r4, r5, lr}
 393              	.LCFI4:
 394              		.cfi_def_cfa_offset 16
 395              		.cfi_offset 3, -16
 396              		.cfi_offset 4, -12
 397              		.cfi_offset 5, -8
 398              		.cfi_offset 14, -4
 399 0002 0446     		mov	r4, r0
 379:Drivers/STM32F4xx_HAL_Driver/Src/stm32f4xx_hal.c ****   uint32_t tickstart = HAL_GetTick();
 400              		.loc 1 379 0
 401 0004 FFF7FEFF 		bl	HAL_GetTick
 402              	.LVL18:
 403 0008 0546     		mov	r5, r0
 404              	.LVL19:
 380:Drivers/STM32F4xx_HAL_Driver/Src/stm32f4xx_hal.c ****   uint32_t wait = Delay;
 381:Drivers/STM32F4xx_HAL_Driver/Src/stm32f4xx_hal.c **** 
 382:Drivers/STM32F4xx_HAL_Driver/Src/stm32f4xx_hal.c ****   /* Add a freq to guarantee minimum wait */
 383:Drivers/STM32F4xx_HAL_Driver/Src/stm32f4xx_hal.c ****   if (wait < HAL_MAX_DELAY)
 405              		.loc 1 383 0
 406 000a B4F1FF3F 		cmp	r4, #-1
 407 000e 02D0     		beq	.L38
 384:Drivers/STM32F4xx_HAL_Driver/Src/stm32f4xx_hal.c ****   {
 385:Drivers/STM32F4xx_HAL_Driver/Src/stm32f4xx_hal.c ****     wait += (uint32_t)(uwTickFreq);
 408              		.loc 1 385 0
 409 0010 044B     		ldr	r3, .L40
ARM GAS  /tmp/ccLnVkjT.s 			page 15


 410 0012 1B78     		ldrb	r3, [r3]	@ zero_extendqisi2
 411 0014 1C44     		add	r4, r4, r3
 412              	.LVL20:
 413              	.L38:
 386:Drivers/STM32F4xx_HAL_Driver/Src/stm32f4xx_hal.c ****   }
 387:Drivers/STM32F4xx_HAL_Driver/Src/stm32f4xx_hal.c **** 
 388:Drivers/STM32F4xx_HAL_Driver/Src/stm32f4xx_hal.c ****   while((HAL_GetTick() - tickstart) < wait)
 414              		.loc 1 388 0 discriminator 1
 415 0016 FFF7FEFF 		bl	HAL_GetTick
 416              	.LVL21:
 417 001a 401B     		subs	r0, r0, r5
 418 001c 8442     		cmp	r4, r0
 419 001e FAD8     		bhi	.L38
 389:Drivers/STM32F4xx_HAL_Driver/Src/stm32f4xx_hal.c ****   {
 390:Drivers/STM32F4xx_HAL_Driver/Src/stm32f4xx_hal.c ****   }
 391:Drivers/STM32F4xx_HAL_Driver/Src/stm32f4xx_hal.c **** }
 420              		.loc 1 391 0
 421 0020 38BD     		pop	{r3, r4, r5, pc}
 422              	.LVL22:
 423              	.L41:
 424 0022 00BF     		.align	2
 425              	.L40:
 426 0024 00000000 		.word	.LANCHOR0
 427              		.cfi_endproc
 428              	.LFE140:
 430              		.section	.text.HAL_SuspendTick,"ax",%progbits
 431              		.align	2
 432              		.weak	HAL_SuspendTick
 433              		.thumb
 434              		.thumb_func
 436              	HAL_SuspendTick:
 437              	.LFB141:
 392:Drivers/STM32F4xx_HAL_Driver/Src/stm32f4xx_hal.c **** 
 393:Drivers/STM32F4xx_HAL_Driver/Src/stm32f4xx_hal.c **** /**
 394:Drivers/STM32F4xx_HAL_Driver/Src/stm32f4xx_hal.c ****   * @brief Suspend Tick increment.
 395:Drivers/STM32F4xx_HAL_Driver/Src/stm32f4xx_hal.c ****   * @note In the default implementation , SysTick timer is the source of time base. It is
 396:Drivers/STM32F4xx_HAL_Driver/Src/stm32f4xx_hal.c ****   *       used to generate interrupts at regular time intervals. Once HAL_SuspendTick()
 397:Drivers/STM32F4xx_HAL_Driver/Src/stm32f4xx_hal.c ****   *       is called, the SysTick interrupt will be disabled and so Tick increment 
 398:Drivers/STM32F4xx_HAL_Driver/Src/stm32f4xx_hal.c ****   *       is suspended.
 399:Drivers/STM32F4xx_HAL_Driver/Src/stm32f4xx_hal.c ****   * @note This function is declared as __weak to be overwritten in case of other
 400:Drivers/STM32F4xx_HAL_Driver/Src/stm32f4xx_hal.c ****   *       implementations in user file.
 401:Drivers/STM32F4xx_HAL_Driver/Src/stm32f4xx_hal.c ****   * @retval None
 402:Drivers/STM32F4xx_HAL_Driver/Src/stm32f4xx_hal.c ****   */
 403:Drivers/STM32F4xx_HAL_Driver/Src/stm32f4xx_hal.c **** __weak void HAL_SuspendTick(void)
 404:Drivers/STM32F4xx_HAL_Driver/Src/stm32f4xx_hal.c **** {
 438              		.loc 1 404 0
 439              		.cfi_startproc
 440              		@ args = 0, pretend = 0, frame = 0
 441              		@ frame_needed = 0, uses_anonymous_args = 0
 442              		@ link register save eliminated.
 405:Drivers/STM32F4xx_HAL_Driver/Src/stm32f4xx_hal.c ****   /* Disable SysTick Interrupt */
 406:Drivers/STM32F4xx_HAL_Driver/Src/stm32f4xx_hal.c ****   SysTick->CTRL &= ~SysTick_CTRL_TICKINT_Msk;
 443              		.loc 1 406 0
 444 0000 024A     		ldr	r2, .L43
 445 0002 1368     		ldr	r3, [r2]
 446 0004 23F00203 		bic	r3, r3, #2
 447 0008 1360     		str	r3, [r2]
ARM GAS  /tmp/ccLnVkjT.s 			page 16


 448 000a 7047     		bx	lr
 449              	.L44:
 450              		.align	2
 451              	.L43:
 452 000c 10E000E0 		.word	-536813552
 453              		.cfi_endproc
 454              	.LFE141:
 456              		.section	.text.HAL_ResumeTick,"ax",%progbits
 457              		.align	2
 458              		.weak	HAL_ResumeTick
 459              		.thumb
 460              		.thumb_func
 462              	HAL_ResumeTick:
 463              	.LFB142:
 407:Drivers/STM32F4xx_HAL_Driver/Src/stm32f4xx_hal.c **** }
 408:Drivers/STM32F4xx_HAL_Driver/Src/stm32f4xx_hal.c **** 
 409:Drivers/STM32F4xx_HAL_Driver/Src/stm32f4xx_hal.c **** /**
 410:Drivers/STM32F4xx_HAL_Driver/Src/stm32f4xx_hal.c ****   * @brief Resume Tick increment.
 411:Drivers/STM32F4xx_HAL_Driver/Src/stm32f4xx_hal.c ****   * @note In the default implementation , SysTick timer is the source of time base. It is
 412:Drivers/STM32F4xx_HAL_Driver/Src/stm32f4xx_hal.c ****   *       used to generate interrupts at regular time intervals. Once HAL_ResumeTick()
 413:Drivers/STM32F4xx_HAL_Driver/Src/stm32f4xx_hal.c ****   *       is called, the SysTick interrupt will be enabled and so Tick increment 
 414:Drivers/STM32F4xx_HAL_Driver/Src/stm32f4xx_hal.c ****   *       is resumed.
 415:Drivers/STM32F4xx_HAL_Driver/Src/stm32f4xx_hal.c ****   * @note This function is declared as __weak to be overwritten in case of other
 416:Drivers/STM32F4xx_HAL_Driver/Src/stm32f4xx_hal.c ****   *       implementations in user file.
 417:Drivers/STM32F4xx_HAL_Driver/Src/stm32f4xx_hal.c ****   * @retval None
 418:Drivers/STM32F4xx_HAL_Driver/Src/stm32f4xx_hal.c ****   */
 419:Drivers/STM32F4xx_HAL_Driver/Src/stm32f4xx_hal.c **** __weak void HAL_ResumeTick(void)
 420:Drivers/STM32F4xx_HAL_Driver/Src/stm32f4xx_hal.c **** {
 464              		.loc 1 420 0
 465              		.cfi_startproc
 466              		@ args = 0, pretend = 0, frame = 0
 467              		@ frame_needed = 0, uses_anonymous_args = 0
 468              		@ link register save eliminated.
 421:Drivers/STM32F4xx_HAL_Driver/Src/stm32f4xx_hal.c ****   /* Enable SysTick Interrupt */
 422:Drivers/STM32F4xx_HAL_Driver/Src/stm32f4xx_hal.c ****   SysTick->CTRL  |= SysTick_CTRL_TICKINT_Msk;
 469              		.loc 1 422 0
 470 0000 024A     		ldr	r2, .L46
 471 0002 1368     		ldr	r3, [r2]
 472 0004 43F00203 		orr	r3, r3, #2
 473 0008 1360     		str	r3, [r2]
 474 000a 7047     		bx	lr
 475              	.L47:
 476              		.align	2
 477              	.L46:
 478 000c 10E000E0 		.word	-536813552
 479              		.cfi_endproc
 480              	.LFE142:
 482              		.section	.text.HAL_GetHalVersion,"ax",%progbits
 483              		.align	2
 484              		.global	HAL_GetHalVersion
 485              		.thumb
 486              		.thumb_func
 488              	HAL_GetHalVersion:
 489              	.LFB143:
 423:Drivers/STM32F4xx_HAL_Driver/Src/stm32f4xx_hal.c **** }
 424:Drivers/STM32F4xx_HAL_Driver/Src/stm32f4xx_hal.c **** 
 425:Drivers/STM32F4xx_HAL_Driver/Src/stm32f4xx_hal.c **** /**
ARM GAS  /tmp/ccLnVkjT.s 			page 17


 426:Drivers/STM32F4xx_HAL_Driver/Src/stm32f4xx_hal.c ****   * @brief  Returns the HAL revision
 427:Drivers/STM32F4xx_HAL_Driver/Src/stm32f4xx_hal.c ****   * @retval version : 0xXYZR (8bits for each decimal, R for RC)
 428:Drivers/STM32F4xx_HAL_Driver/Src/stm32f4xx_hal.c ****   */
 429:Drivers/STM32F4xx_HAL_Driver/Src/stm32f4xx_hal.c **** uint32_t HAL_GetHalVersion(void)
 430:Drivers/STM32F4xx_HAL_Driver/Src/stm32f4xx_hal.c **** {
 490              		.loc 1 430 0
 491              		.cfi_startproc
 492              		@ args = 0, pretend = 0, frame = 0
 493              		@ frame_needed = 0, uses_anonymous_args = 0
 494              		@ link register save eliminated.
 431:Drivers/STM32F4xx_HAL_Driver/Src/stm32f4xx_hal.c ****   return __STM32F4xx_HAL_VERSION;
 432:Drivers/STM32F4xx_HAL_Driver/Src/stm32f4xx_hal.c **** }
 495              		.loc 1 432 0
 496 0000 0048     		ldr	r0, .L49
 497 0002 7047     		bx	lr
 498              	.L50:
 499              		.align	2
 500              	.L49:
 501 0004 00060701 		.word	17237504
 502              		.cfi_endproc
 503              	.LFE143:
 505              		.section	.text.HAL_GetREVID,"ax",%progbits
 506              		.align	2
 507              		.global	HAL_GetREVID
 508              		.thumb
 509              		.thumb_func
 511              	HAL_GetREVID:
 512              	.LFB144:
 433:Drivers/STM32F4xx_HAL_Driver/Src/stm32f4xx_hal.c **** 
 434:Drivers/STM32F4xx_HAL_Driver/Src/stm32f4xx_hal.c **** /**
 435:Drivers/STM32F4xx_HAL_Driver/Src/stm32f4xx_hal.c ****   * @brief  Returns the device revision identifier.
 436:Drivers/STM32F4xx_HAL_Driver/Src/stm32f4xx_hal.c ****   * @retval Device revision identifier
 437:Drivers/STM32F4xx_HAL_Driver/Src/stm32f4xx_hal.c ****   */
 438:Drivers/STM32F4xx_HAL_Driver/Src/stm32f4xx_hal.c **** uint32_t HAL_GetREVID(void)
 439:Drivers/STM32F4xx_HAL_Driver/Src/stm32f4xx_hal.c **** {
 513              		.loc 1 439 0
 514              		.cfi_startproc
 515              		@ args = 0, pretend = 0, frame = 0
 516              		@ frame_needed = 0, uses_anonymous_args = 0
 517              		@ link register save eliminated.
 440:Drivers/STM32F4xx_HAL_Driver/Src/stm32f4xx_hal.c ****   return((DBGMCU->IDCODE) >> 16U);
 518              		.loc 1 440 0
 519 0000 014B     		ldr	r3, .L52
 520 0002 1868     		ldr	r0, [r3]
 441:Drivers/STM32F4xx_HAL_Driver/Src/stm32f4xx_hal.c **** }
 521              		.loc 1 441 0
 522 0004 000C     		lsrs	r0, r0, #16
 523 0006 7047     		bx	lr
 524              	.L53:
 525              		.align	2
 526              	.L52:
 527 0008 002004E0 		.word	-536600576
 528              		.cfi_endproc
 529              	.LFE144:
 531              		.section	.text.HAL_GetDEVID,"ax",%progbits
 532              		.align	2
 533              		.global	HAL_GetDEVID
ARM GAS  /tmp/ccLnVkjT.s 			page 18


 534              		.thumb
 535              		.thumb_func
 537              	HAL_GetDEVID:
 538              	.LFB145:
 442:Drivers/STM32F4xx_HAL_Driver/Src/stm32f4xx_hal.c **** 
 443:Drivers/STM32F4xx_HAL_Driver/Src/stm32f4xx_hal.c **** /**
 444:Drivers/STM32F4xx_HAL_Driver/Src/stm32f4xx_hal.c ****   * @brief  Returns the device identifier.
 445:Drivers/STM32F4xx_HAL_Driver/Src/stm32f4xx_hal.c ****   * @retval Device identifier
 446:Drivers/STM32F4xx_HAL_Driver/Src/stm32f4xx_hal.c ****   */
 447:Drivers/STM32F4xx_HAL_Driver/Src/stm32f4xx_hal.c **** uint32_t HAL_GetDEVID(void)
 448:Drivers/STM32F4xx_HAL_Driver/Src/stm32f4xx_hal.c **** {
 539              		.loc 1 448 0
 540              		.cfi_startproc
 541              		@ args = 0, pretend = 0, frame = 0
 542              		@ frame_needed = 0, uses_anonymous_args = 0
 543              		@ link register save eliminated.
 449:Drivers/STM32F4xx_HAL_Driver/Src/stm32f4xx_hal.c ****   return((DBGMCU->IDCODE) & IDCODE_DEVID_MASK);
 544              		.loc 1 449 0
 545 0000 024B     		ldr	r3, .L55
 546 0002 1868     		ldr	r0, [r3]
 450:Drivers/STM32F4xx_HAL_Driver/Src/stm32f4xx_hal.c **** }
 547              		.loc 1 450 0
 548 0004 C0F30B00 		ubfx	r0, r0, #0, #12
 549 0008 7047     		bx	lr
 550              	.L56:
 551 000a 00BF     		.align	2
 552              	.L55:
 553 000c 002004E0 		.word	-536600576
 554              		.cfi_endproc
 555              	.LFE145:
 557              		.section	.text.HAL_DBGMCU_EnableDBGSleepMode,"ax",%progbits
 558              		.align	2
 559              		.global	HAL_DBGMCU_EnableDBGSleepMode
 560              		.thumb
 561              		.thumb_func
 563              	HAL_DBGMCU_EnableDBGSleepMode:
 564              	.LFB146:
 451:Drivers/STM32F4xx_HAL_Driver/Src/stm32f4xx_hal.c **** 
 452:Drivers/STM32F4xx_HAL_Driver/Src/stm32f4xx_hal.c **** /**
 453:Drivers/STM32F4xx_HAL_Driver/Src/stm32f4xx_hal.c ****   * @brief  Enable the Debug Module during SLEEP mode
 454:Drivers/STM32F4xx_HAL_Driver/Src/stm32f4xx_hal.c ****   * @retval None
 455:Drivers/STM32F4xx_HAL_Driver/Src/stm32f4xx_hal.c ****   */
 456:Drivers/STM32F4xx_HAL_Driver/Src/stm32f4xx_hal.c **** void HAL_DBGMCU_EnableDBGSleepMode(void)
 457:Drivers/STM32F4xx_HAL_Driver/Src/stm32f4xx_hal.c **** {
 565              		.loc 1 457 0
 566              		.cfi_startproc
 567              		@ args = 0, pretend = 0, frame = 0
 568              		@ frame_needed = 0, uses_anonymous_args = 0
 569              		@ link register save eliminated.
 458:Drivers/STM32F4xx_HAL_Driver/Src/stm32f4xx_hal.c ****   SET_BIT(DBGMCU->CR, DBGMCU_CR_DBG_SLEEP);
 570              		.loc 1 458 0
 571 0000 024A     		ldr	r2, .L58
 572 0002 5368     		ldr	r3, [r2, #4]
 573 0004 43F00103 		orr	r3, r3, #1
 574 0008 5360     		str	r3, [r2, #4]
 575 000a 7047     		bx	lr
 576              	.L59:
ARM GAS  /tmp/ccLnVkjT.s 			page 19


 577              		.align	2
 578              	.L58:
 579 000c 002004E0 		.word	-536600576
 580              		.cfi_endproc
 581              	.LFE146:
 583              		.section	.text.HAL_DBGMCU_DisableDBGSleepMode,"ax",%progbits
 584              		.align	2
 585              		.global	HAL_DBGMCU_DisableDBGSleepMode
 586              		.thumb
 587              		.thumb_func
 589              	HAL_DBGMCU_DisableDBGSleepMode:
 590              	.LFB147:
 459:Drivers/STM32F4xx_HAL_Driver/Src/stm32f4xx_hal.c **** }
 460:Drivers/STM32F4xx_HAL_Driver/Src/stm32f4xx_hal.c **** 
 461:Drivers/STM32F4xx_HAL_Driver/Src/stm32f4xx_hal.c **** /**
 462:Drivers/STM32F4xx_HAL_Driver/Src/stm32f4xx_hal.c ****   * @brief  Disable the Debug Module during SLEEP mode
 463:Drivers/STM32F4xx_HAL_Driver/Src/stm32f4xx_hal.c ****   * @retval None
 464:Drivers/STM32F4xx_HAL_Driver/Src/stm32f4xx_hal.c ****   */
 465:Drivers/STM32F4xx_HAL_Driver/Src/stm32f4xx_hal.c **** void HAL_DBGMCU_DisableDBGSleepMode(void)
 466:Drivers/STM32F4xx_HAL_Driver/Src/stm32f4xx_hal.c **** {
 591              		.loc 1 466 0
 592              		.cfi_startproc
 593              		@ args = 0, pretend = 0, frame = 0
 594              		@ frame_needed = 0, uses_anonymous_args = 0
 595              		@ link register save eliminated.
 467:Drivers/STM32F4xx_HAL_Driver/Src/stm32f4xx_hal.c ****   CLEAR_BIT(DBGMCU->CR, DBGMCU_CR_DBG_SLEEP);
 596              		.loc 1 467 0
 597 0000 024A     		ldr	r2, .L61
 598 0002 5368     		ldr	r3, [r2, #4]
 599 0004 23F00103 		bic	r3, r3, #1
 600 0008 5360     		str	r3, [r2, #4]
 601 000a 7047     		bx	lr
 602              	.L62:
 603              		.align	2
 604              	.L61:
 605 000c 002004E0 		.word	-536600576
 606              		.cfi_endproc
 607              	.LFE147:
 609              		.section	.text.HAL_DBGMCU_EnableDBGStopMode,"ax",%progbits
 610              		.align	2
 611              		.global	HAL_DBGMCU_EnableDBGStopMode
 612              		.thumb
 613              		.thumb_func
 615              	HAL_DBGMCU_EnableDBGStopMode:
 616              	.LFB148:
 468:Drivers/STM32F4xx_HAL_Driver/Src/stm32f4xx_hal.c **** }
 469:Drivers/STM32F4xx_HAL_Driver/Src/stm32f4xx_hal.c **** 
 470:Drivers/STM32F4xx_HAL_Driver/Src/stm32f4xx_hal.c **** /**
 471:Drivers/STM32F4xx_HAL_Driver/Src/stm32f4xx_hal.c ****   * @brief  Enable the Debug Module during STOP mode
 472:Drivers/STM32F4xx_HAL_Driver/Src/stm32f4xx_hal.c ****   * @retval None
 473:Drivers/STM32F4xx_HAL_Driver/Src/stm32f4xx_hal.c ****   */
 474:Drivers/STM32F4xx_HAL_Driver/Src/stm32f4xx_hal.c **** void HAL_DBGMCU_EnableDBGStopMode(void)
 475:Drivers/STM32F4xx_HAL_Driver/Src/stm32f4xx_hal.c **** {
 617              		.loc 1 475 0
 618              		.cfi_startproc
 619              		@ args = 0, pretend = 0, frame = 0
 620              		@ frame_needed = 0, uses_anonymous_args = 0
ARM GAS  /tmp/ccLnVkjT.s 			page 20


 621              		@ link register save eliminated.
 476:Drivers/STM32F4xx_HAL_Driver/Src/stm32f4xx_hal.c ****   SET_BIT(DBGMCU->CR, DBGMCU_CR_DBG_STOP);
 622              		.loc 1 476 0
 623 0000 024A     		ldr	r2, .L64
 624 0002 5368     		ldr	r3, [r2, #4]
 625 0004 43F00203 		orr	r3, r3, #2
 626 0008 5360     		str	r3, [r2, #4]
 627 000a 7047     		bx	lr
 628              	.L65:
 629              		.align	2
 630              	.L64:
 631 000c 002004E0 		.word	-536600576
 632              		.cfi_endproc
 633              	.LFE148:
 635              		.section	.text.HAL_DBGMCU_DisableDBGStopMode,"ax",%progbits
 636              		.align	2
 637              		.global	HAL_DBGMCU_DisableDBGStopMode
 638              		.thumb
 639              		.thumb_func
 641              	HAL_DBGMCU_DisableDBGStopMode:
 642              	.LFB149:
 477:Drivers/STM32F4xx_HAL_Driver/Src/stm32f4xx_hal.c **** }
 478:Drivers/STM32F4xx_HAL_Driver/Src/stm32f4xx_hal.c **** 
 479:Drivers/STM32F4xx_HAL_Driver/Src/stm32f4xx_hal.c **** /**
 480:Drivers/STM32F4xx_HAL_Driver/Src/stm32f4xx_hal.c ****   * @brief  Disable the Debug Module during STOP mode
 481:Drivers/STM32F4xx_HAL_Driver/Src/stm32f4xx_hal.c ****   * @retval None
 482:Drivers/STM32F4xx_HAL_Driver/Src/stm32f4xx_hal.c ****   */
 483:Drivers/STM32F4xx_HAL_Driver/Src/stm32f4xx_hal.c **** void HAL_DBGMCU_DisableDBGStopMode(void)
 484:Drivers/STM32F4xx_HAL_Driver/Src/stm32f4xx_hal.c **** {
 643              		.loc 1 484 0
 644              		.cfi_startproc
 645              		@ args = 0, pretend = 0, frame = 0
 646              		@ frame_needed = 0, uses_anonymous_args = 0
 647              		@ link register save eliminated.
 485:Drivers/STM32F4xx_HAL_Driver/Src/stm32f4xx_hal.c ****   CLEAR_BIT(DBGMCU->CR, DBGMCU_CR_DBG_STOP);
 648              		.loc 1 485 0
 649 0000 024A     		ldr	r2, .L67
 650 0002 5368     		ldr	r3, [r2, #4]
 651 0004 23F00203 		bic	r3, r3, #2
 652 0008 5360     		str	r3, [r2, #4]
 653 000a 7047     		bx	lr
 654              	.L68:
 655              		.align	2
 656              	.L67:
 657 000c 002004E0 		.word	-536600576
 658              		.cfi_endproc
 659              	.LFE149:
 661              		.section	.text.HAL_DBGMCU_EnableDBGStandbyMode,"ax",%progbits
 662              		.align	2
 663              		.global	HAL_DBGMCU_EnableDBGStandbyMode
 664              		.thumb
 665              		.thumb_func
 667              	HAL_DBGMCU_EnableDBGStandbyMode:
 668              	.LFB150:
 486:Drivers/STM32F4xx_HAL_Driver/Src/stm32f4xx_hal.c **** }
 487:Drivers/STM32F4xx_HAL_Driver/Src/stm32f4xx_hal.c **** 
 488:Drivers/STM32F4xx_HAL_Driver/Src/stm32f4xx_hal.c **** /**
ARM GAS  /tmp/ccLnVkjT.s 			page 21


 489:Drivers/STM32F4xx_HAL_Driver/Src/stm32f4xx_hal.c ****   * @brief  Enable the Debug Module during STANDBY mode
 490:Drivers/STM32F4xx_HAL_Driver/Src/stm32f4xx_hal.c ****   * @retval None
 491:Drivers/STM32F4xx_HAL_Driver/Src/stm32f4xx_hal.c ****   */
 492:Drivers/STM32F4xx_HAL_Driver/Src/stm32f4xx_hal.c **** void HAL_DBGMCU_EnableDBGStandbyMode(void)
 493:Drivers/STM32F4xx_HAL_Driver/Src/stm32f4xx_hal.c **** {
 669              		.loc 1 493 0
 670              		.cfi_startproc
 671              		@ args = 0, pretend = 0, frame = 0
 672              		@ frame_needed = 0, uses_anonymous_args = 0
 673              		@ link register save eliminated.
 494:Drivers/STM32F4xx_HAL_Driver/Src/stm32f4xx_hal.c ****   SET_BIT(DBGMCU->CR, DBGMCU_CR_DBG_STANDBY);
 674              		.loc 1 494 0
 675 0000 024A     		ldr	r2, .L70
 676 0002 5368     		ldr	r3, [r2, #4]
 677 0004 43F00403 		orr	r3, r3, #4
 678 0008 5360     		str	r3, [r2, #4]
 679 000a 7047     		bx	lr
 680              	.L71:
 681              		.align	2
 682              	.L70:
 683 000c 002004E0 		.word	-536600576
 684              		.cfi_endproc
 685              	.LFE150:
 687              		.section	.text.HAL_DBGMCU_DisableDBGStandbyMode,"ax",%progbits
 688              		.align	2
 689              		.global	HAL_DBGMCU_DisableDBGStandbyMode
 690              		.thumb
 691              		.thumb_func
 693              	HAL_DBGMCU_DisableDBGStandbyMode:
 694              	.LFB151:
 495:Drivers/STM32F4xx_HAL_Driver/Src/stm32f4xx_hal.c **** }
 496:Drivers/STM32F4xx_HAL_Driver/Src/stm32f4xx_hal.c **** 
 497:Drivers/STM32F4xx_HAL_Driver/Src/stm32f4xx_hal.c **** /**
 498:Drivers/STM32F4xx_HAL_Driver/Src/stm32f4xx_hal.c ****   * @brief  Disable the Debug Module during STANDBY mode
 499:Drivers/STM32F4xx_HAL_Driver/Src/stm32f4xx_hal.c ****   * @retval None
 500:Drivers/STM32F4xx_HAL_Driver/Src/stm32f4xx_hal.c ****   */
 501:Drivers/STM32F4xx_HAL_Driver/Src/stm32f4xx_hal.c **** void HAL_DBGMCU_DisableDBGStandbyMode(void)
 502:Drivers/STM32F4xx_HAL_Driver/Src/stm32f4xx_hal.c **** {
 695              		.loc 1 502 0
 696              		.cfi_startproc
 697              		@ args = 0, pretend = 0, frame = 0
 698              		@ frame_needed = 0, uses_anonymous_args = 0
 699              		@ link register save eliminated.
 503:Drivers/STM32F4xx_HAL_Driver/Src/stm32f4xx_hal.c ****   CLEAR_BIT(DBGMCU->CR, DBGMCU_CR_DBG_STANDBY);
 700              		.loc 1 503 0
 701 0000 024A     		ldr	r2, .L73
 702 0002 5368     		ldr	r3, [r2, #4]
 703 0004 23F00403 		bic	r3, r3, #4
 704 0008 5360     		str	r3, [r2, #4]
 705 000a 7047     		bx	lr
 706              	.L74:
 707              		.align	2
 708              	.L73:
 709 000c 002004E0 		.word	-536600576
 710              		.cfi_endproc
 711              	.LFE151:
 713              		.section	.text.HAL_EnableCompensationCell,"ax",%progbits
ARM GAS  /tmp/ccLnVkjT.s 			page 22


 714              		.align	2
 715              		.global	HAL_EnableCompensationCell
 716              		.thumb
 717              		.thumb_func
 719              	HAL_EnableCompensationCell:
 720              	.LFB152:
 504:Drivers/STM32F4xx_HAL_Driver/Src/stm32f4xx_hal.c **** }
 505:Drivers/STM32F4xx_HAL_Driver/Src/stm32f4xx_hal.c **** 
 506:Drivers/STM32F4xx_HAL_Driver/Src/stm32f4xx_hal.c **** /**
 507:Drivers/STM32F4xx_HAL_Driver/Src/stm32f4xx_hal.c ****   * @brief  Enables the I/O Compensation Cell.
 508:Drivers/STM32F4xx_HAL_Driver/Src/stm32f4xx_hal.c ****   * @note   The I/O compensation cell can be used only when the device supply
 509:Drivers/STM32F4xx_HAL_Driver/Src/stm32f4xx_hal.c ****   *         voltage ranges from 2.4 to 3.6 V.  
 510:Drivers/STM32F4xx_HAL_Driver/Src/stm32f4xx_hal.c ****   * @retval None
 511:Drivers/STM32F4xx_HAL_Driver/Src/stm32f4xx_hal.c ****   */
 512:Drivers/STM32F4xx_HAL_Driver/Src/stm32f4xx_hal.c **** void HAL_EnableCompensationCell(void)
 513:Drivers/STM32F4xx_HAL_Driver/Src/stm32f4xx_hal.c **** {
 721              		.loc 1 513 0
 722              		.cfi_startproc
 723              		@ args = 0, pretend = 0, frame = 0
 724              		@ frame_needed = 0, uses_anonymous_args = 0
 725              		@ link register save eliminated.
 514:Drivers/STM32F4xx_HAL_Driver/Src/stm32f4xx_hal.c ****   *(__IO uint32_t *)CMPCR_CMP_PD_BB = (uint32_t)ENABLE;
 726              		.loc 1 514 0
 727 0000 0122     		movs	r2, #1
 728 0002 014B     		ldr	r3, .L76
 729 0004 1A60     		str	r2, [r3]
 730 0006 7047     		bx	lr
 731              	.L77:
 732              		.align	2
 733              	.L76:
 734 0008 00042742 		.word	1109853184
 735              		.cfi_endproc
 736              	.LFE152:
 738              		.section	.text.HAL_DisableCompensationCell,"ax",%progbits
 739              		.align	2
 740              		.global	HAL_DisableCompensationCell
 741              		.thumb
 742              		.thumb_func
 744              	HAL_DisableCompensationCell:
 745              	.LFB153:
 515:Drivers/STM32F4xx_HAL_Driver/Src/stm32f4xx_hal.c **** }
 516:Drivers/STM32F4xx_HAL_Driver/Src/stm32f4xx_hal.c **** 
 517:Drivers/STM32F4xx_HAL_Driver/Src/stm32f4xx_hal.c **** /**
 518:Drivers/STM32F4xx_HAL_Driver/Src/stm32f4xx_hal.c ****   * @brief  Power-down the I/O Compensation Cell.
 519:Drivers/STM32F4xx_HAL_Driver/Src/stm32f4xx_hal.c ****   * @note   The I/O compensation cell can be used only when the device supply
 520:Drivers/STM32F4xx_HAL_Driver/Src/stm32f4xx_hal.c ****   *         voltage ranges from 2.4 to 3.6 V.  
 521:Drivers/STM32F4xx_HAL_Driver/Src/stm32f4xx_hal.c ****   * @retval None
 522:Drivers/STM32F4xx_HAL_Driver/Src/stm32f4xx_hal.c ****   */
 523:Drivers/STM32F4xx_HAL_Driver/Src/stm32f4xx_hal.c **** void HAL_DisableCompensationCell(void)
 524:Drivers/STM32F4xx_HAL_Driver/Src/stm32f4xx_hal.c **** {
 746              		.loc 1 524 0
 747              		.cfi_startproc
 748              		@ args = 0, pretend = 0, frame = 0
 749              		@ frame_needed = 0, uses_anonymous_args = 0
 750              		@ link register save eliminated.
 525:Drivers/STM32F4xx_HAL_Driver/Src/stm32f4xx_hal.c ****   *(__IO uint32_t *)CMPCR_CMP_PD_BB = (uint32_t)DISABLE;
 751              		.loc 1 525 0
ARM GAS  /tmp/ccLnVkjT.s 			page 23


 752 0000 0022     		movs	r2, #0
 753 0002 014B     		ldr	r3, .L79
 754 0004 1A60     		str	r2, [r3]
 755 0006 7047     		bx	lr
 756              	.L80:
 757              		.align	2
 758              	.L79:
 759 0008 00042742 		.word	1109853184
 760              		.cfi_endproc
 761              	.LFE153:
 763              		.section	.text.HAL_GetUIDw0,"ax",%progbits
 764              		.align	2
 765              		.global	HAL_GetUIDw0
 766              		.thumb
 767              		.thumb_func
 769              	HAL_GetUIDw0:
 770              	.LFB154:
 526:Drivers/STM32F4xx_HAL_Driver/Src/stm32f4xx_hal.c **** }
 527:Drivers/STM32F4xx_HAL_Driver/Src/stm32f4xx_hal.c **** 
 528:Drivers/STM32F4xx_HAL_Driver/Src/stm32f4xx_hal.c **** /**
 529:Drivers/STM32F4xx_HAL_Driver/Src/stm32f4xx_hal.c ****   * @brief  Returns first word of the unique device identifier (UID based on 96 bits)
 530:Drivers/STM32F4xx_HAL_Driver/Src/stm32f4xx_hal.c ****   * @retval Device identifier
 531:Drivers/STM32F4xx_HAL_Driver/Src/stm32f4xx_hal.c ****   */
 532:Drivers/STM32F4xx_HAL_Driver/Src/stm32f4xx_hal.c **** uint32_t HAL_GetUIDw0(void)
 533:Drivers/STM32F4xx_HAL_Driver/Src/stm32f4xx_hal.c **** {
 771              		.loc 1 533 0
 772              		.cfi_startproc
 773              		@ args = 0, pretend = 0, frame = 0
 774              		@ frame_needed = 0, uses_anonymous_args = 0
 775              		@ link register save eliminated.
 534:Drivers/STM32F4xx_HAL_Driver/Src/stm32f4xx_hal.c ****   return (READ_REG(*((uint32_t *)UID_BASE)));
 535:Drivers/STM32F4xx_HAL_Driver/Src/stm32f4xx_hal.c **** }
 776              		.loc 1 535 0
 777 0000 014B     		ldr	r3, .L82
 778 0002 1868     		ldr	r0, [r3]
 779 0004 7047     		bx	lr
 780              	.L83:
 781 0006 00BF     		.align	2
 782              	.L82:
 783 0008 107AFF1F 		.word	536836624
 784              		.cfi_endproc
 785              	.LFE154:
 787              		.section	.text.HAL_GetUIDw1,"ax",%progbits
 788              		.align	2
 789              		.global	HAL_GetUIDw1
 790              		.thumb
 791              		.thumb_func
 793              	HAL_GetUIDw1:
 794              	.LFB155:
 536:Drivers/STM32F4xx_HAL_Driver/Src/stm32f4xx_hal.c **** 
 537:Drivers/STM32F4xx_HAL_Driver/Src/stm32f4xx_hal.c **** /**
 538:Drivers/STM32F4xx_HAL_Driver/Src/stm32f4xx_hal.c ****   * @brief  Returns second word of the unique device identifier (UID based on 96 bits)
 539:Drivers/STM32F4xx_HAL_Driver/Src/stm32f4xx_hal.c ****   * @retval Device identifier
 540:Drivers/STM32F4xx_HAL_Driver/Src/stm32f4xx_hal.c ****   */
 541:Drivers/STM32F4xx_HAL_Driver/Src/stm32f4xx_hal.c **** uint32_t HAL_GetUIDw1(void)
 542:Drivers/STM32F4xx_HAL_Driver/Src/stm32f4xx_hal.c **** {
 795              		.loc 1 542 0
ARM GAS  /tmp/ccLnVkjT.s 			page 24


 796              		.cfi_startproc
 797              		@ args = 0, pretend = 0, frame = 0
 798              		@ frame_needed = 0, uses_anonymous_args = 0
 799              		@ link register save eliminated.
 543:Drivers/STM32F4xx_HAL_Driver/Src/stm32f4xx_hal.c ****   return (READ_REG(*((uint32_t *)(UID_BASE + 4U))));
 544:Drivers/STM32F4xx_HAL_Driver/Src/stm32f4xx_hal.c **** }
 800              		.loc 1 544 0
 801 0000 014B     		ldr	r3, .L85
 802 0002 1868     		ldr	r0, [r3]
 803 0004 7047     		bx	lr
 804              	.L86:
 805 0006 00BF     		.align	2
 806              	.L85:
 807 0008 147AFF1F 		.word	536836628
 808              		.cfi_endproc
 809              	.LFE155:
 811              		.section	.text.HAL_GetUIDw2,"ax",%progbits
 812              		.align	2
 813              		.global	HAL_GetUIDw2
 814              		.thumb
 815              		.thumb_func
 817              	HAL_GetUIDw2:
 818              	.LFB156:
 545:Drivers/STM32F4xx_HAL_Driver/Src/stm32f4xx_hal.c **** 
 546:Drivers/STM32F4xx_HAL_Driver/Src/stm32f4xx_hal.c **** /**
 547:Drivers/STM32F4xx_HAL_Driver/Src/stm32f4xx_hal.c ****   * @brief  Returns third word of the unique device identifier (UID based on 96 bits)
 548:Drivers/STM32F4xx_HAL_Driver/Src/stm32f4xx_hal.c ****   * @retval Device identifier
 549:Drivers/STM32F4xx_HAL_Driver/Src/stm32f4xx_hal.c ****   */
 550:Drivers/STM32F4xx_HAL_Driver/Src/stm32f4xx_hal.c **** uint32_t HAL_GetUIDw2(void)
 551:Drivers/STM32F4xx_HAL_Driver/Src/stm32f4xx_hal.c **** {
 819              		.loc 1 551 0
 820              		.cfi_startproc
 821              		@ args = 0, pretend = 0, frame = 0
 822              		@ frame_needed = 0, uses_anonymous_args = 0
 823              		@ link register save eliminated.
 552:Drivers/STM32F4xx_HAL_Driver/Src/stm32f4xx_hal.c ****   return (READ_REG(*((uint32_t *)(UID_BASE + 8U))));
 553:Drivers/STM32F4xx_HAL_Driver/Src/stm32f4xx_hal.c **** }
 824              		.loc 1 553 0
 825 0000 014B     		ldr	r3, .L88
 826 0002 1868     		ldr	r0, [r3]
 827 0004 7047     		bx	lr
 828              	.L89:
 829 0006 00BF     		.align	2
 830              	.L88:
 831 0008 187AFF1F 		.word	536836632
 832              		.cfi_endproc
 833              	.LFE156:
 835              		.global	uwTickFreq
 836              		.global	uwTickPrio
 837              		.comm	uwTick,4,4
 838              		.section	.data.uwTickPrio,"aw",%progbits
 839              		.align	2
 840              		.set	.LANCHOR1,. + 0
 843              	uwTickPrio:
 844 0000 10000000 		.word	16
 845              		.section	.data.uwTickFreq,"aw",%progbits
 846              		.set	.LANCHOR0,. + 0
ARM GAS  /tmp/ccLnVkjT.s 			page 25


 849              	uwTickFreq:
 850 0000 01       		.byte	1
 851              		.text
 852              	.Letext0:
 853              		.file 2 "/usr/include/newlib/machine/_default_types.h"
 854              		.file 3 "/usr/include/newlib/sys/_stdint.h"
 855              		.file 4 "/usr/local/lib/ARM/CMSIS/5.4.0/CMSIS/Core/Include/core_cm4.h"
 856              		.file 5 "Drivers/CMSIS/Device/ST/STM32F4xx/Include/stm32f401xc.h"
 857              		.file 6 "Drivers/CMSIS/Device/ST/STM32F4xx/Include/stm32f4xx.h"
 858              		.file 7 "Drivers/STM32F4xx_HAL_Driver/Inc/stm32f4xx_hal_def.h"
 859              		.file 8 "Drivers/STM32F4xx_HAL_Driver/Inc/stm32f4xx_hal.h"
 860              		.file 9 "Drivers/CMSIS/Device/ST/STM32F4xx/Include/system_stm32f4xx.h"
 861              		.file 10 "Drivers/STM32F4xx_HAL_Driver/Inc/stm32f4xx_hal_cortex.h"
ARM GAS  /tmp/ccLnVkjT.s 			page 26


DEFINED SYMBOLS
                            *ABS*:0000000000000000 stm32f4xx_hal.c
     /tmp/ccLnVkjT.s:22     .text.HAL_MspInit:0000000000000000 $t
     /tmp/ccLnVkjT.s:27     .text.HAL_MspInit:0000000000000000 HAL_MspInit
     /tmp/ccLnVkjT.s:40     .text.HAL_MspDeInit:0000000000000000 $t
     /tmp/ccLnVkjT.s:45     .text.HAL_MspDeInit:0000000000000000 HAL_MspDeInit
     /tmp/ccLnVkjT.s:57     .text.HAL_DeInit:0000000000000000 $t
     /tmp/ccLnVkjT.s:62     .text.HAL_DeInit:0000000000000000 HAL_DeInit
     /tmp/ccLnVkjT.s:106    .text.HAL_DeInit:0000000000000028 $d
     /tmp/ccLnVkjT.s:111    .text.HAL_InitTick:0000000000000000 $t
     /tmp/ccLnVkjT.s:116    .text.HAL_InitTick:0000000000000000 HAL_InitTick
     /tmp/ccLnVkjT.s:171    .text.HAL_InitTick:0000000000000040 $d
     /tmp/ccLnVkjT.s:178    .text.HAL_Init:0000000000000000 $t
     /tmp/ccLnVkjT.s:183    .text.HAL_Init:0000000000000000 HAL_Init
     /tmp/ccLnVkjT.s:224    .text.HAL_Init:0000000000000030 $d
     /tmp/ccLnVkjT.s:229    .text.HAL_IncTick:0000000000000000 $t
     /tmp/ccLnVkjT.s:234    .text.HAL_IncTick:0000000000000000 HAL_IncTick
     /tmp/ccLnVkjT.s:252    .text.HAL_IncTick:0000000000000010 $d
                            *COM*:0000000000000004 uwTick
     /tmp/ccLnVkjT.s:258    .text.HAL_GetTick:0000000000000000 $t
     /tmp/ccLnVkjT.s:263    .text.HAL_GetTick:0000000000000000 HAL_GetTick
     /tmp/ccLnVkjT.s:278    .text.HAL_GetTick:0000000000000008 $d
     /tmp/ccLnVkjT.s:283    .text.HAL_GetTickPrio:0000000000000000 $t
     /tmp/ccLnVkjT.s:288    .text.HAL_GetTickPrio:0000000000000000 HAL_GetTickPrio
     /tmp/ccLnVkjT.s:302    .text.HAL_GetTickPrio:0000000000000008 $d
     /tmp/ccLnVkjT.s:307    .text.HAL_SetTickFreq:0000000000000000 $t
     /tmp/ccLnVkjT.s:312    .text.HAL_SetTickFreq:0000000000000000 HAL_SetTickFreq
     /tmp/ccLnVkjT.s:350    .text.HAL_SetTickFreq:000000000000001c $d
     /tmp/ccLnVkjT.s:356    .text.HAL_GetTickFreq:0000000000000000 $t
     /tmp/ccLnVkjT.s:361    .text.HAL_GetTickFreq:0000000000000000 HAL_GetTickFreq
     /tmp/ccLnVkjT.s:375    .text.HAL_GetTickFreq:0000000000000008 $d
     /tmp/ccLnVkjT.s:380    .text.HAL_Delay:0000000000000000 $t
     /tmp/ccLnVkjT.s:385    .text.HAL_Delay:0000000000000000 HAL_Delay
     /tmp/ccLnVkjT.s:426    .text.HAL_Delay:0000000000000024 $d
     /tmp/ccLnVkjT.s:431    .text.HAL_SuspendTick:0000000000000000 $t
     /tmp/ccLnVkjT.s:436    .text.HAL_SuspendTick:0000000000000000 HAL_SuspendTick
     /tmp/ccLnVkjT.s:452    .text.HAL_SuspendTick:000000000000000c $d
     /tmp/ccLnVkjT.s:457    .text.HAL_ResumeTick:0000000000000000 $t
     /tmp/ccLnVkjT.s:462    .text.HAL_ResumeTick:0000000000000000 HAL_ResumeTick
     /tmp/ccLnVkjT.s:478    .text.HAL_ResumeTick:000000000000000c $d
     /tmp/ccLnVkjT.s:483    .text.HAL_GetHalVersion:0000000000000000 $t
     /tmp/ccLnVkjT.s:488    .text.HAL_GetHalVersion:0000000000000000 HAL_GetHalVersion
     /tmp/ccLnVkjT.s:501    .text.HAL_GetHalVersion:0000000000000004 $d
     /tmp/ccLnVkjT.s:506    .text.HAL_GetREVID:0000000000000000 $t
     /tmp/ccLnVkjT.s:511    .text.HAL_GetREVID:0000000000000000 HAL_GetREVID
     /tmp/ccLnVkjT.s:527    .text.HAL_GetREVID:0000000000000008 $d
     /tmp/ccLnVkjT.s:532    .text.HAL_GetDEVID:0000000000000000 $t
     /tmp/ccLnVkjT.s:537    .text.HAL_GetDEVID:0000000000000000 HAL_GetDEVID
     /tmp/ccLnVkjT.s:553    .text.HAL_GetDEVID:000000000000000c $d
     /tmp/ccLnVkjT.s:558    .text.HAL_DBGMCU_EnableDBGSleepMode:0000000000000000 $t
     /tmp/ccLnVkjT.s:563    .text.HAL_DBGMCU_EnableDBGSleepMode:0000000000000000 HAL_DBGMCU_EnableDBGSleepMode
     /tmp/ccLnVkjT.s:579    .text.HAL_DBGMCU_EnableDBGSleepMode:000000000000000c $d
     /tmp/ccLnVkjT.s:584    .text.HAL_DBGMCU_DisableDBGSleepMode:0000000000000000 $t
     /tmp/ccLnVkjT.s:589    .text.HAL_DBGMCU_DisableDBGSleepMode:0000000000000000 HAL_DBGMCU_DisableDBGSleepMode
     /tmp/ccLnVkjT.s:605    .text.HAL_DBGMCU_DisableDBGSleepMode:000000000000000c $d
     /tmp/ccLnVkjT.s:610    .text.HAL_DBGMCU_EnableDBGStopMode:0000000000000000 $t
     /tmp/ccLnVkjT.s:615    .text.HAL_DBGMCU_EnableDBGStopMode:0000000000000000 HAL_DBGMCU_EnableDBGStopMode
ARM GAS  /tmp/ccLnVkjT.s 			page 27


     /tmp/ccLnVkjT.s:631    .text.HAL_DBGMCU_EnableDBGStopMode:000000000000000c $d
     /tmp/ccLnVkjT.s:636    .text.HAL_DBGMCU_DisableDBGStopMode:0000000000000000 $t
     /tmp/ccLnVkjT.s:641    .text.HAL_DBGMCU_DisableDBGStopMode:0000000000000000 HAL_DBGMCU_DisableDBGStopMode
     /tmp/ccLnVkjT.s:657    .text.HAL_DBGMCU_DisableDBGStopMode:000000000000000c $d
     /tmp/ccLnVkjT.s:662    .text.HAL_DBGMCU_EnableDBGStandbyMode:0000000000000000 $t
     /tmp/ccLnVkjT.s:667    .text.HAL_DBGMCU_EnableDBGStandbyMode:0000000000000000 HAL_DBGMCU_EnableDBGStandbyMode
     /tmp/ccLnVkjT.s:683    .text.HAL_DBGMCU_EnableDBGStandbyMode:000000000000000c $d
     /tmp/ccLnVkjT.s:688    .text.HAL_DBGMCU_DisableDBGStandbyMode:0000000000000000 $t
     /tmp/ccLnVkjT.s:693    .text.HAL_DBGMCU_DisableDBGStandbyMode:0000000000000000 HAL_DBGMCU_DisableDBGStandbyMode
     /tmp/ccLnVkjT.s:709    .text.HAL_DBGMCU_DisableDBGStandbyMode:000000000000000c $d
     /tmp/ccLnVkjT.s:714    .text.HAL_EnableCompensationCell:0000000000000000 $t
     /tmp/ccLnVkjT.s:719    .text.HAL_EnableCompensationCell:0000000000000000 HAL_EnableCompensationCell
     /tmp/ccLnVkjT.s:734    .text.HAL_EnableCompensationCell:0000000000000008 $d
     /tmp/ccLnVkjT.s:739    .text.HAL_DisableCompensationCell:0000000000000000 $t
     /tmp/ccLnVkjT.s:744    .text.HAL_DisableCompensationCell:0000000000000000 HAL_DisableCompensationCell
     /tmp/ccLnVkjT.s:759    .text.HAL_DisableCompensationCell:0000000000000008 $d
     /tmp/ccLnVkjT.s:764    .text.HAL_GetUIDw0:0000000000000000 $t
     /tmp/ccLnVkjT.s:769    .text.HAL_GetUIDw0:0000000000000000 HAL_GetUIDw0
     /tmp/ccLnVkjT.s:783    .text.HAL_GetUIDw0:0000000000000008 $d
     /tmp/ccLnVkjT.s:788    .text.HAL_GetUIDw1:0000000000000000 $t
     /tmp/ccLnVkjT.s:793    .text.HAL_GetUIDw1:0000000000000000 HAL_GetUIDw1
     /tmp/ccLnVkjT.s:807    .text.HAL_GetUIDw1:0000000000000008 $d
     /tmp/ccLnVkjT.s:812    .text.HAL_GetUIDw2:0000000000000000 $t
     /tmp/ccLnVkjT.s:817    .text.HAL_GetUIDw2:0000000000000000 HAL_GetUIDw2
     /tmp/ccLnVkjT.s:831    .text.HAL_GetUIDw2:0000000000000008 $d
     /tmp/ccLnVkjT.s:849    .data.uwTickFreq:0000000000000000 uwTickFreq
     /tmp/ccLnVkjT.s:843    .data.uwTickPrio:0000000000000000 uwTickPrio
     /tmp/ccLnVkjT.s:839    .data.uwTickPrio:0000000000000000 $d
                     .debug_frame:0000000000000010 $d

UNDEFINED SYMBOLS
HAL_SYSTICK_Config
HAL_NVIC_SetPriority
SystemCoreClock
HAL_NVIC_SetPriorityGrouping
