ARM GAS  /tmp/ccNAbu98.s 			page 1


   1              		.syntax unified
   2              		.cpu cortex-m4
   3              		.eabi_attribute 27, 1
   4              		.eabi_attribute 28, 1
   5              		.fpu fpv4-sp-d16
   6              		.eabi_attribute 20, 1
   7              		.eabi_attribute 21, 1
   8              		.eabi_attribute 23, 3
   9              		.eabi_attribute 24, 1
  10              		.eabi_attribute 25, 1
  11              		.eabi_attribute 26, 1
  12              		.eabi_attribute 30, 1
  13              		.eabi_attribute 34, 1
  14              		.eabi_attribute 18, 4
  15              		.thumb
  16              		.syntax unified
  17              		.file	"stm32f4xx_hal_msp.c"
  18              		.text
  19              	.Ltext0:
  20              		.cfi_sections	.debug_frame
  21              		.section	.text.HAL_MspInit,"ax",%progbits
  22              		.align	2
  23              		.global	HAL_MspInit
  24              		.thumb
  25              		.thumb_func
  27              	HAL_MspInit:
  28              	.LFB130:
  29              		.file 1 "Src/stm32f4xx_hal_msp.c"
   1:Src/stm32f4xx_hal_msp.c **** /* USER CODE BEGIN Header */
   2:Src/stm32f4xx_hal_msp.c **** /**
   3:Src/stm32f4xx_hal_msp.c ****   ******************************************************************************
   4:Src/stm32f4xx_hal_msp.c ****   * File Name          : stm32f4xx_hal_msp.c
   5:Src/stm32f4xx_hal_msp.c ****   * Description        : This file provides code for the MSP Initialization 
   6:Src/stm32f4xx_hal_msp.c ****   *                      and de-Initialization codes.
   7:Src/stm32f4xx_hal_msp.c ****   ******************************************************************************
   8:Src/stm32f4xx_hal_msp.c ****   * @attention
   9:Src/stm32f4xx_hal_msp.c ****   *
  10:Src/stm32f4xx_hal_msp.c ****   * <h2><center>&copy; Copyright (c) 2019 STMicroelectronics.
  11:Src/stm32f4xx_hal_msp.c ****   * All rights reserved.</center></h2>
  12:Src/stm32f4xx_hal_msp.c ****   *
  13:Src/stm32f4xx_hal_msp.c ****   * This software component is licensed by ST under BSD 3-Clause license,
  14:Src/stm32f4xx_hal_msp.c ****   * the "License"; You may not use this file except in compliance with the
  15:Src/stm32f4xx_hal_msp.c ****   * License. You may obtain a copy of the License at:
  16:Src/stm32f4xx_hal_msp.c ****   *                        opensource.org/licenses/BSD-3-Clause
  17:Src/stm32f4xx_hal_msp.c ****   *
  18:Src/stm32f4xx_hal_msp.c ****   ******************************************************************************
  19:Src/stm32f4xx_hal_msp.c ****   */
  20:Src/stm32f4xx_hal_msp.c **** /* USER CODE END Header */
  21:Src/stm32f4xx_hal_msp.c **** 
  22:Src/stm32f4xx_hal_msp.c **** /* Includes ------------------------------------------------------------------*/
  23:Src/stm32f4xx_hal_msp.c **** #include "main.h"
  24:Src/stm32f4xx_hal_msp.c **** /* USER CODE BEGIN Includes */
  25:Src/stm32f4xx_hal_msp.c **** 
  26:Src/stm32f4xx_hal_msp.c **** /* USER CODE END Includes */
  27:Src/stm32f4xx_hal_msp.c **** extern DMA_HandleTypeDef hdma_usart1_rx;
  28:Src/stm32f4xx_hal_msp.c **** 
  29:Src/stm32f4xx_hal_msp.c **** extern DMA_HandleTypeDef hdma_usart1_tx;
ARM GAS  /tmp/ccNAbu98.s 			page 2


  30:Src/stm32f4xx_hal_msp.c **** 
  31:Src/stm32f4xx_hal_msp.c **** extern DMA_HandleTypeDef hdma_usart2_rx;
  32:Src/stm32f4xx_hal_msp.c **** 
  33:Src/stm32f4xx_hal_msp.c **** extern DMA_HandleTypeDef hdma_usart2_tx;
  34:Src/stm32f4xx_hal_msp.c **** 
  35:Src/stm32f4xx_hal_msp.c **** extern DMA_HandleTypeDef hdma_usart6_rx;
  36:Src/stm32f4xx_hal_msp.c **** 
  37:Src/stm32f4xx_hal_msp.c **** extern DMA_HandleTypeDef hdma_usart6_tx;
  38:Src/stm32f4xx_hal_msp.c **** 
  39:Src/stm32f4xx_hal_msp.c **** /* Private typedef -----------------------------------------------------------*/
  40:Src/stm32f4xx_hal_msp.c **** /* USER CODE BEGIN TD */
  41:Src/stm32f4xx_hal_msp.c **** 
  42:Src/stm32f4xx_hal_msp.c **** /* USER CODE END TD */
  43:Src/stm32f4xx_hal_msp.c **** 
  44:Src/stm32f4xx_hal_msp.c **** /* Private define ------------------------------------------------------------*/
  45:Src/stm32f4xx_hal_msp.c **** /* USER CODE BEGIN Define */
  46:Src/stm32f4xx_hal_msp.c ****  
  47:Src/stm32f4xx_hal_msp.c **** /* USER CODE END Define */
  48:Src/stm32f4xx_hal_msp.c **** 
  49:Src/stm32f4xx_hal_msp.c **** /* Private macro -------------------------------------------------------------*/
  50:Src/stm32f4xx_hal_msp.c **** /* USER CODE BEGIN Macro */
  51:Src/stm32f4xx_hal_msp.c **** 
  52:Src/stm32f4xx_hal_msp.c **** /* USER CODE END Macro */
  53:Src/stm32f4xx_hal_msp.c **** 
  54:Src/stm32f4xx_hal_msp.c **** /* Private variables ---------------------------------------------------------*/
  55:Src/stm32f4xx_hal_msp.c **** /* USER CODE BEGIN PV */
  56:Src/stm32f4xx_hal_msp.c **** 
  57:Src/stm32f4xx_hal_msp.c **** /* USER CODE END PV */
  58:Src/stm32f4xx_hal_msp.c **** 
  59:Src/stm32f4xx_hal_msp.c **** /* Private function prototypes -----------------------------------------------*/
  60:Src/stm32f4xx_hal_msp.c **** /* USER CODE BEGIN PFP */
  61:Src/stm32f4xx_hal_msp.c **** 
  62:Src/stm32f4xx_hal_msp.c **** /* USER CODE END PFP */
  63:Src/stm32f4xx_hal_msp.c **** 
  64:Src/stm32f4xx_hal_msp.c **** /* External functions --------------------------------------------------------*/
  65:Src/stm32f4xx_hal_msp.c **** /* USER CODE BEGIN ExternalFunctions */
  66:Src/stm32f4xx_hal_msp.c **** 
  67:Src/stm32f4xx_hal_msp.c **** /* USER CODE END ExternalFunctions */
  68:Src/stm32f4xx_hal_msp.c **** 
  69:Src/stm32f4xx_hal_msp.c **** /* USER CODE BEGIN 0 */
  70:Src/stm32f4xx_hal_msp.c **** 
  71:Src/stm32f4xx_hal_msp.c **** /* USER CODE END 0 */
  72:Src/stm32f4xx_hal_msp.c **** /**
  73:Src/stm32f4xx_hal_msp.c ****   * Initializes the Global MSP.
  74:Src/stm32f4xx_hal_msp.c ****   */
  75:Src/stm32f4xx_hal_msp.c **** void HAL_MspInit(void)
  76:Src/stm32f4xx_hal_msp.c **** {
  30              		.loc 1 76 0
  31              		.cfi_startproc
  32              		@ args = 0, pretend = 0, frame = 8
  33              		@ frame_needed = 0, uses_anonymous_args = 0
  34              		@ link register save eliminated.
  35 0000 82B0     		sub	sp, sp, #8
  36              	.LCFI0:
  37              		.cfi_def_cfa_offset 8
  38              	.LBB2:
  77:Src/stm32f4xx_hal_msp.c ****   /* USER CODE BEGIN MspInit 0 */
ARM GAS  /tmp/ccNAbu98.s 			page 3


  78:Src/stm32f4xx_hal_msp.c **** 
  79:Src/stm32f4xx_hal_msp.c ****   /* USER CODE END MspInit 0 */
  80:Src/stm32f4xx_hal_msp.c **** 
  81:Src/stm32f4xx_hal_msp.c ****   __HAL_RCC_SYSCFG_CLK_ENABLE();
  39              		.loc 1 81 0
  40 0002 0021     		movs	r1, #0
  41 0004 0091     		str	r1, [sp]
  42 0006 0B4B     		ldr	r3, .L3
  43 0008 5A6C     		ldr	r2, [r3, #68]
  44 000a 42F48042 		orr	r2, r2, #16384
  45 000e 5A64     		str	r2, [r3, #68]
  46 0010 5A6C     		ldr	r2, [r3, #68]
  47 0012 02F48042 		and	r2, r2, #16384
  48 0016 0092     		str	r2, [sp]
  49 0018 009A     		ldr	r2, [sp]
  50              	.LBE2:
  51              	.LBB3:
  82:Src/stm32f4xx_hal_msp.c ****   __HAL_RCC_PWR_CLK_ENABLE();
  52              		.loc 1 82 0
  53 001a 0191     		str	r1, [sp, #4]
  54 001c 1A6C     		ldr	r2, [r3, #64]
  55 001e 42F08052 		orr	r2, r2, #268435456
  56 0022 1A64     		str	r2, [r3, #64]
  57 0024 1B6C     		ldr	r3, [r3, #64]
  58 0026 03F08053 		and	r3, r3, #268435456
  59 002a 0193     		str	r3, [sp, #4]
  60 002c 019B     		ldr	r3, [sp, #4]
  61              	.LBE3:
  83:Src/stm32f4xx_hal_msp.c **** 
  84:Src/stm32f4xx_hal_msp.c ****   /* System interrupt init*/
  85:Src/stm32f4xx_hal_msp.c **** 
  86:Src/stm32f4xx_hal_msp.c ****   /* USER CODE BEGIN MspInit 1 */
  87:Src/stm32f4xx_hal_msp.c **** 
  88:Src/stm32f4xx_hal_msp.c ****   /* USER CODE END MspInit 1 */
  89:Src/stm32f4xx_hal_msp.c **** }
  62              		.loc 1 89 0
  63 002e 02B0     		add	sp, sp, #8
  64              	.LCFI1:
  65              		.cfi_def_cfa_offset 0
  66              		@ sp needed
  67 0030 7047     		bx	lr
  68              	.L4:
  69 0032 00BF     		.align	2
  70              	.L3:
  71 0034 00380240 		.word	1073887232
  72              		.cfi_endproc
  73              	.LFE130:
  75              		.section	.text.HAL_UART_MspInit,"ax",%progbits
  76              		.align	2
  77              		.global	HAL_UART_MspInit
  78              		.thumb
  79              		.thumb_func
  81              	HAL_UART_MspInit:
  82              	.LFB131:
  90:Src/stm32f4xx_hal_msp.c **** 
  91:Src/stm32f4xx_hal_msp.c **** /**
  92:Src/stm32f4xx_hal_msp.c **** * @brief UART MSP Initialization
ARM GAS  /tmp/ccNAbu98.s 			page 4


  93:Src/stm32f4xx_hal_msp.c **** * This function configures the hardware resources used in this example
  94:Src/stm32f4xx_hal_msp.c **** * @param huart: UART handle pointer
  95:Src/stm32f4xx_hal_msp.c **** * @retval None
  96:Src/stm32f4xx_hal_msp.c **** */
  97:Src/stm32f4xx_hal_msp.c **** void HAL_UART_MspInit(UART_HandleTypeDef* huart)
  98:Src/stm32f4xx_hal_msp.c **** {
  83              		.loc 1 98 0
  84              		.cfi_startproc
  85              		@ args = 0, pretend = 0, frame = 48
  86              		@ frame_needed = 0, uses_anonymous_args = 0
  87              	.LVL0:
  88 0000 30B5     		push	{r4, r5, lr}
  89              	.LCFI2:
  90              		.cfi_def_cfa_offset 12
  91              		.cfi_offset 4, -12
  92              		.cfi_offset 5, -8
  93              		.cfi_offset 14, -4
  94 0002 8DB0     		sub	sp, sp, #52
  95              	.LCFI3:
  96              		.cfi_def_cfa_offset 64
  97 0004 0446     		mov	r4, r0
  99:Src/stm32f4xx_hal_msp.c ****   GPIO_InitTypeDef GPIO_InitStruct = {0};
  98              		.loc 1 99 0
  99 0006 0023     		movs	r3, #0
 100 0008 0793     		str	r3, [sp, #28]
 101 000a 0893     		str	r3, [sp, #32]
 102 000c 0993     		str	r3, [sp, #36]
 103 000e 0A93     		str	r3, [sp, #40]
 104 0010 0B93     		str	r3, [sp, #44]
 100:Src/stm32f4xx_hal_msp.c ****   if(huart->Instance==USART1)
 105              		.loc 1 100 0
 106 0012 0368     		ldr	r3, [r0]
 107 0014 934A     		ldr	r2, .L16
 108 0016 9342     		cmp	r3, r2
 109 0018 5FD1     		bne	.L6
 110              	.LBB4:
 101:Src/stm32f4xx_hal_msp.c ****   {
 102:Src/stm32f4xx_hal_msp.c ****   /* USER CODE BEGIN USART1_MspInit 0 */
 103:Src/stm32f4xx_hal_msp.c **** 
 104:Src/stm32f4xx_hal_msp.c ****   /* USER CODE END USART1_MspInit 0 */
 105:Src/stm32f4xx_hal_msp.c ****     /* Peripheral clock enable */
 106:Src/stm32f4xx_hal_msp.c ****     __HAL_RCC_USART1_CLK_ENABLE();
 111              		.loc 1 106 0
 112 001a 0025     		movs	r5, #0
 113 001c 0195     		str	r5, [sp, #4]
 114 001e 924B     		ldr	r3, .L16+4
 115 0020 5A6C     		ldr	r2, [r3, #68]
 116 0022 42F01002 		orr	r2, r2, #16
 117 0026 5A64     		str	r2, [r3, #68]
 118 0028 5A6C     		ldr	r2, [r3, #68]
 119 002a 02F01002 		and	r2, r2, #16
 120 002e 0192     		str	r2, [sp, #4]
 121 0030 019A     		ldr	r2, [sp, #4]
 122              	.LBE4:
 123              	.LBB5:
 107:Src/stm32f4xx_hal_msp.c ****   
 108:Src/stm32f4xx_hal_msp.c ****     __HAL_RCC_GPIOA_CLK_ENABLE();
ARM GAS  /tmp/ccNAbu98.s 			page 5


 124              		.loc 1 108 0
 125 0032 0295     		str	r5, [sp, #8]
 126 0034 1A6B     		ldr	r2, [r3, #48]
 127 0036 42F00102 		orr	r2, r2, #1
 128 003a 1A63     		str	r2, [r3, #48]
 129 003c 1B6B     		ldr	r3, [r3, #48]
 130 003e 03F00103 		and	r3, r3, #1
 131 0042 0293     		str	r3, [sp, #8]
 132 0044 029B     		ldr	r3, [sp, #8]
 133              	.LBE5:
 109:Src/stm32f4xx_hal_msp.c ****     /**USART1 GPIO Configuration    
 110:Src/stm32f4xx_hal_msp.c ****     PA9     ------> USART1_TX
 111:Src/stm32f4xx_hal_msp.c ****     PA10     ------> USART1_RX 
 112:Src/stm32f4xx_hal_msp.c ****     */
 113:Src/stm32f4xx_hal_msp.c ****     GPIO_InitStruct.Pin = GPIO_PIN_9|GPIO_PIN_10;
 134              		.loc 1 113 0
 135 0046 4FF4C063 		mov	r3, #1536
 136 004a 0793     		str	r3, [sp, #28]
 114:Src/stm32f4xx_hal_msp.c ****     GPIO_InitStruct.Mode = GPIO_MODE_AF_PP;
 137              		.loc 1 114 0
 138 004c 0223     		movs	r3, #2
 139 004e 0893     		str	r3, [sp, #32]
 115:Src/stm32f4xx_hal_msp.c ****     GPIO_InitStruct.Pull = GPIO_PULLUP;
 140              		.loc 1 115 0
 141 0050 0123     		movs	r3, #1
 142 0052 0993     		str	r3, [sp, #36]
 116:Src/stm32f4xx_hal_msp.c ****     GPIO_InitStruct.Speed = GPIO_SPEED_FREQ_VERY_HIGH;
 143              		.loc 1 116 0
 144 0054 0323     		movs	r3, #3
 145 0056 0A93     		str	r3, [sp, #40]
 117:Src/stm32f4xx_hal_msp.c ****     GPIO_InitStruct.Alternate = GPIO_AF7_USART1;
 146              		.loc 1 117 0
 147 0058 0723     		movs	r3, #7
 148 005a 0B93     		str	r3, [sp, #44]
 118:Src/stm32f4xx_hal_msp.c ****     HAL_GPIO_Init(GPIOA, &GPIO_InitStruct);
 149              		.loc 1 118 0
 150 005c 07A9     		add	r1, sp, #28
 151 005e 8348     		ldr	r0, .L16+8
 152              	.LVL1:
 153 0060 FFF7FEFF 		bl	HAL_GPIO_Init
 154              	.LVL2:
 119:Src/stm32f4xx_hal_msp.c **** 
 120:Src/stm32f4xx_hal_msp.c ****     /* USART1 DMA Init */
 121:Src/stm32f4xx_hal_msp.c ****     /* USART1_RX Init */
 122:Src/stm32f4xx_hal_msp.c ****     hdma_usart1_rx.Instance = DMA2_Stream2;
 155              		.loc 1 122 0
 156 0064 8248     		ldr	r0, .L16+12
 157 0066 834B     		ldr	r3, .L16+16
 158 0068 0360     		str	r3, [r0]
 123:Src/stm32f4xx_hal_msp.c ****     hdma_usart1_rx.Init.Channel = DMA_CHANNEL_4;
 159              		.loc 1 123 0
 160 006a 4FF00063 		mov	r3, #134217728
 161 006e 4360     		str	r3, [r0, #4]
 124:Src/stm32f4xx_hal_msp.c ****     hdma_usart1_rx.Init.Direction = DMA_PERIPH_TO_MEMORY;
 162              		.loc 1 124 0
 163 0070 8560     		str	r5, [r0, #8]
 125:Src/stm32f4xx_hal_msp.c ****     hdma_usart1_rx.Init.PeriphInc = DMA_PINC_DISABLE;
ARM GAS  /tmp/ccNAbu98.s 			page 6


 164              		.loc 1 125 0
 165 0072 C560     		str	r5, [r0, #12]
 126:Src/stm32f4xx_hal_msp.c ****     hdma_usart1_rx.Init.MemInc = DMA_MINC_ENABLE;
 166              		.loc 1 126 0
 167 0074 4FF48063 		mov	r3, #1024
 168 0078 0361     		str	r3, [r0, #16]
 127:Src/stm32f4xx_hal_msp.c ****     hdma_usart1_rx.Init.PeriphDataAlignment = DMA_PDATAALIGN_BYTE;
 169              		.loc 1 127 0
 170 007a 4561     		str	r5, [r0, #20]
 128:Src/stm32f4xx_hal_msp.c ****     hdma_usart1_rx.Init.MemDataAlignment = DMA_MDATAALIGN_BYTE;
 171              		.loc 1 128 0
 172 007c 8561     		str	r5, [r0, #24]
 129:Src/stm32f4xx_hal_msp.c ****     hdma_usart1_rx.Init.Mode = DMA_NORMAL;
 173              		.loc 1 129 0
 174 007e C561     		str	r5, [r0, #28]
 130:Src/stm32f4xx_hal_msp.c ****     hdma_usart1_rx.Init.Priority = DMA_PRIORITY_LOW;
 175              		.loc 1 130 0
 176 0080 0562     		str	r5, [r0, #32]
 131:Src/stm32f4xx_hal_msp.c ****     hdma_usart1_rx.Init.FIFOMode = DMA_FIFOMODE_DISABLE;
 177              		.loc 1 131 0
 178 0082 4562     		str	r5, [r0, #36]
 132:Src/stm32f4xx_hal_msp.c ****     if (HAL_DMA_Init(&hdma_usart1_rx) != HAL_OK)
 179              		.loc 1 132 0
 180 0084 FFF7FEFF 		bl	HAL_DMA_Init
 181              	.LVL3:
 182 0088 08B1     		cbz	r0, .L7
 133:Src/stm32f4xx_hal_msp.c ****     {
 134:Src/stm32f4xx_hal_msp.c ****       Error_Handler();
 183              		.loc 1 134 0
 184 008a FFF7FEFF 		bl	Error_Handler
 185              	.LVL4:
 186              	.L7:
 135:Src/stm32f4xx_hal_msp.c ****     }
 136:Src/stm32f4xx_hal_msp.c **** 
 137:Src/stm32f4xx_hal_msp.c ****     __HAL_LINKDMA(huart,hdmarx,hdma_usart1_rx);
 187              		.loc 1 137 0
 188 008e 784B     		ldr	r3, .L16+12
 189 0090 6363     		str	r3, [r4, #52]
 190 0092 9C63     		str	r4, [r3, #56]
 138:Src/stm32f4xx_hal_msp.c **** 
 139:Src/stm32f4xx_hal_msp.c ****     /* USART1_TX Init */
 140:Src/stm32f4xx_hal_msp.c ****     hdma_usart1_tx.Instance = DMA2_Stream7;
 191              		.loc 1 140 0
 192 0094 7848     		ldr	r0, .L16+20
 193 0096 794B     		ldr	r3, .L16+24
 194 0098 0360     		str	r3, [r0]
 141:Src/stm32f4xx_hal_msp.c ****     hdma_usart1_tx.Init.Channel = DMA_CHANNEL_4;
 195              		.loc 1 141 0
 196 009a 4FF00063 		mov	r3, #134217728
 197 009e 4360     		str	r3, [r0, #4]
 142:Src/stm32f4xx_hal_msp.c ****     hdma_usart1_tx.Init.Direction = DMA_MEMORY_TO_PERIPH;
 198              		.loc 1 142 0
 199 00a0 4023     		movs	r3, #64
 200 00a2 8360     		str	r3, [r0, #8]
 143:Src/stm32f4xx_hal_msp.c ****     hdma_usart1_tx.Init.PeriphInc = DMA_PINC_DISABLE;
 201              		.loc 1 143 0
 202 00a4 0023     		movs	r3, #0
ARM GAS  /tmp/ccNAbu98.s 			page 7


 203 00a6 C360     		str	r3, [r0, #12]
 144:Src/stm32f4xx_hal_msp.c ****     hdma_usart1_tx.Init.MemInc = DMA_MINC_ENABLE;
 204              		.loc 1 144 0
 205 00a8 4FF48062 		mov	r2, #1024
 206 00ac 0261     		str	r2, [r0, #16]
 145:Src/stm32f4xx_hal_msp.c ****     hdma_usart1_tx.Init.PeriphDataAlignment = DMA_PDATAALIGN_BYTE;
 207              		.loc 1 145 0
 208 00ae 4361     		str	r3, [r0, #20]
 146:Src/stm32f4xx_hal_msp.c ****     hdma_usart1_tx.Init.MemDataAlignment = DMA_MDATAALIGN_BYTE;
 209              		.loc 1 146 0
 210 00b0 8361     		str	r3, [r0, #24]
 147:Src/stm32f4xx_hal_msp.c ****     hdma_usart1_tx.Init.Mode = DMA_NORMAL;
 211              		.loc 1 147 0
 212 00b2 C361     		str	r3, [r0, #28]
 148:Src/stm32f4xx_hal_msp.c ****     hdma_usart1_tx.Init.Priority = DMA_PRIORITY_LOW;
 213              		.loc 1 148 0
 214 00b4 0362     		str	r3, [r0, #32]
 149:Src/stm32f4xx_hal_msp.c ****     hdma_usart1_tx.Init.FIFOMode = DMA_FIFOMODE_DISABLE;
 215              		.loc 1 149 0
 216 00b6 4362     		str	r3, [r0, #36]
 150:Src/stm32f4xx_hal_msp.c ****     if (HAL_DMA_Init(&hdma_usart1_tx) != HAL_OK)
 217              		.loc 1 150 0
 218 00b8 FFF7FEFF 		bl	HAL_DMA_Init
 219              	.LVL5:
 220 00bc 08B1     		cbz	r0, .L8
 151:Src/stm32f4xx_hal_msp.c ****     {
 152:Src/stm32f4xx_hal_msp.c ****       Error_Handler();
 221              		.loc 1 152 0
 222 00be FFF7FEFF 		bl	Error_Handler
 223              	.LVL6:
 224              	.L8:
 153:Src/stm32f4xx_hal_msp.c ****     }
 154:Src/stm32f4xx_hal_msp.c **** 
 155:Src/stm32f4xx_hal_msp.c ****     __HAL_LINKDMA(huart,hdmatx,hdma_usart1_tx);
 225              		.loc 1 155 0
 226 00c2 6D4B     		ldr	r3, .L16+20
 227 00c4 2363     		str	r3, [r4, #48]
 228 00c6 9C63     		str	r4, [r3, #56]
 156:Src/stm32f4xx_hal_msp.c **** 
 157:Src/stm32f4xx_hal_msp.c ****     /* USART1 interrupt Init */
 158:Src/stm32f4xx_hal_msp.c ****     HAL_NVIC_SetPriority(USART1_IRQn, 0, 0);
 229              		.loc 1 158 0
 230 00c8 0022     		movs	r2, #0
 231 00ca 1146     		mov	r1, r2
 232 00cc 2520     		movs	r0, #37
 233 00ce FFF7FEFF 		bl	HAL_NVIC_SetPriority
 234              	.LVL7:
 159:Src/stm32f4xx_hal_msp.c ****     HAL_NVIC_EnableIRQ(USART1_IRQn);
 235              		.loc 1 159 0
 236 00d2 2520     		movs	r0, #37
 237 00d4 FFF7FEFF 		bl	HAL_NVIC_EnableIRQ
 238              	.LVL8:
 239 00d8 C2E0     		b	.L5
 240              	.LVL9:
 241              	.L6:
 160:Src/stm32f4xx_hal_msp.c ****   /* USER CODE BEGIN USART1_MspInit 1 */
 161:Src/stm32f4xx_hal_msp.c **** 
ARM GAS  /tmp/ccNAbu98.s 			page 8


 162:Src/stm32f4xx_hal_msp.c ****   /* USER CODE END USART1_MspInit 1 */
 163:Src/stm32f4xx_hal_msp.c ****   }
 164:Src/stm32f4xx_hal_msp.c ****   else if(huart->Instance==USART2)
 242              		.loc 1 164 0
 243 00da 694A     		ldr	r2, .L16+28
 244 00dc 9342     		cmp	r3, r2
 245 00de 5ED1     		bne	.L10
 246              	.LBB6:
 165:Src/stm32f4xx_hal_msp.c ****   {
 166:Src/stm32f4xx_hal_msp.c ****   /* USER CODE BEGIN USART2_MspInit 0 */
 167:Src/stm32f4xx_hal_msp.c **** 
 168:Src/stm32f4xx_hal_msp.c ****   /* USER CODE END USART2_MspInit 0 */
 169:Src/stm32f4xx_hal_msp.c ****     /* Peripheral clock enable */
 170:Src/stm32f4xx_hal_msp.c ****     __HAL_RCC_USART2_CLK_ENABLE();
 247              		.loc 1 170 0
 248 00e0 0025     		movs	r5, #0
 249 00e2 0395     		str	r5, [sp, #12]
 250 00e4 604B     		ldr	r3, .L16+4
 251 00e6 1A6C     		ldr	r2, [r3, #64]
 252 00e8 42F40032 		orr	r2, r2, #131072
 253 00ec 1A64     		str	r2, [r3, #64]
 254 00ee 1A6C     		ldr	r2, [r3, #64]
 255 00f0 02F40032 		and	r2, r2, #131072
 256 00f4 0392     		str	r2, [sp, #12]
 257 00f6 039A     		ldr	r2, [sp, #12]
 258              	.LBE6:
 259              	.LBB7:
 171:Src/stm32f4xx_hal_msp.c ****   
 172:Src/stm32f4xx_hal_msp.c ****     __HAL_RCC_GPIOA_CLK_ENABLE();
 260              		.loc 1 172 0
 261 00f8 0495     		str	r5, [sp, #16]
 262 00fa 1A6B     		ldr	r2, [r3, #48]
 263 00fc 42F00102 		orr	r2, r2, #1
 264 0100 1A63     		str	r2, [r3, #48]
 265 0102 1B6B     		ldr	r3, [r3, #48]
 266 0104 03F00103 		and	r3, r3, #1
 267 0108 0493     		str	r3, [sp, #16]
 268 010a 049B     		ldr	r3, [sp, #16]
 269              	.LBE7:
 173:Src/stm32f4xx_hal_msp.c ****     /**USART2 GPIO Configuration    
 174:Src/stm32f4xx_hal_msp.c ****     PA2     ------> USART2_TX
 175:Src/stm32f4xx_hal_msp.c ****     PA3     ------> USART2_RX 
 176:Src/stm32f4xx_hal_msp.c ****     */
 177:Src/stm32f4xx_hal_msp.c ****     GPIO_InitStruct.Pin = GPIO_PIN_2|GPIO_PIN_3;
 270              		.loc 1 177 0
 271 010c 0C23     		movs	r3, #12
 272 010e 0793     		str	r3, [sp, #28]
 178:Src/stm32f4xx_hal_msp.c ****     GPIO_InitStruct.Mode = GPIO_MODE_AF_PP;
 273              		.loc 1 178 0
 274 0110 0223     		movs	r3, #2
 275 0112 0893     		str	r3, [sp, #32]
 179:Src/stm32f4xx_hal_msp.c ****     GPIO_InitStruct.Pull = GPIO_PULLUP;
 276              		.loc 1 179 0
 277 0114 0123     		movs	r3, #1
 278 0116 0993     		str	r3, [sp, #36]
 180:Src/stm32f4xx_hal_msp.c ****     GPIO_InitStruct.Speed = GPIO_SPEED_FREQ_VERY_HIGH;
 279              		.loc 1 180 0
ARM GAS  /tmp/ccNAbu98.s 			page 9


 280 0118 0323     		movs	r3, #3
 281 011a 0A93     		str	r3, [sp, #40]
 181:Src/stm32f4xx_hal_msp.c ****     GPIO_InitStruct.Alternate = GPIO_AF7_USART2;
 282              		.loc 1 181 0
 283 011c 0723     		movs	r3, #7
 284 011e 0B93     		str	r3, [sp, #44]
 182:Src/stm32f4xx_hal_msp.c ****     HAL_GPIO_Init(GPIOA, &GPIO_InitStruct);
 285              		.loc 1 182 0
 286 0120 07A9     		add	r1, sp, #28
 287 0122 5248     		ldr	r0, .L16+8
 288              	.LVL10:
 289 0124 FFF7FEFF 		bl	HAL_GPIO_Init
 290              	.LVL11:
 183:Src/stm32f4xx_hal_msp.c **** 
 184:Src/stm32f4xx_hal_msp.c ****     /* USART2 DMA Init */
 185:Src/stm32f4xx_hal_msp.c ****     /* USART2_RX Init */
 186:Src/stm32f4xx_hal_msp.c ****     hdma_usart2_rx.Instance = DMA1_Stream5;
 291              		.loc 1 186 0
 292 0128 5648     		ldr	r0, .L16+32
 293 012a 574B     		ldr	r3, .L16+36
 294 012c 0360     		str	r3, [r0]
 187:Src/stm32f4xx_hal_msp.c ****     hdma_usart2_rx.Init.Channel = DMA_CHANNEL_4;
 295              		.loc 1 187 0
 296 012e 4FF00063 		mov	r3, #134217728
 297 0132 4360     		str	r3, [r0, #4]
 188:Src/stm32f4xx_hal_msp.c ****     hdma_usart2_rx.Init.Direction = DMA_PERIPH_TO_MEMORY;
 298              		.loc 1 188 0
 299 0134 8560     		str	r5, [r0, #8]
 189:Src/stm32f4xx_hal_msp.c ****     hdma_usart2_rx.Init.PeriphInc = DMA_PINC_DISABLE;
 300              		.loc 1 189 0
 301 0136 C560     		str	r5, [r0, #12]
 190:Src/stm32f4xx_hal_msp.c ****     hdma_usart2_rx.Init.MemInc = DMA_MINC_ENABLE;
 302              		.loc 1 190 0
 303 0138 4FF48063 		mov	r3, #1024
 304 013c 0361     		str	r3, [r0, #16]
 191:Src/stm32f4xx_hal_msp.c ****     hdma_usart2_rx.Init.PeriphDataAlignment = DMA_PDATAALIGN_BYTE;
 305              		.loc 1 191 0
 306 013e 4561     		str	r5, [r0, #20]
 192:Src/stm32f4xx_hal_msp.c ****     hdma_usart2_rx.Init.MemDataAlignment = DMA_MDATAALIGN_BYTE;
 307              		.loc 1 192 0
 308 0140 8561     		str	r5, [r0, #24]
 193:Src/stm32f4xx_hal_msp.c ****     hdma_usart2_rx.Init.Mode = DMA_NORMAL;
 309              		.loc 1 193 0
 310 0142 C561     		str	r5, [r0, #28]
 194:Src/stm32f4xx_hal_msp.c ****     hdma_usart2_rx.Init.Priority = DMA_PRIORITY_LOW;
 311              		.loc 1 194 0
 312 0144 0562     		str	r5, [r0, #32]
 195:Src/stm32f4xx_hal_msp.c ****     hdma_usart2_rx.Init.FIFOMode = DMA_FIFOMODE_DISABLE;
 313              		.loc 1 195 0
 314 0146 4562     		str	r5, [r0, #36]
 196:Src/stm32f4xx_hal_msp.c ****     if (HAL_DMA_Init(&hdma_usart2_rx) != HAL_OK)
 315              		.loc 1 196 0
 316 0148 FFF7FEFF 		bl	HAL_DMA_Init
 317              	.LVL12:
 318 014c 08B1     		cbz	r0, .L11
 197:Src/stm32f4xx_hal_msp.c ****     {
 198:Src/stm32f4xx_hal_msp.c ****       Error_Handler();
ARM GAS  /tmp/ccNAbu98.s 			page 10


 319              		.loc 1 198 0
 320 014e FFF7FEFF 		bl	Error_Handler
 321              	.LVL13:
 322              	.L11:
 199:Src/stm32f4xx_hal_msp.c ****     }
 200:Src/stm32f4xx_hal_msp.c **** 
 201:Src/stm32f4xx_hal_msp.c ****     __HAL_LINKDMA(huart,hdmarx,hdma_usart2_rx);
 323              		.loc 1 201 0
 324 0152 4C4B     		ldr	r3, .L16+32
 325 0154 6363     		str	r3, [r4, #52]
 326 0156 9C63     		str	r4, [r3, #56]
 202:Src/stm32f4xx_hal_msp.c **** 
 203:Src/stm32f4xx_hal_msp.c ****     /* USART2_TX Init */
 204:Src/stm32f4xx_hal_msp.c ****     hdma_usart2_tx.Instance = DMA1_Stream6;
 327              		.loc 1 204 0
 328 0158 4C48     		ldr	r0, .L16+40
 329 015a 4D4B     		ldr	r3, .L16+44
 330 015c 0360     		str	r3, [r0]
 205:Src/stm32f4xx_hal_msp.c ****     hdma_usart2_tx.Init.Channel = DMA_CHANNEL_4;
 331              		.loc 1 205 0
 332 015e 4FF00063 		mov	r3, #134217728
 333 0162 4360     		str	r3, [r0, #4]
 206:Src/stm32f4xx_hal_msp.c ****     hdma_usart2_tx.Init.Direction = DMA_MEMORY_TO_PERIPH;
 334              		.loc 1 206 0
 335 0164 4023     		movs	r3, #64
 336 0166 8360     		str	r3, [r0, #8]
 207:Src/stm32f4xx_hal_msp.c ****     hdma_usart2_tx.Init.PeriphInc = DMA_PINC_DISABLE;
 337              		.loc 1 207 0
 338 0168 0023     		movs	r3, #0
 339 016a C360     		str	r3, [r0, #12]
 208:Src/stm32f4xx_hal_msp.c ****     hdma_usart2_tx.Init.MemInc = DMA_MINC_ENABLE;
 340              		.loc 1 208 0
 341 016c 4FF48062 		mov	r2, #1024
 342 0170 0261     		str	r2, [r0, #16]
 209:Src/stm32f4xx_hal_msp.c ****     hdma_usart2_tx.Init.PeriphDataAlignment = DMA_PDATAALIGN_BYTE;
 343              		.loc 1 209 0
 344 0172 4361     		str	r3, [r0, #20]
 210:Src/stm32f4xx_hal_msp.c ****     hdma_usart2_tx.Init.MemDataAlignment = DMA_MDATAALIGN_BYTE;
 345              		.loc 1 210 0
 346 0174 8361     		str	r3, [r0, #24]
 211:Src/stm32f4xx_hal_msp.c ****     hdma_usart2_tx.Init.Mode = DMA_NORMAL;
 347              		.loc 1 211 0
 348 0176 C361     		str	r3, [r0, #28]
 212:Src/stm32f4xx_hal_msp.c ****     hdma_usart2_tx.Init.Priority = DMA_PRIORITY_LOW;
 349              		.loc 1 212 0
 350 0178 0362     		str	r3, [r0, #32]
 213:Src/stm32f4xx_hal_msp.c ****     hdma_usart2_tx.Init.FIFOMode = DMA_FIFOMODE_DISABLE;
 351              		.loc 1 213 0
 352 017a 4362     		str	r3, [r0, #36]
 214:Src/stm32f4xx_hal_msp.c ****     if (HAL_DMA_Init(&hdma_usart2_tx) != HAL_OK)
 353              		.loc 1 214 0
 354 017c FFF7FEFF 		bl	HAL_DMA_Init
 355              	.LVL14:
 356 0180 08B1     		cbz	r0, .L12
 215:Src/stm32f4xx_hal_msp.c ****     {
 216:Src/stm32f4xx_hal_msp.c ****       Error_Handler();
 357              		.loc 1 216 0
ARM GAS  /tmp/ccNAbu98.s 			page 11


 358 0182 FFF7FEFF 		bl	Error_Handler
 359              	.LVL15:
 360              	.L12:
 217:Src/stm32f4xx_hal_msp.c ****     }
 218:Src/stm32f4xx_hal_msp.c **** 
 219:Src/stm32f4xx_hal_msp.c ****     __HAL_LINKDMA(huart,hdmatx,hdma_usart2_tx);
 361              		.loc 1 219 0
 362 0186 414B     		ldr	r3, .L16+40
 363 0188 2363     		str	r3, [r4, #48]
 364 018a 9C63     		str	r4, [r3, #56]
 220:Src/stm32f4xx_hal_msp.c **** 
 221:Src/stm32f4xx_hal_msp.c ****     /* USART2 interrupt Init */
 222:Src/stm32f4xx_hal_msp.c ****     HAL_NVIC_SetPriority(USART2_IRQn, 0, 0);
 365              		.loc 1 222 0
 366 018c 0022     		movs	r2, #0
 367 018e 1146     		mov	r1, r2
 368 0190 2620     		movs	r0, #38
 369 0192 FFF7FEFF 		bl	HAL_NVIC_SetPriority
 370              	.LVL16:
 223:Src/stm32f4xx_hal_msp.c ****     HAL_NVIC_EnableIRQ(USART2_IRQn);
 371              		.loc 1 223 0
 372 0196 2620     		movs	r0, #38
 373 0198 FFF7FEFF 		bl	HAL_NVIC_EnableIRQ
 374              	.LVL17:
 375 019c 60E0     		b	.L5
 376              	.LVL18:
 377              	.L10:
 224:Src/stm32f4xx_hal_msp.c ****   /* USER CODE BEGIN USART2_MspInit 1 */
 225:Src/stm32f4xx_hal_msp.c **** 
 226:Src/stm32f4xx_hal_msp.c ****   /* USER CODE END USART2_MspInit 1 */
 227:Src/stm32f4xx_hal_msp.c ****   }
 228:Src/stm32f4xx_hal_msp.c ****   else if(huart->Instance==USART6)
 378              		.loc 1 228 0
 379 019e 3D4A     		ldr	r2, .L16+48
 380 01a0 9342     		cmp	r3, r2
 381 01a2 5DD1     		bne	.L5
 382              	.LBB8:
 229:Src/stm32f4xx_hal_msp.c ****   {
 230:Src/stm32f4xx_hal_msp.c ****   /* USER CODE BEGIN USART6_MspInit 0 */
 231:Src/stm32f4xx_hal_msp.c **** 
 232:Src/stm32f4xx_hal_msp.c ****   /* USER CODE END USART6_MspInit 0 */
 233:Src/stm32f4xx_hal_msp.c ****     /* Peripheral clock enable */
 234:Src/stm32f4xx_hal_msp.c ****     __HAL_RCC_USART6_CLK_ENABLE();
 383              		.loc 1 234 0
 384 01a4 0025     		movs	r5, #0
 385 01a6 0595     		str	r5, [sp, #20]
 386 01a8 2F4B     		ldr	r3, .L16+4
 387 01aa 5A6C     		ldr	r2, [r3, #68]
 388 01ac 42F02002 		orr	r2, r2, #32
 389 01b0 5A64     		str	r2, [r3, #68]
 390 01b2 5A6C     		ldr	r2, [r3, #68]
 391 01b4 02F02002 		and	r2, r2, #32
 392 01b8 0592     		str	r2, [sp, #20]
 393 01ba 059A     		ldr	r2, [sp, #20]
 394              	.LBE8:
 395              	.LBB9:
 235:Src/stm32f4xx_hal_msp.c ****   
ARM GAS  /tmp/ccNAbu98.s 			page 12


 236:Src/stm32f4xx_hal_msp.c ****     __HAL_RCC_GPIOC_CLK_ENABLE();
 396              		.loc 1 236 0
 397 01bc 0695     		str	r5, [sp, #24]
 398 01be 1A6B     		ldr	r2, [r3, #48]
 399 01c0 42F00402 		orr	r2, r2, #4
 400 01c4 1A63     		str	r2, [r3, #48]
 401 01c6 1B6B     		ldr	r3, [r3, #48]
 402 01c8 03F00403 		and	r3, r3, #4
 403 01cc 0693     		str	r3, [sp, #24]
 404 01ce 069B     		ldr	r3, [sp, #24]
 405              	.LBE9:
 237:Src/stm32f4xx_hal_msp.c ****     /**USART6 GPIO Configuration    
 238:Src/stm32f4xx_hal_msp.c ****     PC6     ------> USART6_TX
 239:Src/stm32f4xx_hal_msp.c ****     PC7     ------> USART6_RX 
 240:Src/stm32f4xx_hal_msp.c ****     */
 241:Src/stm32f4xx_hal_msp.c ****     GPIO_InitStruct.Pin = GPIO_PIN_6|GPIO_PIN_7;
 406              		.loc 1 241 0
 407 01d0 C023     		movs	r3, #192
 408 01d2 0793     		str	r3, [sp, #28]
 242:Src/stm32f4xx_hal_msp.c ****     GPIO_InitStruct.Mode = GPIO_MODE_AF_PP;
 409              		.loc 1 242 0
 410 01d4 0223     		movs	r3, #2
 411 01d6 0893     		str	r3, [sp, #32]
 243:Src/stm32f4xx_hal_msp.c ****     GPIO_InitStruct.Pull = GPIO_PULLUP;
 412              		.loc 1 243 0
 413 01d8 0123     		movs	r3, #1
 414 01da 0993     		str	r3, [sp, #36]
 244:Src/stm32f4xx_hal_msp.c ****     GPIO_InitStruct.Speed = GPIO_SPEED_FREQ_VERY_HIGH;
 415              		.loc 1 244 0
 416 01dc 0323     		movs	r3, #3
 417 01de 0A93     		str	r3, [sp, #40]
 245:Src/stm32f4xx_hal_msp.c ****     GPIO_InitStruct.Alternate = GPIO_AF8_USART6;
 418              		.loc 1 245 0
 419 01e0 0823     		movs	r3, #8
 420 01e2 0B93     		str	r3, [sp, #44]
 246:Src/stm32f4xx_hal_msp.c ****     HAL_GPIO_Init(GPIOC, &GPIO_InitStruct);
 421              		.loc 1 246 0
 422 01e4 07A9     		add	r1, sp, #28
 423 01e6 2C48     		ldr	r0, .L16+52
 424              	.LVL19:
 425 01e8 FFF7FEFF 		bl	HAL_GPIO_Init
 426              	.LVL20:
 247:Src/stm32f4xx_hal_msp.c **** 
 248:Src/stm32f4xx_hal_msp.c ****     /* USART6 DMA Init */
 249:Src/stm32f4xx_hal_msp.c ****     /* USART6_RX Init */
 250:Src/stm32f4xx_hal_msp.c ****     hdma_usart6_rx.Instance = DMA2_Stream1;
 427              		.loc 1 250 0
 428 01ec 2B48     		ldr	r0, .L16+56
 429 01ee 2C4B     		ldr	r3, .L16+60
 430 01f0 0360     		str	r3, [r0]
 251:Src/stm32f4xx_hal_msp.c ****     hdma_usart6_rx.Init.Channel = DMA_CHANNEL_5;
 431              		.loc 1 251 0
 432 01f2 4FF02063 		mov	r3, #167772160
 433 01f6 4360     		str	r3, [r0, #4]
 252:Src/stm32f4xx_hal_msp.c ****     hdma_usart6_rx.Init.Direction = DMA_PERIPH_TO_MEMORY;
 434              		.loc 1 252 0
 435 01f8 8560     		str	r5, [r0, #8]
ARM GAS  /tmp/ccNAbu98.s 			page 13


 253:Src/stm32f4xx_hal_msp.c ****     hdma_usart6_rx.Init.PeriphInc = DMA_PINC_DISABLE;
 436              		.loc 1 253 0
 437 01fa C560     		str	r5, [r0, #12]
 254:Src/stm32f4xx_hal_msp.c ****     hdma_usart6_rx.Init.MemInc = DMA_MINC_ENABLE;
 438              		.loc 1 254 0
 439 01fc 4FF48063 		mov	r3, #1024
 440 0200 0361     		str	r3, [r0, #16]
 255:Src/stm32f4xx_hal_msp.c ****     hdma_usart6_rx.Init.PeriphDataAlignment = DMA_PDATAALIGN_BYTE;
 441              		.loc 1 255 0
 442 0202 4561     		str	r5, [r0, #20]
 256:Src/stm32f4xx_hal_msp.c ****     hdma_usart6_rx.Init.MemDataAlignment = DMA_MDATAALIGN_BYTE;
 443              		.loc 1 256 0
 444 0204 8561     		str	r5, [r0, #24]
 257:Src/stm32f4xx_hal_msp.c ****     hdma_usart6_rx.Init.Mode = DMA_NORMAL;
 445              		.loc 1 257 0
 446 0206 C561     		str	r5, [r0, #28]
 258:Src/stm32f4xx_hal_msp.c ****     hdma_usart6_rx.Init.Priority = DMA_PRIORITY_LOW;
 447              		.loc 1 258 0
 448 0208 0562     		str	r5, [r0, #32]
 259:Src/stm32f4xx_hal_msp.c ****     hdma_usart6_rx.Init.FIFOMode = DMA_FIFOMODE_DISABLE;
 449              		.loc 1 259 0
 450 020a 4562     		str	r5, [r0, #36]
 260:Src/stm32f4xx_hal_msp.c ****     if (HAL_DMA_Init(&hdma_usart6_rx) != HAL_OK)
 451              		.loc 1 260 0
 452 020c FFF7FEFF 		bl	HAL_DMA_Init
 453              	.LVL21:
 454 0210 08B1     		cbz	r0, .L13
 261:Src/stm32f4xx_hal_msp.c ****     {
 262:Src/stm32f4xx_hal_msp.c ****       Error_Handler();
 455              		.loc 1 262 0
 456 0212 FFF7FEFF 		bl	Error_Handler
 457              	.LVL22:
 458              	.L13:
 263:Src/stm32f4xx_hal_msp.c ****     }
 264:Src/stm32f4xx_hal_msp.c **** 
 265:Src/stm32f4xx_hal_msp.c ****     __HAL_LINKDMA(huart,hdmarx,hdma_usart6_rx);
 459              		.loc 1 265 0
 460 0216 214B     		ldr	r3, .L16+56
 461 0218 6363     		str	r3, [r4, #52]
 462 021a 9C63     		str	r4, [r3, #56]
 266:Src/stm32f4xx_hal_msp.c **** 
 267:Src/stm32f4xx_hal_msp.c ****     /* USART6_TX Init */
 268:Src/stm32f4xx_hal_msp.c ****     hdma_usart6_tx.Instance = DMA2_Stream6;
 463              		.loc 1 268 0
 464 021c 2148     		ldr	r0, .L16+64
 465 021e 224B     		ldr	r3, .L16+68
 466 0220 0360     		str	r3, [r0]
 269:Src/stm32f4xx_hal_msp.c ****     hdma_usart6_tx.Init.Channel = DMA_CHANNEL_5;
 467              		.loc 1 269 0
 468 0222 4FF02063 		mov	r3, #167772160
 469 0226 4360     		str	r3, [r0, #4]
 270:Src/stm32f4xx_hal_msp.c ****     hdma_usart6_tx.Init.Direction = DMA_MEMORY_TO_PERIPH;
 470              		.loc 1 270 0
 471 0228 4023     		movs	r3, #64
 472 022a 8360     		str	r3, [r0, #8]
 271:Src/stm32f4xx_hal_msp.c ****     hdma_usart6_tx.Init.PeriphInc = DMA_PINC_DISABLE;
 473              		.loc 1 271 0
ARM GAS  /tmp/ccNAbu98.s 			page 14


 474 022c 0023     		movs	r3, #0
 475 022e C360     		str	r3, [r0, #12]
 272:Src/stm32f4xx_hal_msp.c ****     hdma_usart6_tx.Init.MemInc = DMA_MINC_ENABLE;
 476              		.loc 1 272 0
 477 0230 4FF48062 		mov	r2, #1024
 478 0234 0261     		str	r2, [r0, #16]
 273:Src/stm32f4xx_hal_msp.c ****     hdma_usart6_tx.Init.PeriphDataAlignment = DMA_PDATAALIGN_BYTE;
 479              		.loc 1 273 0
 480 0236 4361     		str	r3, [r0, #20]
 274:Src/stm32f4xx_hal_msp.c ****     hdma_usart6_tx.Init.MemDataAlignment = DMA_MDATAALIGN_BYTE;
 481              		.loc 1 274 0
 482 0238 8361     		str	r3, [r0, #24]
 275:Src/stm32f4xx_hal_msp.c ****     hdma_usart6_tx.Init.Mode = DMA_NORMAL;
 483              		.loc 1 275 0
 484 023a C361     		str	r3, [r0, #28]
 276:Src/stm32f4xx_hal_msp.c ****     hdma_usart6_tx.Init.Priority = DMA_PRIORITY_LOW;
 485              		.loc 1 276 0
 486 023c 0362     		str	r3, [r0, #32]
 277:Src/stm32f4xx_hal_msp.c ****     hdma_usart6_tx.Init.FIFOMode = DMA_FIFOMODE_DISABLE;
 487              		.loc 1 277 0
 488 023e 4362     		str	r3, [r0, #36]
 278:Src/stm32f4xx_hal_msp.c ****     if (HAL_DMA_Init(&hdma_usart6_tx) != HAL_OK)
 489              		.loc 1 278 0
 490 0240 FFF7FEFF 		bl	HAL_DMA_Init
 491              	.LVL23:
 492 0244 08B1     		cbz	r0, .L14
 279:Src/stm32f4xx_hal_msp.c ****     {
 280:Src/stm32f4xx_hal_msp.c ****       Error_Handler();
 493              		.loc 1 280 0
 494 0246 FFF7FEFF 		bl	Error_Handler
 495              	.LVL24:
 496              	.L14:
 281:Src/stm32f4xx_hal_msp.c ****     }
 282:Src/stm32f4xx_hal_msp.c **** 
 283:Src/stm32f4xx_hal_msp.c ****     __HAL_LINKDMA(huart,hdmatx,hdma_usart6_tx);
 497              		.loc 1 283 0
 498 024a 164B     		ldr	r3, .L16+64
 499 024c 2363     		str	r3, [r4, #48]
 500 024e 9C63     		str	r4, [r3, #56]
 284:Src/stm32f4xx_hal_msp.c **** 
 285:Src/stm32f4xx_hal_msp.c ****     /* USART6 interrupt Init */
 286:Src/stm32f4xx_hal_msp.c ****     HAL_NVIC_SetPriority(USART6_IRQn, 0, 0);
 501              		.loc 1 286 0
 502 0250 0022     		movs	r2, #0
 503 0252 1146     		mov	r1, r2
 504 0254 4720     		movs	r0, #71
 505 0256 FFF7FEFF 		bl	HAL_NVIC_SetPriority
 506              	.LVL25:
 287:Src/stm32f4xx_hal_msp.c ****     HAL_NVIC_EnableIRQ(USART6_IRQn);
 507              		.loc 1 287 0
 508 025a 4720     		movs	r0, #71
 509 025c FFF7FEFF 		bl	HAL_NVIC_EnableIRQ
 510              	.LVL26:
 511              	.L5:
 288:Src/stm32f4xx_hal_msp.c ****   /* USER CODE BEGIN USART6_MspInit 1 */
 289:Src/stm32f4xx_hal_msp.c **** 
 290:Src/stm32f4xx_hal_msp.c ****   /* USER CODE END USART6_MspInit 1 */
ARM GAS  /tmp/ccNAbu98.s 			page 15


 291:Src/stm32f4xx_hal_msp.c ****   }
 292:Src/stm32f4xx_hal_msp.c **** 
 293:Src/stm32f4xx_hal_msp.c **** }
 512              		.loc 1 293 0
 513 0260 0DB0     		add	sp, sp, #52
 514              	.LCFI4:
 515              		.cfi_def_cfa_offset 12
 516              		@ sp needed
 517 0262 30BD     		pop	{r4, r5, pc}
 518              	.LVL27:
 519              	.L17:
 520              		.align	2
 521              	.L16:
 522 0264 00100140 		.word	1073811456
 523 0268 00380240 		.word	1073887232
 524 026c 00000240 		.word	1073872896
 525 0270 00000000 		.word	hdma_usart1_rx
 526 0274 40640240 		.word	1073898560
 527 0278 00000000 		.word	hdma_usart1_tx
 528 027c B8640240 		.word	1073898680
 529 0280 00440040 		.word	1073759232
 530 0284 00000000 		.word	hdma_usart2_rx
 531 0288 88600240 		.word	1073897608
 532 028c 00000000 		.word	hdma_usart2_tx
 533 0290 A0600240 		.word	1073897632
 534 0294 00140140 		.word	1073812480
 535 0298 00080240 		.word	1073874944
 536 029c 00000000 		.word	hdma_usart6_rx
 537 02a0 28640240 		.word	1073898536
 538 02a4 00000000 		.word	hdma_usart6_tx
 539 02a8 A0640240 		.word	1073898656
 540              		.cfi_endproc
 541              	.LFE131:
 543              		.section	.text.HAL_UART_MspDeInit,"ax",%progbits
 544              		.align	2
 545              		.global	HAL_UART_MspDeInit
 546              		.thumb
 547              		.thumb_func
 549              	HAL_UART_MspDeInit:
 550              	.LFB132:
 294:Src/stm32f4xx_hal_msp.c **** 
 295:Src/stm32f4xx_hal_msp.c **** /**
 296:Src/stm32f4xx_hal_msp.c **** * @brief UART MSP De-Initialization
 297:Src/stm32f4xx_hal_msp.c **** * This function freeze the hardware resources used in this example
 298:Src/stm32f4xx_hal_msp.c **** * @param huart: UART handle pointer
 299:Src/stm32f4xx_hal_msp.c **** * @retval None
 300:Src/stm32f4xx_hal_msp.c **** */
 301:Src/stm32f4xx_hal_msp.c **** void HAL_UART_MspDeInit(UART_HandleTypeDef* huart)
 302:Src/stm32f4xx_hal_msp.c **** {
 551              		.loc 1 302 0
 552              		.cfi_startproc
 553              		@ args = 0, pretend = 0, frame = 0
 554              		@ frame_needed = 0, uses_anonymous_args = 0
 555              	.LVL28:
 556 0000 10B5     		push	{r4, lr}
 557              	.LCFI5:
 558              		.cfi_def_cfa_offset 8
ARM GAS  /tmp/ccNAbu98.s 			page 16


 559              		.cfi_offset 4, -8
 560              		.cfi_offset 14, -4
 561 0002 0446     		mov	r4, r0
 303:Src/stm32f4xx_hal_msp.c ****   if(huart->Instance==USART1)
 562              		.loc 1 303 0
 563 0004 0368     		ldr	r3, [r0]
 564 0006 234A     		ldr	r2, .L23
 565 0008 9342     		cmp	r3, r2
 566 000a 14D1     		bne	.L19
 304:Src/stm32f4xx_hal_msp.c ****   {
 305:Src/stm32f4xx_hal_msp.c ****   /* USER CODE BEGIN USART1_MspDeInit 0 */
 306:Src/stm32f4xx_hal_msp.c **** 
 307:Src/stm32f4xx_hal_msp.c ****   /* USER CODE END USART1_MspDeInit 0 */
 308:Src/stm32f4xx_hal_msp.c ****     /* Peripheral clock disable */
 309:Src/stm32f4xx_hal_msp.c ****     __HAL_RCC_USART1_CLK_DISABLE();
 567              		.loc 1 309 0
 568 000c 02F59432 		add	r2, r2, #75776
 569 0010 536C     		ldr	r3, [r2, #68]
 570 0012 23F01003 		bic	r3, r3, #16
 571 0016 5364     		str	r3, [r2, #68]
 310:Src/stm32f4xx_hal_msp.c ****   
 311:Src/stm32f4xx_hal_msp.c ****     /**USART1 GPIO Configuration    
 312:Src/stm32f4xx_hal_msp.c ****     PA9     ------> USART1_TX
 313:Src/stm32f4xx_hal_msp.c ****     PA10     ------> USART1_RX 
 314:Src/stm32f4xx_hal_msp.c ****     */
 315:Src/stm32f4xx_hal_msp.c ****     HAL_GPIO_DeInit(GPIOA, GPIO_PIN_9|GPIO_PIN_10);
 572              		.loc 1 315 0
 573 0018 4FF4C061 		mov	r1, #1536
 574 001c 1E48     		ldr	r0, .L23+4
 575              	.LVL29:
 576 001e FFF7FEFF 		bl	HAL_GPIO_DeInit
 577              	.LVL30:
 316:Src/stm32f4xx_hal_msp.c **** 
 317:Src/stm32f4xx_hal_msp.c ****     /* USART1 DMA DeInit */
 318:Src/stm32f4xx_hal_msp.c ****     HAL_DMA_DeInit(huart->hdmarx);
 578              		.loc 1 318 0
 579 0022 606B     		ldr	r0, [r4, #52]
 580 0024 FFF7FEFF 		bl	HAL_DMA_DeInit
 581              	.LVL31:
 319:Src/stm32f4xx_hal_msp.c ****     HAL_DMA_DeInit(huart->hdmatx);
 582              		.loc 1 319 0
 583 0028 206B     		ldr	r0, [r4, #48]
 584 002a FFF7FEFF 		bl	HAL_DMA_DeInit
 585              	.LVL32:
 320:Src/stm32f4xx_hal_msp.c **** 
 321:Src/stm32f4xx_hal_msp.c ****     /* USART1 interrupt DeInit */
 322:Src/stm32f4xx_hal_msp.c ****     HAL_NVIC_DisableIRQ(USART1_IRQn);
 586              		.loc 1 322 0
 587 002e 2520     		movs	r0, #37
 588 0030 FFF7FEFF 		bl	HAL_NVIC_DisableIRQ
 589              	.LVL33:
 590 0034 10BD     		pop	{r4, pc}
 591              	.LVL34:
 592              	.L19:
 323:Src/stm32f4xx_hal_msp.c ****   /* USER CODE BEGIN USART1_MspDeInit 1 */
 324:Src/stm32f4xx_hal_msp.c **** 
 325:Src/stm32f4xx_hal_msp.c ****   /* USER CODE END USART1_MspDeInit 1 */
ARM GAS  /tmp/ccNAbu98.s 			page 17


 326:Src/stm32f4xx_hal_msp.c ****   }
 327:Src/stm32f4xx_hal_msp.c ****   else if(huart->Instance==USART2)
 593              		.loc 1 327 0
 594 0036 194A     		ldr	r2, .L23+8
 595 0038 9342     		cmp	r3, r2
 596 003a 13D1     		bne	.L21
 328:Src/stm32f4xx_hal_msp.c ****   {
 329:Src/stm32f4xx_hal_msp.c ****   /* USER CODE BEGIN USART2_MspDeInit 0 */
 330:Src/stm32f4xx_hal_msp.c **** 
 331:Src/stm32f4xx_hal_msp.c ****   /* USER CODE END USART2_MspDeInit 0 */
 332:Src/stm32f4xx_hal_msp.c ****     /* Peripheral clock disable */
 333:Src/stm32f4xx_hal_msp.c ****     __HAL_RCC_USART2_CLK_DISABLE();
 597              		.loc 1 333 0
 598 003c 02F5FA32 		add	r2, r2, #128000
 599 0040 136C     		ldr	r3, [r2, #64]
 600 0042 23F40033 		bic	r3, r3, #131072
 601 0046 1364     		str	r3, [r2, #64]
 334:Src/stm32f4xx_hal_msp.c ****   
 335:Src/stm32f4xx_hal_msp.c ****     /**USART2 GPIO Configuration    
 336:Src/stm32f4xx_hal_msp.c ****     PA2     ------> USART2_TX
 337:Src/stm32f4xx_hal_msp.c ****     PA3     ------> USART2_RX 
 338:Src/stm32f4xx_hal_msp.c ****     */
 339:Src/stm32f4xx_hal_msp.c ****     HAL_GPIO_DeInit(GPIOA, GPIO_PIN_2|GPIO_PIN_3);
 602              		.loc 1 339 0
 603 0048 0C21     		movs	r1, #12
 604 004a 1348     		ldr	r0, .L23+4
 605              	.LVL35:
 606 004c FFF7FEFF 		bl	HAL_GPIO_DeInit
 607              	.LVL36:
 340:Src/stm32f4xx_hal_msp.c **** 
 341:Src/stm32f4xx_hal_msp.c ****     /* USART2 DMA DeInit */
 342:Src/stm32f4xx_hal_msp.c ****     HAL_DMA_DeInit(huart->hdmarx);
 608              		.loc 1 342 0
 609 0050 606B     		ldr	r0, [r4, #52]
 610 0052 FFF7FEFF 		bl	HAL_DMA_DeInit
 611              	.LVL37:
 343:Src/stm32f4xx_hal_msp.c ****     HAL_DMA_DeInit(huart->hdmatx);
 612              		.loc 1 343 0
 613 0056 206B     		ldr	r0, [r4, #48]
 614 0058 FFF7FEFF 		bl	HAL_DMA_DeInit
 615              	.LVL38:
 344:Src/stm32f4xx_hal_msp.c **** 
 345:Src/stm32f4xx_hal_msp.c ****     /* USART2 interrupt DeInit */
 346:Src/stm32f4xx_hal_msp.c ****     HAL_NVIC_DisableIRQ(USART2_IRQn);
 616              		.loc 1 346 0
 617 005c 2620     		movs	r0, #38
 618 005e FFF7FEFF 		bl	HAL_NVIC_DisableIRQ
 619              	.LVL39:
 620 0062 10BD     		pop	{r4, pc}
 621              	.LVL40:
 622              	.L21:
 347:Src/stm32f4xx_hal_msp.c ****   /* USER CODE BEGIN USART2_MspDeInit 1 */
 348:Src/stm32f4xx_hal_msp.c **** 
 349:Src/stm32f4xx_hal_msp.c ****   /* USER CODE END USART2_MspDeInit 1 */
 350:Src/stm32f4xx_hal_msp.c ****   }
 351:Src/stm32f4xx_hal_msp.c ****   else if(huart->Instance==USART6)
 623              		.loc 1 351 0
ARM GAS  /tmp/ccNAbu98.s 			page 18


 624 0064 0E4A     		ldr	r2, .L23+12
 625 0066 9342     		cmp	r3, r2
 626 0068 12D1     		bne	.L18
 352:Src/stm32f4xx_hal_msp.c ****   {
 353:Src/stm32f4xx_hal_msp.c ****   /* USER CODE BEGIN USART6_MspDeInit 0 */
 354:Src/stm32f4xx_hal_msp.c **** 
 355:Src/stm32f4xx_hal_msp.c ****   /* USER CODE END USART6_MspDeInit 0 */
 356:Src/stm32f4xx_hal_msp.c ****     /* Peripheral clock disable */
 357:Src/stm32f4xx_hal_msp.c ****     __HAL_RCC_USART6_CLK_DISABLE();
 627              		.loc 1 357 0
 628 006a 02F59232 		add	r2, r2, #74752
 629 006e 536C     		ldr	r3, [r2, #68]
 630 0070 23F02003 		bic	r3, r3, #32
 631 0074 5364     		str	r3, [r2, #68]
 358:Src/stm32f4xx_hal_msp.c ****   
 359:Src/stm32f4xx_hal_msp.c ****     /**USART6 GPIO Configuration    
 360:Src/stm32f4xx_hal_msp.c ****     PC6     ------> USART6_TX
 361:Src/stm32f4xx_hal_msp.c ****     PC7     ------> USART6_RX 
 362:Src/stm32f4xx_hal_msp.c ****     */
 363:Src/stm32f4xx_hal_msp.c ****     HAL_GPIO_DeInit(GPIOC, GPIO_PIN_6|GPIO_PIN_7);
 632              		.loc 1 363 0
 633 0076 C021     		movs	r1, #192
 634 0078 0A48     		ldr	r0, .L23+16
 635              	.LVL41:
 636 007a FFF7FEFF 		bl	HAL_GPIO_DeInit
 637              	.LVL42:
 364:Src/stm32f4xx_hal_msp.c **** 
 365:Src/stm32f4xx_hal_msp.c ****     /* USART6 DMA DeInit */
 366:Src/stm32f4xx_hal_msp.c ****     HAL_DMA_DeInit(huart->hdmarx);
 638              		.loc 1 366 0
 639 007e 606B     		ldr	r0, [r4, #52]
 640 0080 FFF7FEFF 		bl	HAL_DMA_DeInit
 641              	.LVL43:
 367:Src/stm32f4xx_hal_msp.c ****     HAL_DMA_DeInit(huart->hdmatx);
 642              		.loc 1 367 0
 643 0084 206B     		ldr	r0, [r4, #48]
 644 0086 FFF7FEFF 		bl	HAL_DMA_DeInit
 645              	.LVL44:
 368:Src/stm32f4xx_hal_msp.c **** 
 369:Src/stm32f4xx_hal_msp.c ****     /* USART6 interrupt DeInit */
 370:Src/stm32f4xx_hal_msp.c ****     HAL_NVIC_DisableIRQ(USART6_IRQn);
 646              		.loc 1 370 0
 647 008a 4720     		movs	r0, #71
 648 008c FFF7FEFF 		bl	HAL_NVIC_DisableIRQ
 649              	.LVL45:
 650              	.L18:
 651 0090 10BD     		pop	{r4, pc}
 652              	.LVL46:
 653              	.L24:
 654 0092 00BF     		.align	2
 655              	.L23:
 656 0094 00100140 		.word	1073811456
 657 0098 00000240 		.word	1073872896
 658 009c 00440040 		.word	1073759232
 659 00a0 00140140 		.word	1073812480
 660 00a4 00080240 		.word	1073874944
 661              		.cfi_endproc
ARM GAS  /tmp/ccNAbu98.s 			page 19


 662              	.LFE132:
 664              		.text
 665              	.Letext0:
 666              		.file 2 "/usr/include/newlib/machine/_default_types.h"
 667              		.file 3 "/usr/include/newlib/sys/_stdint.h"
 668              		.file 4 "Drivers/CMSIS/Device/ST/STM32F4xx/Include/stm32f401xc.h"
 669              		.file 5 "Drivers/STM32F4xx_HAL_Driver/Inc/stm32f4xx_hal_def.h"
 670              		.file 6 "Drivers/STM32F4xx_HAL_Driver/Inc/stm32f4xx_hal_gpio.h"
 671              		.file 7 "Drivers/STM32F4xx_HAL_Driver/Inc/stm32f4xx_hal_dma.h"
 672              		.file 8 "Drivers/STM32F4xx_HAL_Driver/Inc/stm32f4xx_hal_uart.h"
 673              		.file 9 "/usr/local/lib/ARM/CMSIS/5.4.0/CMSIS/Core/Include/core_cm4.h"
 674              		.file 10 "Inc/main.h"
 675              		.file 11 "Drivers/STM32F4xx_HAL_Driver/Inc/stm32f4xx_hal_cortex.h"
ARM GAS  /tmp/ccNAbu98.s 			page 20


DEFINED SYMBOLS
                            *ABS*:0000000000000000 stm32f4xx_hal_msp.c
     /tmp/ccNAbu98.s:22     .text.HAL_MspInit:0000000000000000 $t
     /tmp/ccNAbu98.s:27     .text.HAL_MspInit:0000000000000000 HAL_MspInit
     /tmp/ccNAbu98.s:71     .text.HAL_MspInit:0000000000000034 $d
     /tmp/ccNAbu98.s:76     .text.HAL_UART_MspInit:0000000000000000 $t
     /tmp/ccNAbu98.s:81     .text.HAL_UART_MspInit:0000000000000000 HAL_UART_MspInit
     /tmp/ccNAbu98.s:522    .text.HAL_UART_MspInit:0000000000000264 $d
     /tmp/ccNAbu98.s:544    .text.HAL_UART_MspDeInit:0000000000000000 $t
     /tmp/ccNAbu98.s:549    .text.HAL_UART_MspDeInit:0000000000000000 HAL_UART_MspDeInit
     /tmp/ccNAbu98.s:656    .text.HAL_UART_MspDeInit:0000000000000094 $d
                     .debug_frame:0000000000000010 $d

UNDEFINED SYMBOLS
HAL_GPIO_Init
HAL_DMA_Init
Error_Handler
HAL_NVIC_SetPriority
HAL_NVIC_EnableIRQ
hdma_usart1_rx
hdma_usart1_tx
hdma_usart2_rx
hdma_usart2_tx
hdma_usart6_rx
hdma_usart6_tx
HAL_GPIO_DeInit
HAL_DMA_DeInit
HAL_NVIC_DisableIRQ
