ARM GAS  /tmp/ccj6EAc3.s 			page 1


   1              		.syntax unified
   2              		.cpu cortex-m4
   3              		.eabi_attribute 27, 1
   4              		.eabi_attribute 28, 1
   5              		.fpu fpv4-sp-d16
   6              		.eabi_attribute 20, 1
   7              		.eabi_attribute 21, 1
   8              		.eabi_attribute 23, 3
   9              		.eabi_attribute 24, 1
  10              		.eabi_attribute 25, 1
  11              		.eabi_attribute 26, 1
  12              		.eabi_attribute 30, 1
  13              		.eabi_attribute 34, 1
  14              		.eabi_attribute 18, 4
  15              		.thumb
  16              		.syntax unified
  17              		.file	"stm32f4xx_it.c"
  18              		.text
  19              	.Ltext0:
  20              		.cfi_sections	.debug_frame
  21              		.section	.text.NMI_Handler,"ax",%progbits
  22              		.align	2
  23              		.global	NMI_Handler
  24              		.thumb
  25              		.thumb_func
  27              	NMI_Handler:
  28              	.LFB130:
  29              		.file 1 "Src/stm32f4xx_it.c"
   1:Src/stm32f4xx_it.c **** /* USER CODE BEGIN Header */
   2:Src/stm32f4xx_it.c **** /**
   3:Src/stm32f4xx_it.c ****   ******************************************************************************
   4:Src/stm32f4xx_it.c ****   * @file    stm32f4xx_it.c
   5:Src/stm32f4xx_it.c ****   * @brief   Interrupt Service Routines.
   6:Src/stm32f4xx_it.c ****   ******************************************************************************
   7:Src/stm32f4xx_it.c ****   * @attention
   8:Src/stm32f4xx_it.c ****   *
   9:Src/stm32f4xx_it.c ****   * <h2><center>&copy; Copyright (c) 2019 STMicroelectronics.
  10:Src/stm32f4xx_it.c ****   * All rights reserved.</center></h2>
  11:Src/stm32f4xx_it.c ****   *
  12:Src/stm32f4xx_it.c ****   * This software component is licensed by ST under BSD 3-Clause license,
  13:Src/stm32f4xx_it.c ****   * the "License"; You may not use this file except in compliance with the
  14:Src/stm32f4xx_it.c ****   * License. You may obtain a copy of the License at:
  15:Src/stm32f4xx_it.c ****   *                        opensource.org/licenses/BSD-3-Clause
  16:Src/stm32f4xx_it.c ****   *
  17:Src/stm32f4xx_it.c ****   ******************************************************************************
  18:Src/stm32f4xx_it.c ****   */
  19:Src/stm32f4xx_it.c **** /* USER CODE END Header */
  20:Src/stm32f4xx_it.c **** 
  21:Src/stm32f4xx_it.c **** /* Includes ------------------------------------------------------------------*/
  22:Src/stm32f4xx_it.c **** #include "main.h"
  23:Src/stm32f4xx_it.c **** #include "stm32f4xx_it.h"
  24:Src/stm32f4xx_it.c **** /* Private includes ----------------------------------------------------------*/
  25:Src/stm32f4xx_it.c **** /* USER CODE BEGIN Includes */
  26:Src/stm32f4xx_it.c **** /* USER CODE END Includes */
  27:Src/stm32f4xx_it.c **** 
  28:Src/stm32f4xx_it.c **** /* Private typedef -----------------------------------------------------------*/
  29:Src/stm32f4xx_it.c **** /* USER CODE BEGIN TD */
ARM GAS  /tmp/ccj6EAc3.s 			page 2


  30:Src/stm32f4xx_it.c **** 
  31:Src/stm32f4xx_it.c **** /* USER CODE END TD */
  32:Src/stm32f4xx_it.c **** 
  33:Src/stm32f4xx_it.c **** /* Private define ------------------------------------------------------------*/
  34:Src/stm32f4xx_it.c **** /* USER CODE BEGIN PD */
  35:Src/stm32f4xx_it.c ****  
  36:Src/stm32f4xx_it.c **** /* USER CODE END PD */
  37:Src/stm32f4xx_it.c **** 
  38:Src/stm32f4xx_it.c **** /* Private macro -------------------------------------------------------------*/
  39:Src/stm32f4xx_it.c **** /* USER CODE BEGIN PM */
  40:Src/stm32f4xx_it.c **** 
  41:Src/stm32f4xx_it.c **** /* USER CODE END PM */
  42:Src/stm32f4xx_it.c **** 
  43:Src/stm32f4xx_it.c **** /* Private variables ---------------------------------------------------------*/
  44:Src/stm32f4xx_it.c **** /* USER CODE BEGIN PV */
  45:Src/stm32f4xx_it.c **** 
  46:Src/stm32f4xx_it.c **** /* USER CODE END PV */
  47:Src/stm32f4xx_it.c **** 
  48:Src/stm32f4xx_it.c **** /* Private function prototypes -----------------------------------------------*/
  49:Src/stm32f4xx_it.c **** /* USER CODE BEGIN PFP */
  50:Src/stm32f4xx_it.c **** 
  51:Src/stm32f4xx_it.c **** /* USER CODE END PFP */
  52:Src/stm32f4xx_it.c **** 
  53:Src/stm32f4xx_it.c **** /* Private user code ---------------------------------------------------------*/
  54:Src/stm32f4xx_it.c **** /* USER CODE BEGIN 0 */
  55:Src/stm32f4xx_it.c **** 
  56:Src/stm32f4xx_it.c **** /* USER CODE END 0 */
  57:Src/stm32f4xx_it.c **** 
  58:Src/stm32f4xx_it.c **** /* External variables --------------------------------------------------------*/
  59:Src/stm32f4xx_it.c **** extern DMA_HandleTypeDef hdma_usart1_rx;
  60:Src/stm32f4xx_it.c **** extern DMA_HandleTypeDef hdma_usart1_tx;
  61:Src/stm32f4xx_it.c **** extern DMA_HandleTypeDef hdma_usart2_rx;
  62:Src/stm32f4xx_it.c **** extern DMA_HandleTypeDef hdma_usart2_tx;
  63:Src/stm32f4xx_it.c **** extern DMA_HandleTypeDef hdma_usart6_rx;
  64:Src/stm32f4xx_it.c **** extern DMA_HandleTypeDef hdma_usart6_tx;
  65:Src/stm32f4xx_it.c **** /* USER CODE BEGIN EV */
  66:Src/stm32f4xx_it.c **** 
  67:Src/stm32f4xx_it.c **** /* USER CODE END EV */
  68:Src/stm32f4xx_it.c **** 
  69:Src/stm32f4xx_it.c **** /******************************************************************************/
  70:Src/stm32f4xx_it.c **** /*           Cortex-M4 Processor Interruption and Exception Handlers          */ 
  71:Src/stm32f4xx_it.c **** /******************************************************************************/
  72:Src/stm32f4xx_it.c **** /**
  73:Src/stm32f4xx_it.c ****   * @brief This function handles Non maskable interrupt.
  74:Src/stm32f4xx_it.c ****   */
  75:Src/stm32f4xx_it.c **** void NMI_Handler(void)
  76:Src/stm32f4xx_it.c **** {
  30              		.loc 1 76 0
  31              		.cfi_startproc
  32              		@ args = 0, pretend = 0, frame = 0
  33              		@ frame_needed = 0, uses_anonymous_args = 0
  34              		@ link register save eliminated.
  35 0000 7047     		bx	lr
  36              		.cfi_endproc
  37              	.LFE130:
  39 0002 00BF     		.section	.text.HardFault_Handler,"ax",%progbits
  40              		.align	2
ARM GAS  /tmp/ccj6EAc3.s 			page 3


  41              		.global	HardFault_Handler
  42              		.thumb
  43              		.thumb_func
  45              	HardFault_Handler:
  46              	.LFB131:
  77:Src/stm32f4xx_it.c ****   /* USER CODE BEGIN NonMaskableInt_IRQn 0 */
  78:Src/stm32f4xx_it.c **** 
  79:Src/stm32f4xx_it.c ****   /* USER CODE END NonMaskableInt_IRQn 0 */
  80:Src/stm32f4xx_it.c ****   /* USER CODE BEGIN NonMaskableInt_IRQn 1 */
  81:Src/stm32f4xx_it.c **** 
  82:Src/stm32f4xx_it.c ****   /* USER CODE END NonMaskableInt_IRQn 1 */
  83:Src/stm32f4xx_it.c **** }
  84:Src/stm32f4xx_it.c **** 
  85:Src/stm32f4xx_it.c **** /**
  86:Src/stm32f4xx_it.c ****   * @brief This function handles Hard fault interrupt.
  87:Src/stm32f4xx_it.c ****   */
  88:Src/stm32f4xx_it.c **** void HardFault_Handler(void)
  89:Src/stm32f4xx_it.c **** {
  47              		.loc 1 89 0
  48              		.cfi_startproc
  49              		@ Volatile: function does not return.
  50              		@ args = 0, pretend = 0, frame = 0
  51              		@ frame_needed = 0, uses_anonymous_args = 0
  52              		@ link register save eliminated.
  53              	.L3:
  54 0000 FEE7     		b	.L3
  55              		.cfi_endproc
  56              	.LFE131:
  58 0002 00BF     		.section	.text.MemManage_Handler,"ax",%progbits
  59              		.align	2
  60              		.global	MemManage_Handler
  61              		.thumb
  62              		.thumb_func
  64              	MemManage_Handler:
  65              	.LFB132:
  90:Src/stm32f4xx_it.c ****   /* USER CODE BEGIN HardFault_IRQn 0 */
  91:Src/stm32f4xx_it.c **** 
  92:Src/stm32f4xx_it.c ****   /* USER CODE END HardFault_IRQn 0 */
  93:Src/stm32f4xx_it.c ****   while (1)
  94:Src/stm32f4xx_it.c ****   {
  95:Src/stm32f4xx_it.c ****     /* USER CODE BEGIN W1_HardFault_IRQn 0 */
  96:Src/stm32f4xx_it.c ****     /* USER CODE END W1_HardFault_IRQn 0 */
  97:Src/stm32f4xx_it.c ****   }
  98:Src/stm32f4xx_it.c **** }
  99:Src/stm32f4xx_it.c **** 
 100:Src/stm32f4xx_it.c **** /**
 101:Src/stm32f4xx_it.c ****   * @brief This function handles Memory management fault.
 102:Src/stm32f4xx_it.c ****   */
 103:Src/stm32f4xx_it.c **** void MemManage_Handler(void)
 104:Src/stm32f4xx_it.c **** {
  66              		.loc 1 104 0
  67              		.cfi_startproc
  68              		@ Volatile: function does not return.
  69              		@ args = 0, pretend = 0, frame = 0
  70              		@ frame_needed = 0, uses_anonymous_args = 0
  71              		@ link register save eliminated.
  72              	.L5:
ARM GAS  /tmp/ccj6EAc3.s 			page 4


  73 0000 FEE7     		b	.L5
  74              		.cfi_endproc
  75              	.LFE132:
  77 0002 00BF     		.section	.text.BusFault_Handler,"ax",%progbits
  78              		.align	2
  79              		.global	BusFault_Handler
  80              		.thumb
  81              		.thumb_func
  83              	BusFault_Handler:
  84              	.LFB133:
 105:Src/stm32f4xx_it.c ****   /* USER CODE BEGIN MemoryManagement_IRQn 0 */
 106:Src/stm32f4xx_it.c **** 
 107:Src/stm32f4xx_it.c ****   /* USER CODE END MemoryManagement_IRQn 0 */
 108:Src/stm32f4xx_it.c ****   while (1)
 109:Src/stm32f4xx_it.c ****   {
 110:Src/stm32f4xx_it.c ****     /* USER CODE BEGIN W1_MemoryManagement_IRQn 0 */
 111:Src/stm32f4xx_it.c ****     /* USER CODE END W1_MemoryManagement_IRQn 0 */
 112:Src/stm32f4xx_it.c ****   }
 113:Src/stm32f4xx_it.c **** }
 114:Src/stm32f4xx_it.c **** 
 115:Src/stm32f4xx_it.c **** /**
 116:Src/stm32f4xx_it.c ****   * @brief This function handles Pre-fetch fault, memory access fault.
 117:Src/stm32f4xx_it.c ****   */
 118:Src/stm32f4xx_it.c **** void BusFault_Handler(void)
 119:Src/stm32f4xx_it.c **** {
  85              		.loc 1 119 0
  86              		.cfi_startproc
  87              		@ Volatile: function does not return.
  88              		@ args = 0, pretend = 0, frame = 0
  89              		@ frame_needed = 0, uses_anonymous_args = 0
  90              		@ link register save eliminated.
  91              	.L7:
  92 0000 FEE7     		b	.L7
  93              		.cfi_endproc
  94              	.LFE133:
  96 0002 00BF     		.section	.text.UsageFault_Handler,"ax",%progbits
  97              		.align	2
  98              		.global	UsageFault_Handler
  99              		.thumb
 100              		.thumb_func
 102              	UsageFault_Handler:
 103              	.LFB134:
 120:Src/stm32f4xx_it.c ****   /* USER CODE BEGIN BusFault_IRQn 0 */
 121:Src/stm32f4xx_it.c **** 
 122:Src/stm32f4xx_it.c ****   /* USER CODE END BusFault_IRQn 0 */
 123:Src/stm32f4xx_it.c ****   while (1)
 124:Src/stm32f4xx_it.c ****   {
 125:Src/stm32f4xx_it.c ****     /* USER CODE BEGIN W1_BusFault_IRQn 0 */
 126:Src/stm32f4xx_it.c ****     /* USER CODE END W1_BusFault_IRQn 0 */
 127:Src/stm32f4xx_it.c ****   }
 128:Src/stm32f4xx_it.c **** }
 129:Src/stm32f4xx_it.c **** 
 130:Src/stm32f4xx_it.c **** /**
 131:Src/stm32f4xx_it.c ****   * @brief This function handles Undefined instruction or illegal state.
 132:Src/stm32f4xx_it.c ****   */
 133:Src/stm32f4xx_it.c **** void UsageFault_Handler(void)
 134:Src/stm32f4xx_it.c **** {
ARM GAS  /tmp/ccj6EAc3.s 			page 5


 104              		.loc 1 134 0
 105              		.cfi_startproc
 106              		@ Volatile: function does not return.
 107              		@ args = 0, pretend = 0, frame = 0
 108              		@ frame_needed = 0, uses_anonymous_args = 0
 109              		@ link register save eliminated.
 110              	.L9:
 111 0000 FEE7     		b	.L9
 112              		.cfi_endproc
 113              	.LFE134:
 115 0002 00BF     		.section	.text.DebugMon_Handler,"ax",%progbits
 116              		.align	2
 117              		.global	DebugMon_Handler
 118              		.thumb
 119              		.thumb_func
 121              	DebugMon_Handler:
 122              	.LFB135:
 135:Src/stm32f4xx_it.c ****   /* USER CODE BEGIN UsageFault_IRQn 0 */
 136:Src/stm32f4xx_it.c **** 
 137:Src/stm32f4xx_it.c ****   /* USER CODE END UsageFault_IRQn 0 */
 138:Src/stm32f4xx_it.c ****   while (1)
 139:Src/stm32f4xx_it.c ****   {
 140:Src/stm32f4xx_it.c ****     /* USER CODE BEGIN W1_UsageFault_IRQn 0 */
 141:Src/stm32f4xx_it.c ****     /* USER CODE END W1_UsageFault_IRQn 0 */
 142:Src/stm32f4xx_it.c ****   }
 143:Src/stm32f4xx_it.c **** }
 144:Src/stm32f4xx_it.c **** 
 145:Src/stm32f4xx_it.c **** /**
 146:Src/stm32f4xx_it.c ****   * @brief This function handles Debug monitor.
 147:Src/stm32f4xx_it.c ****   */
 148:Src/stm32f4xx_it.c **** void DebugMon_Handler(void)
 149:Src/stm32f4xx_it.c **** {
 123              		.loc 1 149 0
 124              		.cfi_startproc
 125              		@ args = 0, pretend = 0, frame = 0
 126              		@ frame_needed = 0, uses_anonymous_args = 0
 127              		@ link register save eliminated.
 128 0000 7047     		bx	lr
 129              		.cfi_endproc
 130              	.LFE135:
 132 0002 00BF     		.section	.text.DMA1_Stream5_IRQHandler,"ax",%progbits
 133              		.align	2
 134              		.global	DMA1_Stream5_IRQHandler
 135              		.thumb
 136              		.thumb_func
 138              	DMA1_Stream5_IRQHandler:
 139              	.LFB136:
 150:Src/stm32f4xx_it.c ****   /* USER CODE BEGIN DebugMonitor_IRQn 0 */
 151:Src/stm32f4xx_it.c **** 
 152:Src/stm32f4xx_it.c ****   /* USER CODE END DebugMonitor_IRQn 0 */
 153:Src/stm32f4xx_it.c ****   /* USER CODE BEGIN DebugMonitor_IRQn 1 */
 154:Src/stm32f4xx_it.c **** 
 155:Src/stm32f4xx_it.c ****   /* USER CODE END DebugMonitor_IRQn 1 */
 156:Src/stm32f4xx_it.c **** }
 157:Src/stm32f4xx_it.c **** 
 158:Src/stm32f4xx_it.c **** /******************************************************************************/
 159:Src/stm32f4xx_it.c **** /* STM32F4xx Peripheral Interrupt Handlers                                    */
ARM GAS  /tmp/ccj6EAc3.s 			page 6


 160:Src/stm32f4xx_it.c **** /* Add here the Interrupt Handlers for the used peripherals.                  */
 161:Src/stm32f4xx_it.c **** /* For the available peripheral interrupt handler names,                      */
 162:Src/stm32f4xx_it.c **** /* please refer to the startup file (startup_stm32f4xx.s).                    */
 163:Src/stm32f4xx_it.c **** /******************************************************************************/
 164:Src/stm32f4xx_it.c **** 
 165:Src/stm32f4xx_it.c **** /**
 166:Src/stm32f4xx_it.c ****   * @brief This function handles DMA1 stream5 global interrupt.
 167:Src/stm32f4xx_it.c ****   */
 168:Src/stm32f4xx_it.c **** void DMA1_Stream5_IRQHandler(void)
 169:Src/stm32f4xx_it.c **** {
 140              		.loc 1 169 0
 141              		.cfi_startproc
 142              		@ args = 0, pretend = 0, frame = 0
 143              		@ frame_needed = 0, uses_anonymous_args = 0
 144              		.loc 1 169 0
 145 0000 08B5     		push	{r3, lr}
 146              	.LCFI0:
 147              		.cfi_def_cfa_offset 8
 148              		.cfi_offset 3, -8
 149              		.cfi_offset 14, -4
 170:Src/stm32f4xx_it.c ****   /* USER CODE BEGIN DMA1_Stream5_IRQn 0 */
 171:Src/stm32f4xx_it.c **** 
 172:Src/stm32f4xx_it.c ****   /* USER CODE END DMA1_Stream5_IRQn 0 */
 173:Src/stm32f4xx_it.c ****   HAL_DMA_IRQHandler(&hdma_usart2_rx);
 150              		.loc 1 173 0
 151 0002 0248     		ldr	r0, .L13
 152 0004 FFF7FEFF 		bl	HAL_DMA_IRQHandler
 153              	.LVL0:
 154 0008 08BD     		pop	{r3, pc}
 155              	.L14:
 156 000a 00BF     		.align	2
 157              	.L13:
 158 000c 00000000 		.word	hdma_usart2_rx
 159              		.cfi_endproc
 160              	.LFE136:
 162              		.section	.text.DMA1_Stream6_IRQHandler,"ax",%progbits
 163              		.align	2
 164              		.global	DMA1_Stream6_IRQHandler
 165              		.thumb
 166              		.thumb_func
 168              	DMA1_Stream6_IRQHandler:
 169              	.LFB137:
 174:Src/stm32f4xx_it.c ****   /* USER CODE BEGIN DMA1_Stream5_IRQn 1 */
 175:Src/stm32f4xx_it.c **** 
 176:Src/stm32f4xx_it.c ****   /* USER CODE END DMA1_Stream5_IRQn 1 */
 177:Src/stm32f4xx_it.c **** }
 178:Src/stm32f4xx_it.c **** 
 179:Src/stm32f4xx_it.c **** /**
 180:Src/stm32f4xx_it.c ****   * @brief This function handles DMA1 stream6 global interrupt.
 181:Src/stm32f4xx_it.c ****   */
 182:Src/stm32f4xx_it.c **** void DMA1_Stream6_IRQHandler(void)
 183:Src/stm32f4xx_it.c **** {
 170              		.loc 1 183 0
 171              		.cfi_startproc
 172              		@ args = 0, pretend = 0, frame = 0
 173              		@ frame_needed = 0, uses_anonymous_args = 0
 174 0000 08B5     		push	{r3, lr}
ARM GAS  /tmp/ccj6EAc3.s 			page 7


 175              	.LCFI1:
 176              		.cfi_def_cfa_offset 8
 177              		.cfi_offset 3, -8
 178              		.cfi_offset 14, -4
 184:Src/stm32f4xx_it.c ****   /* USER CODE BEGIN DMA1_Stream6_IRQn 0 */
 185:Src/stm32f4xx_it.c **** 
 186:Src/stm32f4xx_it.c ****   /* USER CODE END DMA1_Stream6_IRQn 0 */
 187:Src/stm32f4xx_it.c ****   HAL_DMA_IRQHandler(&hdma_usart2_tx);
 179              		.loc 1 187 0
 180 0002 0248     		ldr	r0, .L17
 181 0004 FFF7FEFF 		bl	HAL_DMA_IRQHandler
 182              	.LVL1:
 183 0008 08BD     		pop	{r3, pc}
 184              	.L18:
 185 000a 00BF     		.align	2
 186              	.L17:
 187 000c 00000000 		.word	hdma_usart2_tx
 188              		.cfi_endproc
 189              	.LFE137:
 191              		.section	.text.DMA2_Stream1_IRQHandler,"ax",%progbits
 192              		.align	2
 193              		.global	DMA2_Stream1_IRQHandler
 194              		.thumb
 195              		.thumb_func
 197              	DMA2_Stream1_IRQHandler:
 198              	.LFB138:
 188:Src/stm32f4xx_it.c ****   /* USER CODE BEGIN DMA1_Stream6_IRQn 1 */
 189:Src/stm32f4xx_it.c **** 
 190:Src/stm32f4xx_it.c ****   /* USER CODE END DMA1_Stream6_IRQn 1 */
 191:Src/stm32f4xx_it.c **** }
 192:Src/stm32f4xx_it.c **** 
 193:Src/stm32f4xx_it.c **** /**
 194:Src/stm32f4xx_it.c ****   * @brief This function handles DMA2 stream1 global interrupt.
 195:Src/stm32f4xx_it.c ****   */
 196:Src/stm32f4xx_it.c **** void DMA2_Stream1_IRQHandler(void)
 197:Src/stm32f4xx_it.c **** {
 199              		.loc 1 197 0
 200              		.cfi_startproc
 201              		@ args = 0, pretend = 0, frame = 0
 202              		@ frame_needed = 0, uses_anonymous_args = 0
 203 0000 08B5     		push	{r3, lr}
 204              	.LCFI2:
 205              		.cfi_def_cfa_offset 8
 206              		.cfi_offset 3, -8
 207              		.cfi_offset 14, -4
 198:Src/stm32f4xx_it.c ****   /* USER CODE BEGIN DMA2_Stream1_IRQn 0 */
 199:Src/stm32f4xx_it.c **** 
 200:Src/stm32f4xx_it.c ****   /* USER CODE END DMA2_Stream1_IRQn 0 */
 201:Src/stm32f4xx_it.c ****   HAL_DMA_IRQHandler(&hdma_usart6_rx);
 208              		.loc 1 201 0
 209 0002 0248     		ldr	r0, .L21
 210 0004 FFF7FEFF 		bl	HAL_DMA_IRQHandler
 211              	.LVL2:
 212 0008 08BD     		pop	{r3, pc}
 213              	.L22:
 214 000a 00BF     		.align	2
 215              	.L21:
ARM GAS  /tmp/ccj6EAc3.s 			page 8


 216 000c 00000000 		.word	hdma_usart6_rx
 217              		.cfi_endproc
 218              	.LFE138:
 220              		.section	.text.DMA2_Stream2_IRQHandler,"ax",%progbits
 221              		.align	2
 222              		.global	DMA2_Stream2_IRQHandler
 223              		.thumb
 224              		.thumb_func
 226              	DMA2_Stream2_IRQHandler:
 227              	.LFB139:
 202:Src/stm32f4xx_it.c ****   /* USER CODE BEGIN DMA2_Stream1_IRQn 1 */
 203:Src/stm32f4xx_it.c **** 
 204:Src/stm32f4xx_it.c ****   /* USER CODE END DMA2_Stream1_IRQn 1 */
 205:Src/stm32f4xx_it.c **** }
 206:Src/stm32f4xx_it.c **** 
 207:Src/stm32f4xx_it.c **** /**
 208:Src/stm32f4xx_it.c ****   * @brief This function handles DMA2 stream2 global interrupt.
 209:Src/stm32f4xx_it.c ****   */
 210:Src/stm32f4xx_it.c **** void DMA2_Stream2_IRQHandler(void)
 211:Src/stm32f4xx_it.c **** {
 228              		.loc 1 211 0
 229              		.cfi_startproc
 230              		@ args = 0, pretend = 0, frame = 0
 231              		@ frame_needed = 0, uses_anonymous_args = 0
 232 0000 08B5     		push	{r3, lr}
 233              	.LCFI3:
 234              		.cfi_def_cfa_offset 8
 235              		.cfi_offset 3, -8
 236              		.cfi_offset 14, -4
 212:Src/stm32f4xx_it.c ****   /* USER CODE BEGIN DMA2_Stream2_IRQn 0 */
 213:Src/stm32f4xx_it.c **** 
 214:Src/stm32f4xx_it.c ****   /* USER CODE END DMA2_Stream2_IRQn 0 */
 215:Src/stm32f4xx_it.c ****   HAL_DMA_IRQHandler(&hdma_usart1_rx);
 237              		.loc 1 215 0
 238 0002 0248     		ldr	r0, .L25
 239 0004 FFF7FEFF 		bl	HAL_DMA_IRQHandler
 240              	.LVL3:
 241 0008 08BD     		pop	{r3, pc}
 242              	.L26:
 243 000a 00BF     		.align	2
 244              	.L25:
 245 000c 00000000 		.word	hdma_usart1_rx
 246              		.cfi_endproc
 247              	.LFE139:
 249              		.section	.text.DMA2_Stream6_IRQHandler,"ax",%progbits
 250              		.align	2
 251              		.global	DMA2_Stream6_IRQHandler
 252              		.thumb
 253              		.thumb_func
 255              	DMA2_Stream6_IRQHandler:
 256              	.LFB140:
 216:Src/stm32f4xx_it.c ****   /* USER CODE BEGIN DMA2_Stream2_IRQn 1 */
 217:Src/stm32f4xx_it.c **** 
 218:Src/stm32f4xx_it.c ****   /* USER CODE END DMA2_Stream2_IRQn 1 */
 219:Src/stm32f4xx_it.c **** }
 220:Src/stm32f4xx_it.c **** 
 221:Src/stm32f4xx_it.c **** /**
ARM GAS  /tmp/ccj6EAc3.s 			page 9


 222:Src/stm32f4xx_it.c ****   * @brief This function handles DMA2 stream6 global interrupt.
 223:Src/stm32f4xx_it.c ****   */
 224:Src/stm32f4xx_it.c **** void DMA2_Stream6_IRQHandler(void)
 225:Src/stm32f4xx_it.c **** {
 257              		.loc 1 225 0
 258              		.cfi_startproc
 259              		@ args = 0, pretend = 0, frame = 0
 260              		@ frame_needed = 0, uses_anonymous_args = 0
 261 0000 08B5     		push	{r3, lr}
 262              	.LCFI4:
 263              		.cfi_def_cfa_offset 8
 264              		.cfi_offset 3, -8
 265              		.cfi_offset 14, -4
 226:Src/stm32f4xx_it.c ****   /* USER CODE BEGIN DMA2_Stream6_IRQn 0 */
 227:Src/stm32f4xx_it.c **** 
 228:Src/stm32f4xx_it.c ****   /* USER CODE END DMA2_Stream6_IRQn 0 */
 229:Src/stm32f4xx_it.c ****   HAL_DMA_IRQHandler(&hdma_usart6_tx);
 266              		.loc 1 229 0
 267 0002 0248     		ldr	r0, .L29
 268 0004 FFF7FEFF 		bl	HAL_DMA_IRQHandler
 269              	.LVL4:
 270 0008 08BD     		pop	{r3, pc}
 271              	.L30:
 272 000a 00BF     		.align	2
 273              	.L29:
 274 000c 00000000 		.word	hdma_usart6_tx
 275              		.cfi_endproc
 276              	.LFE140:
 278              		.section	.text.DMA2_Stream7_IRQHandler,"ax",%progbits
 279              		.align	2
 280              		.global	DMA2_Stream7_IRQHandler
 281              		.thumb
 282              		.thumb_func
 284              	DMA2_Stream7_IRQHandler:
 285              	.LFB141:
 230:Src/stm32f4xx_it.c ****   /* USER CODE BEGIN DMA2_Stream6_IRQn 1 */
 231:Src/stm32f4xx_it.c **** 
 232:Src/stm32f4xx_it.c ****   /* USER CODE END DMA2_Stream6_IRQn 1 */
 233:Src/stm32f4xx_it.c **** }
 234:Src/stm32f4xx_it.c **** 
 235:Src/stm32f4xx_it.c **** /**
 236:Src/stm32f4xx_it.c ****   * @brief This function handles DMA2 stream7 global interrupt.
 237:Src/stm32f4xx_it.c ****   */
 238:Src/stm32f4xx_it.c **** void DMA2_Stream7_IRQHandler(void)
 239:Src/stm32f4xx_it.c **** {
 286              		.loc 1 239 0
 287              		.cfi_startproc
 288              		@ args = 0, pretend = 0, frame = 0
 289              		@ frame_needed = 0, uses_anonymous_args = 0
 290 0000 08B5     		push	{r3, lr}
 291              	.LCFI5:
 292              		.cfi_def_cfa_offset 8
 293              		.cfi_offset 3, -8
 294              		.cfi_offset 14, -4
 240:Src/stm32f4xx_it.c ****   /* USER CODE BEGIN DMA2_Stream7_IRQn 0 */
 241:Src/stm32f4xx_it.c **** 
 242:Src/stm32f4xx_it.c ****   /* USER CODE END DMA2_Stream7_IRQn 0 */
ARM GAS  /tmp/ccj6EAc3.s 			page 10


 243:Src/stm32f4xx_it.c ****   HAL_DMA_IRQHandler(&hdma_usart1_tx);
 295              		.loc 1 243 0
 296 0002 0248     		ldr	r0, .L33
 297 0004 FFF7FEFF 		bl	HAL_DMA_IRQHandler
 298              	.LVL5:
 299 0008 08BD     		pop	{r3, pc}
 300              	.L34:
 301 000a 00BF     		.align	2
 302              	.L33:
 303 000c 00000000 		.word	hdma_usart1_tx
 304              		.cfi_endproc
 305              	.LFE141:
 307              		.text
 308              	.Letext0:
 309              		.file 2 "/usr/include/newlib/machine/_default_types.h"
 310              		.file 3 "/usr/include/newlib/sys/_stdint.h"
 311              		.file 4 "Drivers/CMSIS/Device/ST/STM32F4xx/Include/stm32f401xc.h"
 312              		.file 5 "Drivers/STM32F4xx_HAL_Driver/Inc/stm32f4xx_hal_def.h"
 313              		.file 6 "Drivers/STM32F4xx_HAL_Driver/Inc/stm32f4xx_hal_dma.h"
 314              		.file 7 "/usr/local/lib/ARM/CMSIS/5.4.0/CMSIS/Core/Include/core_cm4.h"
ARM GAS  /tmp/ccj6EAc3.s 			page 11


DEFINED SYMBOLS
                            *ABS*:0000000000000000 stm32f4xx_it.c
     /tmp/ccj6EAc3.s:22     .text.NMI_Handler:0000000000000000 $t
     /tmp/ccj6EAc3.s:27     .text.NMI_Handler:0000000000000000 NMI_Handler
     /tmp/ccj6EAc3.s:40     .text.HardFault_Handler:0000000000000000 $t
     /tmp/ccj6EAc3.s:45     .text.HardFault_Handler:0000000000000000 HardFault_Handler
     /tmp/ccj6EAc3.s:59     .text.MemManage_Handler:0000000000000000 $t
     /tmp/ccj6EAc3.s:64     .text.MemManage_Handler:0000000000000000 MemManage_Handler
     /tmp/ccj6EAc3.s:78     .text.BusFault_Handler:0000000000000000 $t
     /tmp/ccj6EAc3.s:83     .text.BusFault_Handler:0000000000000000 BusFault_Handler
     /tmp/ccj6EAc3.s:97     .text.UsageFault_Handler:0000000000000000 $t
     /tmp/ccj6EAc3.s:102    .text.UsageFault_Handler:0000000000000000 UsageFault_Handler
     /tmp/ccj6EAc3.s:116    .text.DebugMon_Handler:0000000000000000 $t
     /tmp/ccj6EAc3.s:121    .text.DebugMon_Handler:0000000000000000 DebugMon_Handler
     /tmp/ccj6EAc3.s:133    .text.DMA1_Stream5_IRQHandler:0000000000000000 $t
     /tmp/ccj6EAc3.s:138    .text.DMA1_Stream5_IRQHandler:0000000000000000 DMA1_Stream5_IRQHandler
     /tmp/ccj6EAc3.s:158    .text.DMA1_Stream5_IRQHandler:000000000000000c $d
     /tmp/ccj6EAc3.s:163    .text.DMA1_Stream6_IRQHandler:0000000000000000 $t
     /tmp/ccj6EAc3.s:168    .text.DMA1_Stream6_IRQHandler:0000000000000000 DMA1_Stream6_IRQHandler
     /tmp/ccj6EAc3.s:187    .text.DMA1_Stream6_IRQHandler:000000000000000c $d
     /tmp/ccj6EAc3.s:192    .text.DMA2_Stream1_IRQHandler:0000000000000000 $t
     /tmp/ccj6EAc3.s:197    .text.DMA2_Stream1_IRQHandler:0000000000000000 DMA2_Stream1_IRQHandler
     /tmp/ccj6EAc3.s:216    .text.DMA2_Stream1_IRQHandler:000000000000000c $d
     /tmp/ccj6EAc3.s:221    .text.DMA2_Stream2_IRQHandler:0000000000000000 $t
     /tmp/ccj6EAc3.s:226    .text.DMA2_Stream2_IRQHandler:0000000000000000 DMA2_Stream2_IRQHandler
     /tmp/ccj6EAc3.s:245    .text.DMA2_Stream2_IRQHandler:000000000000000c $d
     /tmp/ccj6EAc3.s:250    .text.DMA2_Stream6_IRQHandler:0000000000000000 $t
     /tmp/ccj6EAc3.s:255    .text.DMA2_Stream6_IRQHandler:0000000000000000 DMA2_Stream6_IRQHandler
     /tmp/ccj6EAc3.s:274    .text.DMA2_Stream6_IRQHandler:000000000000000c $d
     /tmp/ccj6EAc3.s:279    .text.DMA2_Stream7_IRQHandler:0000000000000000 $t
     /tmp/ccj6EAc3.s:284    .text.DMA2_Stream7_IRQHandler:0000000000000000 DMA2_Stream7_IRQHandler
     /tmp/ccj6EAc3.s:303    .text.DMA2_Stream7_IRQHandler:000000000000000c $d
                     .debug_frame:0000000000000010 $d

UNDEFINED SYMBOLS
HAL_DMA_IRQHandler
hdma_usart2_rx
hdma_usart2_tx
hdma_usart6_rx
hdma_usart1_rx
hdma_usart6_tx
hdma_usart1_tx
