ARM GAS  /tmp/cc8lhO1E.s 			page 1


   1              		.syntax unified
   2              		.cpu cortex-m4
   3              		.eabi_attribute 27, 1
   4              		.eabi_attribute 28, 1
   5              		.fpu fpv4-sp-d16
   6              		.eabi_attribute 20, 1
   7              		.eabi_attribute 21, 1
   8              		.eabi_attribute 23, 3
   9              		.eabi_attribute 24, 1
  10              		.eabi_attribute 25, 1
  11              		.eabi_attribute 26, 1
  12              		.eabi_attribute 30, 1
  13              		.eabi_attribute 34, 1
  14              		.eabi_attribute 18, 4
  15              		.thumb
  16              		.syntax unified
  17              		.file	"stm32f4xx_hal_pwr.c"
  18              		.text
  19              	.Ltext0:
  20              		.cfi_sections	.debug_frame
  21              		.section	.text.HAL_PWR_DeInit,"ax",%progbits
  22              		.align	2
  23              		.global	HAL_PWR_DeInit
  24              		.thumb
  25              		.thumb_func
  27              	HAL_PWR_DeInit:
  28              	.LFB130:
  29              		.file 1 "Drivers/STM32F4xx_HAL_Driver/Src/stm32f4xx_hal_pwr.c"
   1:Drivers/STM32F4xx_HAL_Driver/Src/stm32f4xx_hal_pwr.c **** /**
   2:Drivers/STM32F4xx_HAL_Driver/Src/stm32f4xx_hal_pwr.c ****   ******************************************************************************
   3:Drivers/STM32F4xx_HAL_Driver/Src/stm32f4xx_hal_pwr.c ****   * @file    stm32f4xx_hal_pwr.c
   4:Drivers/STM32F4xx_HAL_Driver/Src/stm32f4xx_hal_pwr.c ****   * @author  MCD Application Team
   5:Drivers/STM32F4xx_HAL_Driver/Src/stm32f4xx_hal_pwr.c ****   * @brief   PWR HAL module driver.
   6:Drivers/STM32F4xx_HAL_Driver/Src/stm32f4xx_hal_pwr.c ****   *          This file provides firmware functions to manage the following 
   7:Drivers/STM32F4xx_HAL_Driver/Src/stm32f4xx_hal_pwr.c ****   *          functionalities of the Power Controller (PWR) peripheral:
   8:Drivers/STM32F4xx_HAL_Driver/Src/stm32f4xx_hal_pwr.c ****   *           + Initialization and de-initialization functions
   9:Drivers/STM32F4xx_HAL_Driver/Src/stm32f4xx_hal_pwr.c ****   *           + Peripheral Control functions 
  10:Drivers/STM32F4xx_HAL_Driver/Src/stm32f4xx_hal_pwr.c ****   *         
  11:Drivers/STM32F4xx_HAL_Driver/Src/stm32f4xx_hal_pwr.c ****   ******************************************************************************
  12:Drivers/STM32F4xx_HAL_Driver/Src/stm32f4xx_hal_pwr.c ****   * @attention
  13:Drivers/STM32F4xx_HAL_Driver/Src/stm32f4xx_hal_pwr.c ****   *
  14:Drivers/STM32F4xx_HAL_Driver/Src/stm32f4xx_hal_pwr.c ****   * <h2><center>&copy; Copyright (c) 2017 STMicroelectronics.
  15:Drivers/STM32F4xx_HAL_Driver/Src/stm32f4xx_hal_pwr.c ****   * All rights reserved.</center></h2>
  16:Drivers/STM32F4xx_HAL_Driver/Src/stm32f4xx_hal_pwr.c ****   *
  17:Drivers/STM32F4xx_HAL_Driver/Src/stm32f4xx_hal_pwr.c ****   * This software component is licensed by ST under BSD 3-Clause license,
  18:Drivers/STM32F4xx_HAL_Driver/Src/stm32f4xx_hal_pwr.c ****   * the "License"; You may not use this file except in compliance with the
  19:Drivers/STM32F4xx_HAL_Driver/Src/stm32f4xx_hal_pwr.c ****   * License. You may obtain a copy of the License at:
  20:Drivers/STM32F4xx_HAL_Driver/Src/stm32f4xx_hal_pwr.c ****   *                        opensource.org/licenses/BSD-3-Clause
  21:Drivers/STM32F4xx_HAL_Driver/Src/stm32f4xx_hal_pwr.c ****   *
  22:Drivers/STM32F4xx_HAL_Driver/Src/stm32f4xx_hal_pwr.c ****   ******************************************************************************
  23:Drivers/STM32F4xx_HAL_Driver/Src/stm32f4xx_hal_pwr.c ****   */ 
  24:Drivers/STM32F4xx_HAL_Driver/Src/stm32f4xx_hal_pwr.c **** 
  25:Drivers/STM32F4xx_HAL_Driver/Src/stm32f4xx_hal_pwr.c **** /* Includes ------------------------------------------------------------------*/
  26:Drivers/STM32F4xx_HAL_Driver/Src/stm32f4xx_hal_pwr.c **** #include "stm32f4xx_hal.h"
  27:Drivers/STM32F4xx_HAL_Driver/Src/stm32f4xx_hal_pwr.c **** 
  28:Drivers/STM32F4xx_HAL_Driver/Src/stm32f4xx_hal_pwr.c **** /** @addtogroup STM32F4xx_HAL_Driver
  29:Drivers/STM32F4xx_HAL_Driver/Src/stm32f4xx_hal_pwr.c ****   * @{
ARM GAS  /tmp/cc8lhO1E.s 			page 2


  30:Drivers/STM32F4xx_HAL_Driver/Src/stm32f4xx_hal_pwr.c ****   */
  31:Drivers/STM32F4xx_HAL_Driver/Src/stm32f4xx_hal_pwr.c **** 
  32:Drivers/STM32F4xx_HAL_Driver/Src/stm32f4xx_hal_pwr.c **** /** @defgroup PWR PWR
  33:Drivers/STM32F4xx_HAL_Driver/Src/stm32f4xx_hal_pwr.c ****   * @brief PWR HAL module driver
  34:Drivers/STM32F4xx_HAL_Driver/Src/stm32f4xx_hal_pwr.c ****   * @{
  35:Drivers/STM32F4xx_HAL_Driver/Src/stm32f4xx_hal_pwr.c ****   */
  36:Drivers/STM32F4xx_HAL_Driver/Src/stm32f4xx_hal_pwr.c **** 
  37:Drivers/STM32F4xx_HAL_Driver/Src/stm32f4xx_hal_pwr.c **** #ifdef HAL_PWR_MODULE_ENABLED
  38:Drivers/STM32F4xx_HAL_Driver/Src/stm32f4xx_hal_pwr.c **** 
  39:Drivers/STM32F4xx_HAL_Driver/Src/stm32f4xx_hal_pwr.c **** /* Private typedef -----------------------------------------------------------*/
  40:Drivers/STM32F4xx_HAL_Driver/Src/stm32f4xx_hal_pwr.c **** /* Private define ------------------------------------------------------------*/
  41:Drivers/STM32F4xx_HAL_Driver/Src/stm32f4xx_hal_pwr.c **** /** @addtogroup PWR_Private_Constants
  42:Drivers/STM32F4xx_HAL_Driver/Src/stm32f4xx_hal_pwr.c ****   * @{
  43:Drivers/STM32F4xx_HAL_Driver/Src/stm32f4xx_hal_pwr.c ****   */
  44:Drivers/STM32F4xx_HAL_Driver/Src/stm32f4xx_hal_pwr.c ****   
  45:Drivers/STM32F4xx_HAL_Driver/Src/stm32f4xx_hal_pwr.c **** /** @defgroup PWR_PVD_Mode_Mask PWR PVD Mode Mask
  46:Drivers/STM32F4xx_HAL_Driver/Src/stm32f4xx_hal_pwr.c ****   * @{
  47:Drivers/STM32F4xx_HAL_Driver/Src/stm32f4xx_hal_pwr.c ****   */     
  48:Drivers/STM32F4xx_HAL_Driver/Src/stm32f4xx_hal_pwr.c **** #define PVD_MODE_IT               0x00010000U
  49:Drivers/STM32F4xx_HAL_Driver/Src/stm32f4xx_hal_pwr.c **** #define PVD_MODE_EVT              0x00020000U
  50:Drivers/STM32F4xx_HAL_Driver/Src/stm32f4xx_hal_pwr.c **** #define PVD_RISING_EDGE           0x00000001U
  51:Drivers/STM32F4xx_HAL_Driver/Src/stm32f4xx_hal_pwr.c **** #define PVD_FALLING_EDGE          0x00000002U
  52:Drivers/STM32F4xx_HAL_Driver/Src/stm32f4xx_hal_pwr.c **** /**
  53:Drivers/STM32F4xx_HAL_Driver/Src/stm32f4xx_hal_pwr.c ****   * @}
  54:Drivers/STM32F4xx_HAL_Driver/Src/stm32f4xx_hal_pwr.c ****   */
  55:Drivers/STM32F4xx_HAL_Driver/Src/stm32f4xx_hal_pwr.c **** 
  56:Drivers/STM32F4xx_HAL_Driver/Src/stm32f4xx_hal_pwr.c **** /**
  57:Drivers/STM32F4xx_HAL_Driver/Src/stm32f4xx_hal_pwr.c ****   * @}
  58:Drivers/STM32F4xx_HAL_Driver/Src/stm32f4xx_hal_pwr.c ****   */    
  59:Drivers/STM32F4xx_HAL_Driver/Src/stm32f4xx_hal_pwr.c **** /* Private macro -------------------------------------------------------------*/
  60:Drivers/STM32F4xx_HAL_Driver/Src/stm32f4xx_hal_pwr.c **** /* Private variables ---------------------------------------------------------*/
  61:Drivers/STM32F4xx_HAL_Driver/Src/stm32f4xx_hal_pwr.c **** /* Private function prototypes -----------------------------------------------*/
  62:Drivers/STM32F4xx_HAL_Driver/Src/stm32f4xx_hal_pwr.c **** /* Private functions ---------------------------------------------------------*/
  63:Drivers/STM32F4xx_HAL_Driver/Src/stm32f4xx_hal_pwr.c **** 
  64:Drivers/STM32F4xx_HAL_Driver/Src/stm32f4xx_hal_pwr.c **** /** @defgroup PWR_Exported_Functions PWR Exported Functions
  65:Drivers/STM32F4xx_HAL_Driver/Src/stm32f4xx_hal_pwr.c ****   * @{
  66:Drivers/STM32F4xx_HAL_Driver/Src/stm32f4xx_hal_pwr.c ****   */
  67:Drivers/STM32F4xx_HAL_Driver/Src/stm32f4xx_hal_pwr.c **** 
  68:Drivers/STM32F4xx_HAL_Driver/Src/stm32f4xx_hal_pwr.c **** /** @defgroup PWR_Exported_Functions_Group1 Initialization and de-initialization functions 
  69:Drivers/STM32F4xx_HAL_Driver/Src/stm32f4xx_hal_pwr.c ****   *  @brief    Initialization and de-initialization functions
  70:Drivers/STM32F4xx_HAL_Driver/Src/stm32f4xx_hal_pwr.c ****   *
  71:Drivers/STM32F4xx_HAL_Driver/Src/stm32f4xx_hal_pwr.c **** @verbatim
  72:Drivers/STM32F4xx_HAL_Driver/Src/stm32f4xx_hal_pwr.c ****  ===============================================================================
  73:Drivers/STM32F4xx_HAL_Driver/Src/stm32f4xx_hal_pwr.c ****               ##### Initialization and de-initialization functions #####
  74:Drivers/STM32F4xx_HAL_Driver/Src/stm32f4xx_hal_pwr.c ****  ===============================================================================
  75:Drivers/STM32F4xx_HAL_Driver/Src/stm32f4xx_hal_pwr.c ****     [..]
  76:Drivers/STM32F4xx_HAL_Driver/Src/stm32f4xx_hal_pwr.c ****       After reset, the backup domain (RTC registers, RTC backup data 
  77:Drivers/STM32F4xx_HAL_Driver/Src/stm32f4xx_hal_pwr.c ****       registers and backup SRAM) is protected against possible unwanted 
  78:Drivers/STM32F4xx_HAL_Driver/Src/stm32f4xx_hal_pwr.c ****       write accesses. 
  79:Drivers/STM32F4xx_HAL_Driver/Src/stm32f4xx_hal_pwr.c ****       To enable access to the RTC Domain and RTC registers, proceed as follows:
  80:Drivers/STM32F4xx_HAL_Driver/Src/stm32f4xx_hal_pwr.c ****         (+) Enable the Power Controller (PWR) APB1 interface clock using the
  81:Drivers/STM32F4xx_HAL_Driver/Src/stm32f4xx_hal_pwr.c ****             __HAL_RCC_PWR_CLK_ENABLE() macro.
  82:Drivers/STM32F4xx_HAL_Driver/Src/stm32f4xx_hal_pwr.c ****         (+) Enable access to RTC domain using the HAL_PWR_EnableBkUpAccess() function.
  83:Drivers/STM32F4xx_HAL_Driver/Src/stm32f4xx_hal_pwr.c ****  
  84:Drivers/STM32F4xx_HAL_Driver/Src/stm32f4xx_hal_pwr.c **** @endverbatim
  85:Drivers/STM32F4xx_HAL_Driver/Src/stm32f4xx_hal_pwr.c ****   * @{
  86:Drivers/STM32F4xx_HAL_Driver/Src/stm32f4xx_hal_pwr.c ****   */
ARM GAS  /tmp/cc8lhO1E.s 			page 3


  87:Drivers/STM32F4xx_HAL_Driver/Src/stm32f4xx_hal_pwr.c **** 
  88:Drivers/STM32F4xx_HAL_Driver/Src/stm32f4xx_hal_pwr.c **** /**
  89:Drivers/STM32F4xx_HAL_Driver/Src/stm32f4xx_hal_pwr.c ****   * @brief Deinitializes the HAL PWR peripheral registers to their default reset values.
  90:Drivers/STM32F4xx_HAL_Driver/Src/stm32f4xx_hal_pwr.c ****   * @retval None
  91:Drivers/STM32F4xx_HAL_Driver/Src/stm32f4xx_hal_pwr.c ****   */
  92:Drivers/STM32F4xx_HAL_Driver/Src/stm32f4xx_hal_pwr.c **** void HAL_PWR_DeInit(void)
  93:Drivers/STM32F4xx_HAL_Driver/Src/stm32f4xx_hal_pwr.c **** {
  30              		.loc 1 93 0
  31              		.cfi_startproc
  32              		@ args = 0, pretend = 0, frame = 0
  33              		@ frame_needed = 0, uses_anonymous_args = 0
  34              		@ link register save eliminated.
  94:Drivers/STM32F4xx_HAL_Driver/Src/stm32f4xx_hal_pwr.c ****   __HAL_RCC_PWR_FORCE_RESET();
  35              		.loc 1 94 0
  36 0000 044B     		ldr	r3, .L2
  37 0002 1A6A     		ldr	r2, [r3, #32]
  38 0004 42F08052 		orr	r2, r2, #268435456
  39 0008 1A62     		str	r2, [r3, #32]
  95:Drivers/STM32F4xx_HAL_Driver/Src/stm32f4xx_hal_pwr.c ****   __HAL_RCC_PWR_RELEASE_RESET();
  40              		.loc 1 95 0
  41 000a 1A6A     		ldr	r2, [r3, #32]
  42 000c 22F08052 		bic	r2, r2, #268435456
  43 0010 1A62     		str	r2, [r3, #32]
  44 0012 7047     		bx	lr
  45              	.L3:
  46              		.align	2
  47              	.L2:
  48 0014 00380240 		.word	1073887232
  49              		.cfi_endproc
  50              	.LFE130:
  52              		.section	.text.HAL_PWR_EnableBkUpAccess,"ax",%progbits
  53              		.align	2
  54              		.global	HAL_PWR_EnableBkUpAccess
  55              		.thumb
  56              		.thumb_func
  58              	HAL_PWR_EnableBkUpAccess:
  59              	.LFB131:
  96:Drivers/STM32F4xx_HAL_Driver/Src/stm32f4xx_hal_pwr.c **** }
  97:Drivers/STM32F4xx_HAL_Driver/Src/stm32f4xx_hal_pwr.c **** 
  98:Drivers/STM32F4xx_HAL_Driver/Src/stm32f4xx_hal_pwr.c **** /**
  99:Drivers/STM32F4xx_HAL_Driver/Src/stm32f4xx_hal_pwr.c ****   * @brief Enables access to the backup domain (RTC registers, RTC 
 100:Drivers/STM32F4xx_HAL_Driver/Src/stm32f4xx_hal_pwr.c ****   *         backup data registers and backup SRAM).
 101:Drivers/STM32F4xx_HAL_Driver/Src/stm32f4xx_hal_pwr.c ****   * @note If the HSE divided by 2, 3, ..31 is used as the RTC clock, the 
 102:Drivers/STM32F4xx_HAL_Driver/Src/stm32f4xx_hal_pwr.c ****   *         Backup Domain Access should be kept enabled.
 103:Drivers/STM32F4xx_HAL_Driver/Src/stm32f4xx_hal_pwr.c ****   * @retval None
 104:Drivers/STM32F4xx_HAL_Driver/Src/stm32f4xx_hal_pwr.c ****   */
 105:Drivers/STM32F4xx_HAL_Driver/Src/stm32f4xx_hal_pwr.c **** void HAL_PWR_EnableBkUpAccess(void)
 106:Drivers/STM32F4xx_HAL_Driver/Src/stm32f4xx_hal_pwr.c **** {
  60              		.loc 1 106 0
  61              		.cfi_startproc
  62              		@ args = 0, pretend = 0, frame = 0
  63              		@ frame_needed = 0, uses_anonymous_args = 0
  64              		@ link register save eliminated.
 107:Drivers/STM32F4xx_HAL_Driver/Src/stm32f4xx_hal_pwr.c ****   *(__IO uint32_t *) CR_DBP_BB = (uint32_t)ENABLE;
  65              		.loc 1 107 0
  66 0000 0122     		movs	r2, #1
  67 0002 014B     		ldr	r3, .L5
ARM GAS  /tmp/cc8lhO1E.s 			page 4


  68 0004 1A60     		str	r2, [r3]
  69 0006 7047     		bx	lr
  70              	.L6:
  71              		.align	2
  72              	.L5:
  73 0008 20000E42 		.word	1108213792
  74              		.cfi_endproc
  75              	.LFE131:
  77              		.section	.text.HAL_PWR_DisableBkUpAccess,"ax",%progbits
  78              		.align	2
  79              		.global	HAL_PWR_DisableBkUpAccess
  80              		.thumb
  81              		.thumb_func
  83              	HAL_PWR_DisableBkUpAccess:
  84              	.LFB132:
 108:Drivers/STM32F4xx_HAL_Driver/Src/stm32f4xx_hal_pwr.c **** }
 109:Drivers/STM32F4xx_HAL_Driver/Src/stm32f4xx_hal_pwr.c **** 
 110:Drivers/STM32F4xx_HAL_Driver/Src/stm32f4xx_hal_pwr.c **** /**
 111:Drivers/STM32F4xx_HAL_Driver/Src/stm32f4xx_hal_pwr.c ****   * @brief Disables access to the backup domain (RTC registers, RTC 
 112:Drivers/STM32F4xx_HAL_Driver/Src/stm32f4xx_hal_pwr.c ****   *         backup data registers and backup SRAM).
 113:Drivers/STM32F4xx_HAL_Driver/Src/stm32f4xx_hal_pwr.c ****   * @note If the HSE divided by 2, 3, ..31 is used as the RTC clock, the 
 114:Drivers/STM32F4xx_HAL_Driver/Src/stm32f4xx_hal_pwr.c ****   *         Backup Domain Access should be kept enabled.
 115:Drivers/STM32F4xx_HAL_Driver/Src/stm32f4xx_hal_pwr.c ****   * @retval None
 116:Drivers/STM32F4xx_HAL_Driver/Src/stm32f4xx_hal_pwr.c ****   */
 117:Drivers/STM32F4xx_HAL_Driver/Src/stm32f4xx_hal_pwr.c **** void HAL_PWR_DisableBkUpAccess(void)
 118:Drivers/STM32F4xx_HAL_Driver/Src/stm32f4xx_hal_pwr.c **** {
  85              		.loc 1 118 0
  86              		.cfi_startproc
  87              		@ args = 0, pretend = 0, frame = 0
  88              		@ frame_needed = 0, uses_anonymous_args = 0
  89              		@ link register save eliminated.
 119:Drivers/STM32F4xx_HAL_Driver/Src/stm32f4xx_hal_pwr.c ****   *(__IO uint32_t *) CR_DBP_BB = (uint32_t)DISABLE;
  90              		.loc 1 119 0
  91 0000 0022     		movs	r2, #0
  92 0002 014B     		ldr	r3, .L8
  93 0004 1A60     		str	r2, [r3]
  94 0006 7047     		bx	lr
  95              	.L9:
  96              		.align	2
  97              	.L8:
  98 0008 20000E42 		.word	1108213792
  99              		.cfi_endproc
 100              	.LFE132:
 102              		.section	.text.HAL_PWR_ConfigPVD,"ax",%progbits
 103              		.align	2
 104              		.global	HAL_PWR_ConfigPVD
 105              		.thumb
 106              		.thumb_func
 108              	HAL_PWR_ConfigPVD:
 109              	.LFB133:
 120:Drivers/STM32F4xx_HAL_Driver/Src/stm32f4xx_hal_pwr.c **** }
 121:Drivers/STM32F4xx_HAL_Driver/Src/stm32f4xx_hal_pwr.c **** 
 122:Drivers/STM32F4xx_HAL_Driver/Src/stm32f4xx_hal_pwr.c **** /**
 123:Drivers/STM32F4xx_HAL_Driver/Src/stm32f4xx_hal_pwr.c ****   * @}
 124:Drivers/STM32F4xx_HAL_Driver/Src/stm32f4xx_hal_pwr.c ****   */
 125:Drivers/STM32F4xx_HAL_Driver/Src/stm32f4xx_hal_pwr.c **** 
 126:Drivers/STM32F4xx_HAL_Driver/Src/stm32f4xx_hal_pwr.c **** /** @defgroup PWR_Exported_Functions_Group2 Peripheral Control functions 
ARM GAS  /tmp/cc8lhO1E.s 			page 5


 127:Drivers/STM32F4xx_HAL_Driver/Src/stm32f4xx_hal_pwr.c ****   *  @brief Low Power modes configuration functions 
 128:Drivers/STM32F4xx_HAL_Driver/Src/stm32f4xx_hal_pwr.c ****   *
 129:Drivers/STM32F4xx_HAL_Driver/Src/stm32f4xx_hal_pwr.c **** @verbatim
 130:Drivers/STM32F4xx_HAL_Driver/Src/stm32f4xx_hal_pwr.c **** 
 131:Drivers/STM32F4xx_HAL_Driver/Src/stm32f4xx_hal_pwr.c ****  ===============================================================================
 132:Drivers/STM32F4xx_HAL_Driver/Src/stm32f4xx_hal_pwr.c ****                  ##### Peripheral Control functions #####
 133:Drivers/STM32F4xx_HAL_Driver/Src/stm32f4xx_hal_pwr.c ****  ===============================================================================
 134:Drivers/STM32F4xx_HAL_Driver/Src/stm32f4xx_hal_pwr.c ****      
 135:Drivers/STM32F4xx_HAL_Driver/Src/stm32f4xx_hal_pwr.c ****     *** PVD configuration ***
 136:Drivers/STM32F4xx_HAL_Driver/Src/stm32f4xx_hal_pwr.c ****     =========================
 137:Drivers/STM32F4xx_HAL_Driver/Src/stm32f4xx_hal_pwr.c ****     [..]
 138:Drivers/STM32F4xx_HAL_Driver/Src/stm32f4xx_hal_pwr.c ****       (+) The PVD is used to monitor the VDD power supply by comparing it to a 
 139:Drivers/STM32F4xx_HAL_Driver/Src/stm32f4xx_hal_pwr.c ****           threshold selected by the PVD Level (PLS[2:0] bits in the PWR_CR).
 140:Drivers/STM32F4xx_HAL_Driver/Src/stm32f4xx_hal_pwr.c ****       (+) A PVDO flag is available to indicate if VDD/VDDA is higher or lower 
 141:Drivers/STM32F4xx_HAL_Driver/Src/stm32f4xx_hal_pwr.c ****           than the PVD threshold. This event is internally connected to the EXTI 
 142:Drivers/STM32F4xx_HAL_Driver/Src/stm32f4xx_hal_pwr.c ****           line16 and can generate an interrupt if enabled. This is done through
 143:Drivers/STM32F4xx_HAL_Driver/Src/stm32f4xx_hal_pwr.c ****           __HAL_PWR_PVD_EXTI_ENABLE_IT() macro.
 144:Drivers/STM32F4xx_HAL_Driver/Src/stm32f4xx_hal_pwr.c ****       (+) The PVD is stopped in Standby mode.
 145:Drivers/STM32F4xx_HAL_Driver/Src/stm32f4xx_hal_pwr.c **** 
 146:Drivers/STM32F4xx_HAL_Driver/Src/stm32f4xx_hal_pwr.c ****     *** Wake-up pin configuration ***
 147:Drivers/STM32F4xx_HAL_Driver/Src/stm32f4xx_hal_pwr.c ****     ================================
 148:Drivers/STM32F4xx_HAL_Driver/Src/stm32f4xx_hal_pwr.c ****     [..]
 149:Drivers/STM32F4xx_HAL_Driver/Src/stm32f4xx_hal_pwr.c ****       (+) Wake-up pin is used to wake up the system from Standby mode. This pin is 
 150:Drivers/STM32F4xx_HAL_Driver/Src/stm32f4xx_hal_pwr.c ****           forced in input pull-down configuration and is active on rising edges.
 151:Drivers/STM32F4xx_HAL_Driver/Src/stm32f4xx_hal_pwr.c ****       (+) There is one Wake-up pin: Wake-up Pin 1 on PA.00.
 152:Drivers/STM32F4xx_HAL_Driver/Src/stm32f4xx_hal_pwr.c **** 	   (++) For STM32F446xx there are two Wake-Up pins: Pin1 on PA.00 and Pin2 on PC.13
 153:Drivers/STM32F4xx_HAL_Driver/Src/stm32f4xx_hal_pwr.c ****            (++) For STM32F410xx/STM32F412xx/STM32F413xx/STM32F423xx  there are three Wake-Up pins: 
 154:Drivers/STM32F4xx_HAL_Driver/Src/stm32f4xx_hal_pwr.c **** 
 155:Drivers/STM32F4xx_HAL_Driver/Src/stm32f4xx_hal_pwr.c ****     *** Low Power modes configuration ***
 156:Drivers/STM32F4xx_HAL_Driver/Src/stm32f4xx_hal_pwr.c ****     =====================================
 157:Drivers/STM32F4xx_HAL_Driver/Src/stm32f4xx_hal_pwr.c ****     [..]
 158:Drivers/STM32F4xx_HAL_Driver/Src/stm32f4xx_hal_pwr.c ****       The devices feature 3 low-power modes:
 159:Drivers/STM32F4xx_HAL_Driver/Src/stm32f4xx_hal_pwr.c ****       (+) Sleep mode: Cortex-M4 core stopped, peripherals kept running.
 160:Drivers/STM32F4xx_HAL_Driver/Src/stm32f4xx_hal_pwr.c ****       (+) Stop mode: all clocks are stopped, regulator running, regulator 
 161:Drivers/STM32F4xx_HAL_Driver/Src/stm32f4xx_hal_pwr.c ****           in low power mode
 162:Drivers/STM32F4xx_HAL_Driver/Src/stm32f4xx_hal_pwr.c ****       (+) Standby mode: 1.2V domain powered off.
 163:Drivers/STM32F4xx_HAL_Driver/Src/stm32f4xx_hal_pwr.c ****    
 164:Drivers/STM32F4xx_HAL_Driver/Src/stm32f4xx_hal_pwr.c ****    *** Sleep mode ***
 165:Drivers/STM32F4xx_HAL_Driver/Src/stm32f4xx_hal_pwr.c ****    ==================
 166:Drivers/STM32F4xx_HAL_Driver/Src/stm32f4xx_hal_pwr.c ****     [..]
 167:Drivers/STM32F4xx_HAL_Driver/Src/stm32f4xx_hal_pwr.c ****       (+) Entry:
 168:Drivers/STM32F4xx_HAL_Driver/Src/stm32f4xx_hal_pwr.c ****         The Sleep mode is entered by using the HAL_PWR_EnterSLEEPMode(PWR_MAINREGULATOR_ON, PWR_SLE
 169:Drivers/STM32F4xx_HAL_Driver/Src/stm32f4xx_hal_pwr.c ****               functions with
 170:Drivers/STM32F4xx_HAL_Driver/Src/stm32f4xx_hal_pwr.c ****           (++) PWR_SLEEPENTRY_WFI: enter SLEEP mode with WFI instruction
 171:Drivers/STM32F4xx_HAL_Driver/Src/stm32f4xx_hal_pwr.c ****           (++) PWR_SLEEPENTRY_WFE: enter SLEEP mode with WFE instruction
 172:Drivers/STM32F4xx_HAL_Driver/Src/stm32f4xx_hal_pwr.c ****       
 173:Drivers/STM32F4xx_HAL_Driver/Src/stm32f4xx_hal_pwr.c ****       -@@- The Regulator parameter is not used for the STM32F4 family 
 174:Drivers/STM32F4xx_HAL_Driver/Src/stm32f4xx_hal_pwr.c ****               and is kept as parameter just to maintain compatibility with the 
 175:Drivers/STM32F4xx_HAL_Driver/Src/stm32f4xx_hal_pwr.c ****               lower power families (STM32L).
 176:Drivers/STM32F4xx_HAL_Driver/Src/stm32f4xx_hal_pwr.c ****       (+) Exit:
 177:Drivers/STM32F4xx_HAL_Driver/Src/stm32f4xx_hal_pwr.c ****         Any peripheral interrupt acknowledged by the nested vectored interrupt 
 178:Drivers/STM32F4xx_HAL_Driver/Src/stm32f4xx_hal_pwr.c ****               controller (NVIC) can wake up the device from Sleep mode.
 179:Drivers/STM32F4xx_HAL_Driver/Src/stm32f4xx_hal_pwr.c **** 
 180:Drivers/STM32F4xx_HAL_Driver/Src/stm32f4xx_hal_pwr.c ****    *** Stop mode ***
 181:Drivers/STM32F4xx_HAL_Driver/Src/stm32f4xx_hal_pwr.c ****    =================
 182:Drivers/STM32F4xx_HAL_Driver/Src/stm32f4xx_hal_pwr.c ****     [..]
 183:Drivers/STM32F4xx_HAL_Driver/Src/stm32f4xx_hal_pwr.c ****       In Stop mode, all clocks in the 1.2V domain are stopped, the PLL, the HSI,
ARM GAS  /tmp/cc8lhO1E.s 			page 6


 184:Drivers/STM32F4xx_HAL_Driver/Src/stm32f4xx_hal_pwr.c ****       and the HSE RC oscillators are disabled. Internal SRAM and register contents 
 185:Drivers/STM32F4xx_HAL_Driver/Src/stm32f4xx_hal_pwr.c ****       are preserved.
 186:Drivers/STM32F4xx_HAL_Driver/Src/stm32f4xx_hal_pwr.c ****       The voltage regulator can be configured either in normal or low-power mode.
 187:Drivers/STM32F4xx_HAL_Driver/Src/stm32f4xx_hal_pwr.c ****       To minimize the consumption In Stop mode, FLASH can be powered off before 
 188:Drivers/STM32F4xx_HAL_Driver/Src/stm32f4xx_hal_pwr.c ****       entering the Stop mode using the HAL_PWREx_EnableFlashPowerDown() function.
 189:Drivers/STM32F4xx_HAL_Driver/Src/stm32f4xx_hal_pwr.c ****       It can be switched on again by software after exiting the Stop mode using
 190:Drivers/STM32F4xx_HAL_Driver/Src/stm32f4xx_hal_pwr.c ****       the HAL_PWREx_DisableFlashPowerDown() function. 
 191:Drivers/STM32F4xx_HAL_Driver/Src/stm32f4xx_hal_pwr.c **** 
 192:Drivers/STM32F4xx_HAL_Driver/Src/stm32f4xx_hal_pwr.c ****       (+) Entry:
 193:Drivers/STM32F4xx_HAL_Driver/Src/stm32f4xx_hal_pwr.c ****          The Stop mode is entered using the HAL_PWR_EnterSTOPMode(PWR_MAINREGULATOR_ON) 
 194:Drivers/STM32F4xx_HAL_Driver/Src/stm32f4xx_hal_pwr.c ****              function with:
 195:Drivers/STM32F4xx_HAL_Driver/Src/stm32f4xx_hal_pwr.c ****           (++) Main regulator ON.
 196:Drivers/STM32F4xx_HAL_Driver/Src/stm32f4xx_hal_pwr.c ****           (++) Low Power regulator ON.
 197:Drivers/STM32F4xx_HAL_Driver/Src/stm32f4xx_hal_pwr.c ****       (+) Exit:
 198:Drivers/STM32F4xx_HAL_Driver/Src/stm32f4xx_hal_pwr.c ****         Any EXTI Line (Internal or External) configured in Interrupt/Event mode.
 199:Drivers/STM32F4xx_HAL_Driver/Src/stm32f4xx_hal_pwr.c **** 
 200:Drivers/STM32F4xx_HAL_Driver/Src/stm32f4xx_hal_pwr.c ****    *** Standby mode ***
 201:Drivers/STM32F4xx_HAL_Driver/Src/stm32f4xx_hal_pwr.c ****    ====================
 202:Drivers/STM32F4xx_HAL_Driver/Src/stm32f4xx_hal_pwr.c ****     [..]
 203:Drivers/STM32F4xx_HAL_Driver/Src/stm32f4xx_hal_pwr.c ****     (+)
 204:Drivers/STM32F4xx_HAL_Driver/Src/stm32f4xx_hal_pwr.c ****       The Standby mode allows to achieve the lowest power consumption. It is based 
 205:Drivers/STM32F4xx_HAL_Driver/Src/stm32f4xx_hal_pwr.c ****       on the Cortex-M4 deep sleep mode, with the voltage regulator disabled. 
 206:Drivers/STM32F4xx_HAL_Driver/Src/stm32f4xx_hal_pwr.c ****       The 1.2V domain is consequently powered off. The PLL, the HSI oscillator and 
 207:Drivers/STM32F4xx_HAL_Driver/Src/stm32f4xx_hal_pwr.c ****       the HSE oscillator are also switched off. SRAM and register contents are lost 
 208:Drivers/STM32F4xx_HAL_Driver/Src/stm32f4xx_hal_pwr.c ****       except for the RTC registers, RTC backup registers, backup SRAM and Standby 
 209:Drivers/STM32F4xx_HAL_Driver/Src/stm32f4xx_hal_pwr.c ****       circuitry.
 210:Drivers/STM32F4xx_HAL_Driver/Src/stm32f4xx_hal_pwr.c ****    
 211:Drivers/STM32F4xx_HAL_Driver/Src/stm32f4xx_hal_pwr.c ****       The voltage regulator is OFF.
 212:Drivers/STM32F4xx_HAL_Driver/Src/stm32f4xx_hal_pwr.c ****       
 213:Drivers/STM32F4xx_HAL_Driver/Src/stm32f4xx_hal_pwr.c ****       (++) Entry:
 214:Drivers/STM32F4xx_HAL_Driver/Src/stm32f4xx_hal_pwr.c ****         (+++) The Standby mode is entered using the HAL_PWR_EnterSTANDBYMode() function.
 215:Drivers/STM32F4xx_HAL_Driver/Src/stm32f4xx_hal_pwr.c ****       (++) Exit:
 216:Drivers/STM32F4xx_HAL_Driver/Src/stm32f4xx_hal_pwr.c ****         (+++) WKUP pin rising edge, RTC alarm (Alarm A and Alarm B), RTC wake-up,
 217:Drivers/STM32F4xx_HAL_Driver/Src/stm32f4xx_hal_pwr.c ****              tamper event, time-stamp event, external reset in NRST pin, IWDG reset.
 218:Drivers/STM32F4xx_HAL_Driver/Src/stm32f4xx_hal_pwr.c **** 
 219:Drivers/STM32F4xx_HAL_Driver/Src/stm32f4xx_hal_pwr.c ****    *** Auto-wake-up (AWU) from low-power mode ***
 220:Drivers/STM32F4xx_HAL_Driver/Src/stm32f4xx_hal_pwr.c ****    =============================================
 221:Drivers/STM32F4xx_HAL_Driver/Src/stm32f4xx_hal_pwr.c ****     [..]
 222:Drivers/STM32F4xx_HAL_Driver/Src/stm32f4xx_hal_pwr.c ****     
 223:Drivers/STM32F4xx_HAL_Driver/Src/stm32f4xx_hal_pwr.c ****      (+) The MCU can be woken up from low-power mode by an RTC Alarm event, an RTC 
 224:Drivers/STM32F4xx_HAL_Driver/Src/stm32f4xx_hal_pwr.c ****       Wake-up event, a tamper event or a time-stamp event, without depending on 
 225:Drivers/STM32F4xx_HAL_Driver/Src/stm32f4xx_hal_pwr.c ****       an external interrupt (Auto-wake-up mode).
 226:Drivers/STM32F4xx_HAL_Driver/Src/stm32f4xx_hal_pwr.c **** 
 227:Drivers/STM32F4xx_HAL_Driver/Src/stm32f4xx_hal_pwr.c ****       (+) RTC auto-wake-up (AWU) from the Stop and Standby modes
 228:Drivers/STM32F4xx_HAL_Driver/Src/stm32f4xx_hal_pwr.c ****        
 229:Drivers/STM32F4xx_HAL_Driver/Src/stm32f4xx_hal_pwr.c ****         (++) To wake up from the Stop mode with an RTC alarm event, it is necessary to 
 230:Drivers/STM32F4xx_HAL_Driver/Src/stm32f4xx_hal_pwr.c ****               configure the RTC to generate the RTC alarm using the HAL_RTC_SetAlarm_IT() function.
 231:Drivers/STM32F4xx_HAL_Driver/Src/stm32f4xx_hal_pwr.c **** 
 232:Drivers/STM32F4xx_HAL_Driver/Src/stm32f4xx_hal_pwr.c ****         (++) To wake up from the Stop mode with an RTC Tamper or time stamp event, it 
 233:Drivers/STM32F4xx_HAL_Driver/Src/stm32f4xx_hal_pwr.c ****              is necessary to configure the RTC to detect the tamper or time stamp event using the
 234:Drivers/STM32F4xx_HAL_Driver/Src/stm32f4xx_hal_pwr.c ****                 HAL_RTCEx_SetTimeStamp_IT() or HAL_RTCEx_SetTamper_IT() functions.
 235:Drivers/STM32F4xx_HAL_Driver/Src/stm32f4xx_hal_pwr.c ****                   
 236:Drivers/STM32F4xx_HAL_Driver/Src/stm32f4xx_hal_pwr.c ****         (++) To wake up from the Stop mode with an RTC Wake-up event, it is necessary to
 237:Drivers/STM32F4xx_HAL_Driver/Src/stm32f4xx_hal_pwr.c ****               configure the RTC to generate the RTC Wake-up event using the HAL_RTCEx_SetWakeUpTime
 238:Drivers/STM32F4xx_HAL_Driver/Src/stm32f4xx_hal_pwr.c **** 
 239:Drivers/STM32F4xx_HAL_Driver/Src/stm32f4xx_hal_pwr.c **** @endverbatim
 240:Drivers/STM32F4xx_HAL_Driver/Src/stm32f4xx_hal_pwr.c ****   * @{
ARM GAS  /tmp/cc8lhO1E.s 			page 7


 241:Drivers/STM32F4xx_HAL_Driver/Src/stm32f4xx_hal_pwr.c ****   */
 242:Drivers/STM32F4xx_HAL_Driver/Src/stm32f4xx_hal_pwr.c **** 
 243:Drivers/STM32F4xx_HAL_Driver/Src/stm32f4xx_hal_pwr.c **** /**
 244:Drivers/STM32F4xx_HAL_Driver/Src/stm32f4xx_hal_pwr.c ****   * @brief Configures the voltage threshold detected by the Power Voltage Detector(PVD).
 245:Drivers/STM32F4xx_HAL_Driver/Src/stm32f4xx_hal_pwr.c ****   * @param sConfigPVD pointer to an PWR_PVDTypeDef structure that contains the configuration
 246:Drivers/STM32F4xx_HAL_Driver/Src/stm32f4xx_hal_pwr.c ****   *        information for the PVD.
 247:Drivers/STM32F4xx_HAL_Driver/Src/stm32f4xx_hal_pwr.c ****   * @note Refer to the electrical characteristics of your device datasheet for
 248:Drivers/STM32F4xx_HAL_Driver/Src/stm32f4xx_hal_pwr.c ****   *         more details about the voltage threshold corresponding to each 
 249:Drivers/STM32F4xx_HAL_Driver/Src/stm32f4xx_hal_pwr.c ****   *         detection level.
 250:Drivers/STM32F4xx_HAL_Driver/Src/stm32f4xx_hal_pwr.c ****   * @retval None
 251:Drivers/STM32F4xx_HAL_Driver/Src/stm32f4xx_hal_pwr.c ****   */
 252:Drivers/STM32F4xx_HAL_Driver/Src/stm32f4xx_hal_pwr.c **** void HAL_PWR_ConfigPVD(PWR_PVDTypeDef *sConfigPVD)
 253:Drivers/STM32F4xx_HAL_Driver/Src/stm32f4xx_hal_pwr.c **** {
 110              		.loc 1 253 0
 111              		.cfi_startproc
 112              		@ args = 0, pretend = 0, frame = 0
 113              		@ frame_needed = 0, uses_anonymous_args = 0
 114              		@ link register save eliminated.
 115              	.LVL0:
 254:Drivers/STM32F4xx_HAL_Driver/Src/stm32f4xx_hal_pwr.c ****   /* Check the parameters */
 255:Drivers/STM32F4xx_HAL_Driver/Src/stm32f4xx_hal_pwr.c ****   assert_param(IS_PWR_PVD_LEVEL(sConfigPVD->PVDLevel));
 256:Drivers/STM32F4xx_HAL_Driver/Src/stm32f4xx_hal_pwr.c ****   assert_param(IS_PWR_PVD_MODE(sConfigPVD->Mode));
 257:Drivers/STM32F4xx_HAL_Driver/Src/stm32f4xx_hal_pwr.c ****   
 258:Drivers/STM32F4xx_HAL_Driver/Src/stm32f4xx_hal_pwr.c ****   /* Set PLS[7:5] bits according to PVDLevel value */
 259:Drivers/STM32F4xx_HAL_Driver/Src/stm32f4xx_hal_pwr.c ****   MODIFY_REG(PWR->CR, PWR_CR_PLS, sConfigPVD->PVDLevel);
 116              		.loc 1 259 0
 117 0000 1E49     		ldr	r1, .L15
 118 0002 0B68     		ldr	r3, [r1]
 119 0004 23F0E002 		bic	r2, r3, #224
 120 0008 0368     		ldr	r3, [r0]
 121 000a 1343     		orrs	r3, r3, r2
 122 000c 0B60     		str	r3, [r1]
 260:Drivers/STM32F4xx_HAL_Driver/Src/stm32f4xx_hal_pwr.c ****   
 261:Drivers/STM32F4xx_HAL_Driver/Src/stm32f4xx_hal_pwr.c ****   /* Clear any previous config. Keep it clear if no event or IT mode is selected */
 262:Drivers/STM32F4xx_HAL_Driver/Src/stm32f4xx_hal_pwr.c ****   __HAL_PWR_PVD_EXTI_DISABLE_EVENT();
 123              		.loc 1 262 0
 124 000e 1C4B     		ldr	r3, .L15+4
 125 0010 5A68     		ldr	r2, [r3, #4]
 126 0012 22F48032 		bic	r2, r2, #65536
 127 0016 5A60     		str	r2, [r3, #4]
 263:Drivers/STM32F4xx_HAL_Driver/Src/stm32f4xx_hal_pwr.c ****   __HAL_PWR_PVD_EXTI_DISABLE_IT();
 128              		.loc 1 263 0
 129 0018 1A68     		ldr	r2, [r3]
 130 001a 22F48032 		bic	r2, r2, #65536
 131 001e 1A60     		str	r2, [r3]
 264:Drivers/STM32F4xx_HAL_Driver/Src/stm32f4xx_hal_pwr.c ****   __HAL_PWR_PVD_EXTI_DISABLE_RISING_EDGE();
 132              		.loc 1 264 0
 133 0020 9A68     		ldr	r2, [r3, #8]
 134 0022 22F48032 		bic	r2, r2, #65536
 135 0026 9A60     		str	r2, [r3, #8]
 265:Drivers/STM32F4xx_HAL_Driver/Src/stm32f4xx_hal_pwr.c ****   __HAL_PWR_PVD_EXTI_DISABLE_FALLING_EDGE(); 
 136              		.loc 1 265 0
 137 0028 DA68     		ldr	r2, [r3, #12]
 138 002a 22F48032 		bic	r2, r2, #65536
 139 002e DA60     		str	r2, [r3, #12]
 266:Drivers/STM32F4xx_HAL_Driver/Src/stm32f4xx_hal_pwr.c **** 
 267:Drivers/STM32F4xx_HAL_Driver/Src/stm32f4xx_hal_pwr.c ****   /* Configure interrupt mode */
ARM GAS  /tmp/cc8lhO1E.s 			page 8


 268:Drivers/STM32F4xx_HAL_Driver/Src/stm32f4xx_hal_pwr.c ****   if((sConfigPVD->Mode & PVD_MODE_IT) == PVD_MODE_IT)
 140              		.loc 1 268 0
 141 0030 4368     		ldr	r3, [r0, #4]
 142 0032 13F4803F 		tst	r3, #65536
 143 0036 04D0     		beq	.L11
 269:Drivers/STM32F4xx_HAL_Driver/Src/stm32f4xx_hal_pwr.c ****   {
 270:Drivers/STM32F4xx_HAL_Driver/Src/stm32f4xx_hal_pwr.c ****     __HAL_PWR_PVD_EXTI_ENABLE_IT();
 144              		.loc 1 270 0
 145 0038 114A     		ldr	r2, .L15+4
 146 003a 1368     		ldr	r3, [r2]
 147 003c 43F48033 		orr	r3, r3, #65536
 148 0040 1360     		str	r3, [r2]
 149              	.L11:
 271:Drivers/STM32F4xx_HAL_Driver/Src/stm32f4xx_hal_pwr.c ****   }
 272:Drivers/STM32F4xx_HAL_Driver/Src/stm32f4xx_hal_pwr.c ****   
 273:Drivers/STM32F4xx_HAL_Driver/Src/stm32f4xx_hal_pwr.c ****   /* Configure event mode */
 274:Drivers/STM32F4xx_HAL_Driver/Src/stm32f4xx_hal_pwr.c ****   if((sConfigPVD->Mode & PVD_MODE_EVT) == PVD_MODE_EVT)
 150              		.loc 1 274 0
 151 0042 4368     		ldr	r3, [r0, #4]
 152 0044 13F4003F 		tst	r3, #131072
 153 0048 04D0     		beq	.L12
 275:Drivers/STM32F4xx_HAL_Driver/Src/stm32f4xx_hal_pwr.c ****   {
 276:Drivers/STM32F4xx_HAL_Driver/Src/stm32f4xx_hal_pwr.c ****     __HAL_PWR_PVD_EXTI_ENABLE_EVENT();
 154              		.loc 1 276 0
 155 004a 0D4A     		ldr	r2, .L15+4
 156 004c 5368     		ldr	r3, [r2, #4]
 157 004e 43F48033 		orr	r3, r3, #65536
 158 0052 5360     		str	r3, [r2, #4]
 159              	.L12:
 277:Drivers/STM32F4xx_HAL_Driver/Src/stm32f4xx_hal_pwr.c ****   }
 278:Drivers/STM32F4xx_HAL_Driver/Src/stm32f4xx_hal_pwr.c ****   
 279:Drivers/STM32F4xx_HAL_Driver/Src/stm32f4xx_hal_pwr.c ****   /* Configure the edge */
 280:Drivers/STM32F4xx_HAL_Driver/Src/stm32f4xx_hal_pwr.c ****   if((sConfigPVD->Mode & PVD_RISING_EDGE) == PVD_RISING_EDGE)
 160              		.loc 1 280 0
 161 0054 4368     		ldr	r3, [r0, #4]
 162 0056 13F0010F 		tst	r3, #1
 163 005a 04D0     		beq	.L13
 281:Drivers/STM32F4xx_HAL_Driver/Src/stm32f4xx_hal_pwr.c ****   {
 282:Drivers/STM32F4xx_HAL_Driver/Src/stm32f4xx_hal_pwr.c ****     __HAL_PWR_PVD_EXTI_ENABLE_RISING_EDGE();
 164              		.loc 1 282 0
 165 005c 084A     		ldr	r2, .L15+4
 166 005e 9368     		ldr	r3, [r2, #8]
 167 0060 43F48033 		orr	r3, r3, #65536
 168 0064 9360     		str	r3, [r2, #8]
 169              	.L13:
 283:Drivers/STM32F4xx_HAL_Driver/Src/stm32f4xx_hal_pwr.c ****   }
 284:Drivers/STM32F4xx_HAL_Driver/Src/stm32f4xx_hal_pwr.c ****   
 285:Drivers/STM32F4xx_HAL_Driver/Src/stm32f4xx_hal_pwr.c ****   if((sConfigPVD->Mode & PVD_FALLING_EDGE) == PVD_FALLING_EDGE)
 170              		.loc 1 285 0
 171 0066 4368     		ldr	r3, [r0, #4]
 172 0068 13F0020F 		tst	r3, #2
 173 006c 04D0     		beq	.L10
 286:Drivers/STM32F4xx_HAL_Driver/Src/stm32f4xx_hal_pwr.c ****   {
 287:Drivers/STM32F4xx_HAL_Driver/Src/stm32f4xx_hal_pwr.c ****     __HAL_PWR_PVD_EXTI_ENABLE_FALLING_EDGE();
 174              		.loc 1 287 0
 175 006e 044A     		ldr	r2, .L15+4
 176 0070 D368     		ldr	r3, [r2, #12]
ARM GAS  /tmp/cc8lhO1E.s 			page 9


 177 0072 43F48033 		orr	r3, r3, #65536
 178 0076 D360     		str	r3, [r2, #12]
 179              	.L10:
 180 0078 7047     		bx	lr
 181              	.L16:
 182 007a 00BF     		.align	2
 183              	.L15:
 184 007c 00700040 		.word	1073770496
 185 0080 003C0140 		.word	1073822720
 186              		.cfi_endproc
 187              	.LFE133:
 189              		.section	.text.HAL_PWR_EnablePVD,"ax",%progbits
 190              		.align	2
 191              		.global	HAL_PWR_EnablePVD
 192              		.thumb
 193              		.thumb_func
 195              	HAL_PWR_EnablePVD:
 196              	.LFB134:
 288:Drivers/STM32F4xx_HAL_Driver/Src/stm32f4xx_hal_pwr.c ****   }
 289:Drivers/STM32F4xx_HAL_Driver/Src/stm32f4xx_hal_pwr.c **** }
 290:Drivers/STM32F4xx_HAL_Driver/Src/stm32f4xx_hal_pwr.c **** 
 291:Drivers/STM32F4xx_HAL_Driver/Src/stm32f4xx_hal_pwr.c **** /**
 292:Drivers/STM32F4xx_HAL_Driver/Src/stm32f4xx_hal_pwr.c ****   * @brief Enables the Power Voltage Detector(PVD).
 293:Drivers/STM32F4xx_HAL_Driver/Src/stm32f4xx_hal_pwr.c ****   * @retval None
 294:Drivers/STM32F4xx_HAL_Driver/Src/stm32f4xx_hal_pwr.c ****   */
 295:Drivers/STM32F4xx_HAL_Driver/Src/stm32f4xx_hal_pwr.c **** void HAL_PWR_EnablePVD(void)
 296:Drivers/STM32F4xx_HAL_Driver/Src/stm32f4xx_hal_pwr.c **** {
 197              		.loc 1 296 0
 198              		.cfi_startproc
 199              		@ args = 0, pretend = 0, frame = 0
 200              		@ frame_needed = 0, uses_anonymous_args = 0
 201              		@ link register save eliminated.
 297:Drivers/STM32F4xx_HAL_Driver/Src/stm32f4xx_hal_pwr.c ****   *(__IO uint32_t *) CR_PVDE_BB = (uint32_t)ENABLE;
 202              		.loc 1 297 0
 203 0000 0122     		movs	r2, #1
 204 0002 014B     		ldr	r3, .L18
 205 0004 1A60     		str	r2, [r3]
 206 0006 7047     		bx	lr
 207              	.L19:
 208              		.align	2
 209              	.L18:
 210 0008 10000E42 		.word	1108213776
 211              		.cfi_endproc
 212              	.LFE134:
 214              		.section	.text.HAL_PWR_DisablePVD,"ax",%progbits
 215              		.align	2
 216              		.global	HAL_PWR_DisablePVD
 217              		.thumb
 218              		.thumb_func
 220              	HAL_PWR_DisablePVD:
 221              	.LFB135:
 298:Drivers/STM32F4xx_HAL_Driver/Src/stm32f4xx_hal_pwr.c **** }
 299:Drivers/STM32F4xx_HAL_Driver/Src/stm32f4xx_hal_pwr.c **** 
 300:Drivers/STM32F4xx_HAL_Driver/Src/stm32f4xx_hal_pwr.c **** /**
 301:Drivers/STM32F4xx_HAL_Driver/Src/stm32f4xx_hal_pwr.c ****   * @brief Disables the Power Voltage Detector(PVD).
 302:Drivers/STM32F4xx_HAL_Driver/Src/stm32f4xx_hal_pwr.c ****   * @retval None
 303:Drivers/STM32F4xx_HAL_Driver/Src/stm32f4xx_hal_pwr.c ****   */
ARM GAS  /tmp/cc8lhO1E.s 			page 10


 304:Drivers/STM32F4xx_HAL_Driver/Src/stm32f4xx_hal_pwr.c **** void HAL_PWR_DisablePVD(void)
 305:Drivers/STM32F4xx_HAL_Driver/Src/stm32f4xx_hal_pwr.c **** {
 222              		.loc 1 305 0
 223              		.cfi_startproc
 224              		@ args = 0, pretend = 0, frame = 0
 225              		@ frame_needed = 0, uses_anonymous_args = 0
 226              		@ link register save eliminated.
 306:Drivers/STM32F4xx_HAL_Driver/Src/stm32f4xx_hal_pwr.c ****   *(__IO uint32_t *) CR_PVDE_BB = (uint32_t)DISABLE;
 227              		.loc 1 306 0
 228 0000 0022     		movs	r2, #0
 229 0002 014B     		ldr	r3, .L21
 230 0004 1A60     		str	r2, [r3]
 231 0006 7047     		bx	lr
 232              	.L22:
 233              		.align	2
 234              	.L21:
 235 0008 10000E42 		.word	1108213776
 236              		.cfi_endproc
 237              	.LFE135:
 239              		.section	.text.HAL_PWR_EnableWakeUpPin,"ax",%progbits
 240              		.align	2
 241              		.global	HAL_PWR_EnableWakeUpPin
 242              		.thumb
 243              		.thumb_func
 245              	HAL_PWR_EnableWakeUpPin:
 246              	.LFB136:
 307:Drivers/STM32F4xx_HAL_Driver/Src/stm32f4xx_hal_pwr.c **** }
 308:Drivers/STM32F4xx_HAL_Driver/Src/stm32f4xx_hal_pwr.c **** 
 309:Drivers/STM32F4xx_HAL_Driver/Src/stm32f4xx_hal_pwr.c **** /**
 310:Drivers/STM32F4xx_HAL_Driver/Src/stm32f4xx_hal_pwr.c ****   * @brief Enables the Wake-up PINx functionality.
 311:Drivers/STM32F4xx_HAL_Driver/Src/stm32f4xx_hal_pwr.c ****   * @param WakeUpPinx Specifies the Power Wake-Up pin to enable.
 312:Drivers/STM32F4xx_HAL_Driver/Src/stm32f4xx_hal_pwr.c ****   *         This parameter can be one of the following values:
 313:Drivers/STM32F4xx_HAL_Driver/Src/stm32f4xx_hal_pwr.c ****   *           @arg PWR_WAKEUP_PIN1
 314:Drivers/STM32F4xx_HAL_Driver/Src/stm32f4xx_hal_pwr.c ****   *           @arg PWR_WAKEUP_PIN2 available only on STM32F410xx/STM32F446xx/STM32F412xx/STM32F413x
 315:Drivers/STM32F4xx_HAL_Driver/Src/stm32f4xx_hal_pwr.c ****   *           @arg PWR_WAKEUP_PIN3 available only on STM32F410xx/STM32F412xx/STM32F413xx/STM32F423x
 316:Drivers/STM32F4xx_HAL_Driver/Src/stm32f4xx_hal_pwr.c ****   * @retval None
 317:Drivers/STM32F4xx_HAL_Driver/Src/stm32f4xx_hal_pwr.c ****   */
 318:Drivers/STM32F4xx_HAL_Driver/Src/stm32f4xx_hal_pwr.c **** void HAL_PWR_EnableWakeUpPin(uint32_t WakeUpPinx)
 319:Drivers/STM32F4xx_HAL_Driver/Src/stm32f4xx_hal_pwr.c **** {
 247              		.loc 1 319 0
 248              		.cfi_startproc
 249              		@ args = 0, pretend = 0, frame = 0
 250              		@ frame_needed = 0, uses_anonymous_args = 0
 251              		@ link register save eliminated.
 252              	.LVL1:
 320:Drivers/STM32F4xx_HAL_Driver/Src/stm32f4xx_hal_pwr.c ****   /* Check the parameter */
 321:Drivers/STM32F4xx_HAL_Driver/Src/stm32f4xx_hal_pwr.c ****   assert_param(IS_PWR_WAKEUP_PIN(WakeUpPinx));
 322:Drivers/STM32F4xx_HAL_Driver/Src/stm32f4xx_hal_pwr.c **** 
 323:Drivers/STM32F4xx_HAL_Driver/Src/stm32f4xx_hal_pwr.c ****   /* Enable the wake up pin */
 324:Drivers/STM32F4xx_HAL_Driver/Src/stm32f4xx_hal_pwr.c ****   SET_BIT(PWR->CSR, WakeUpPinx);
 253              		.loc 1 324 0
 254 0000 024A     		ldr	r2, .L24
 255 0002 5368     		ldr	r3, [r2, #4]
 256 0004 1843     		orrs	r0, r0, r3
 257              	.LVL2:
 258 0006 5060     		str	r0, [r2, #4]
 259 0008 7047     		bx	lr
ARM GAS  /tmp/cc8lhO1E.s 			page 11


 260              	.L25:
 261 000a 00BF     		.align	2
 262              	.L24:
 263 000c 00700040 		.word	1073770496
 264              		.cfi_endproc
 265              	.LFE136:
 267              		.section	.text.HAL_PWR_DisableWakeUpPin,"ax",%progbits
 268              		.align	2
 269              		.global	HAL_PWR_DisableWakeUpPin
 270              		.thumb
 271              		.thumb_func
 273              	HAL_PWR_DisableWakeUpPin:
 274              	.LFB137:
 325:Drivers/STM32F4xx_HAL_Driver/Src/stm32f4xx_hal_pwr.c **** }
 326:Drivers/STM32F4xx_HAL_Driver/Src/stm32f4xx_hal_pwr.c **** 
 327:Drivers/STM32F4xx_HAL_Driver/Src/stm32f4xx_hal_pwr.c **** /**
 328:Drivers/STM32F4xx_HAL_Driver/Src/stm32f4xx_hal_pwr.c ****   * @brief Disables the Wake-up PINx functionality.
 329:Drivers/STM32F4xx_HAL_Driver/Src/stm32f4xx_hal_pwr.c ****   * @param WakeUpPinx Specifies the Power Wake-Up pin to disable.
 330:Drivers/STM32F4xx_HAL_Driver/Src/stm32f4xx_hal_pwr.c ****   *         This parameter can be one of the following values:
 331:Drivers/STM32F4xx_HAL_Driver/Src/stm32f4xx_hal_pwr.c ****   *           @arg PWR_WAKEUP_PIN1
 332:Drivers/STM32F4xx_HAL_Driver/Src/stm32f4xx_hal_pwr.c ****   *           @arg PWR_WAKEUP_PIN2 available only on STM32F410xx/STM32F446xx/STM32F412xx/STM32F413x
 333:Drivers/STM32F4xx_HAL_Driver/Src/stm32f4xx_hal_pwr.c ****   *           @arg PWR_WAKEUP_PIN3 available only on STM32F410xx/STM32F412xx/STM32F413xx/STM32F423x
 334:Drivers/STM32F4xx_HAL_Driver/Src/stm32f4xx_hal_pwr.c ****   * @retval None
 335:Drivers/STM32F4xx_HAL_Driver/Src/stm32f4xx_hal_pwr.c ****   */
 336:Drivers/STM32F4xx_HAL_Driver/Src/stm32f4xx_hal_pwr.c **** void HAL_PWR_DisableWakeUpPin(uint32_t WakeUpPinx)
 337:Drivers/STM32F4xx_HAL_Driver/Src/stm32f4xx_hal_pwr.c **** {
 275              		.loc 1 337 0
 276              		.cfi_startproc
 277              		@ args = 0, pretend = 0, frame = 0
 278              		@ frame_needed = 0, uses_anonymous_args = 0
 279              		@ link register save eliminated.
 280              	.LVL3:
 338:Drivers/STM32F4xx_HAL_Driver/Src/stm32f4xx_hal_pwr.c ****   /* Check the parameter */
 339:Drivers/STM32F4xx_HAL_Driver/Src/stm32f4xx_hal_pwr.c ****   assert_param(IS_PWR_WAKEUP_PIN(WakeUpPinx));  
 340:Drivers/STM32F4xx_HAL_Driver/Src/stm32f4xx_hal_pwr.c **** 
 341:Drivers/STM32F4xx_HAL_Driver/Src/stm32f4xx_hal_pwr.c ****   /* Disable the wake up pin */
 342:Drivers/STM32F4xx_HAL_Driver/Src/stm32f4xx_hal_pwr.c ****   CLEAR_BIT(PWR->CSR, WakeUpPinx);
 281              		.loc 1 342 0
 282 0000 024A     		ldr	r2, .L27
 283 0002 5368     		ldr	r3, [r2, #4]
 284 0004 23EA0000 		bic	r0, r3, r0
 285              	.LVL4:
 286 0008 5060     		str	r0, [r2, #4]
 287 000a 7047     		bx	lr
 288              	.L28:
 289              		.align	2
 290              	.L27:
 291 000c 00700040 		.word	1073770496
 292              		.cfi_endproc
 293              	.LFE137:
 295              		.section	.text.HAL_PWR_EnterSLEEPMode,"ax",%progbits
 296              		.align	2
 297              		.global	HAL_PWR_EnterSLEEPMode
 298              		.thumb
 299              		.thumb_func
 301              	HAL_PWR_EnterSLEEPMode:
 302              	.LFB138:
ARM GAS  /tmp/cc8lhO1E.s 			page 12


 343:Drivers/STM32F4xx_HAL_Driver/Src/stm32f4xx_hal_pwr.c **** }
 344:Drivers/STM32F4xx_HAL_Driver/Src/stm32f4xx_hal_pwr.c ****   
 345:Drivers/STM32F4xx_HAL_Driver/Src/stm32f4xx_hal_pwr.c **** /**
 346:Drivers/STM32F4xx_HAL_Driver/Src/stm32f4xx_hal_pwr.c ****   * @brief Enters Sleep mode.
 347:Drivers/STM32F4xx_HAL_Driver/Src/stm32f4xx_hal_pwr.c ****   *   
 348:Drivers/STM32F4xx_HAL_Driver/Src/stm32f4xx_hal_pwr.c ****   * @note In Sleep mode, all I/O pins keep the same state as in Run mode.
 349:Drivers/STM32F4xx_HAL_Driver/Src/stm32f4xx_hal_pwr.c ****   * 
 350:Drivers/STM32F4xx_HAL_Driver/Src/stm32f4xx_hal_pwr.c ****   * @note In Sleep mode, the systick is stopped to avoid exit from this mode with
 351:Drivers/STM32F4xx_HAL_Driver/Src/stm32f4xx_hal_pwr.c ****   *       systick interrupt when used as time base for Timeout 
 352:Drivers/STM32F4xx_HAL_Driver/Src/stm32f4xx_hal_pwr.c ****   *                
 353:Drivers/STM32F4xx_HAL_Driver/Src/stm32f4xx_hal_pwr.c ****   * @param Regulator Specifies the regulator state in SLEEP mode.
 354:Drivers/STM32F4xx_HAL_Driver/Src/stm32f4xx_hal_pwr.c ****   *            This parameter can be one of the following values:
 355:Drivers/STM32F4xx_HAL_Driver/Src/stm32f4xx_hal_pwr.c ****   *            @arg PWR_MAINREGULATOR_ON: SLEEP mode with regulator ON
 356:Drivers/STM32F4xx_HAL_Driver/Src/stm32f4xx_hal_pwr.c ****   *            @arg PWR_LOWPOWERREGULATOR_ON: SLEEP mode with low power regulator ON
 357:Drivers/STM32F4xx_HAL_Driver/Src/stm32f4xx_hal_pwr.c ****   * @note This parameter is not used for the STM32F4 family and is kept as parameter
 358:Drivers/STM32F4xx_HAL_Driver/Src/stm32f4xx_hal_pwr.c ****   *       just to maintain compatibility with the lower power families.
 359:Drivers/STM32F4xx_HAL_Driver/Src/stm32f4xx_hal_pwr.c ****   * @param SLEEPEntry Specifies if SLEEP mode in entered with WFI or WFE instruction.
 360:Drivers/STM32F4xx_HAL_Driver/Src/stm32f4xx_hal_pwr.c ****   *          This parameter can be one of the following values:
 361:Drivers/STM32F4xx_HAL_Driver/Src/stm32f4xx_hal_pwr.c ****   *            @arg PWR_SLEEPENTRY_WFI: enter SLEEP mode with WFI instruction
 362:Drivers/STM32F4xx_HAL_Driver/Src/stm32f4xx_hal_pwr.c ****   *            @arg PWR_SLEEPENTRY_WFE: enter SLEEP mode with WFE instruction
 363:Drivers/STM32F4xx_HAL_Driver/Src/stm32f4xx_hal_pwr.c ****   * @retval None
 364:Drivers/STM32F4xx_HAL_Driver/Src/stm32f4xx_hal_pwr.c ****   */
 365:Drivers/STM32F4xx_HAL_Driver/Src/stm32f4xx_hal_pwr.c **** void HAL_PWR_EnterSLEEPMode(uint32_t Regulator, uint8_t SLEEPEntry)
 366:Drivers/STM32F4xx_HAL_Driver/Src/stm32f4xx_hal_pwr.c **** {
 303              		.loc 1 366 0
 304              		.cfi_startproc
 305              		@ args = 0, pretend = 0, frame = 0
 306              		@ frame_needed = 0, uses_anonymous_args = 0
 307              		@ link register save eliminated.
 308              	.LVL5:
 367:Drivers/STM32F4xx_HAL_Driver/Src/stm32f4xx_hal_pwr.c ****   /* Check the parameters */
 368:Drivers/STM32F4xx_HAL_Driver/Src/stm32f4xx_hal_pwr.c ****   assert_param(IS_PWR_REGULATOR(Regulator));
 369:Drivers/STM32F4xx_HAL_Driver/Src/stm32f4xx_hal_pwr.c ****   assert_param(IS_PWR_SLEEP_ENTRY(SLEEPEntry));
 370:Drivers/STM32F4xx_HAL_Driver/Src/stm32f4xx_hal_pwr.c **** 
 371:Drivers/STM32F4xx_HAL_Driver/Src/stm32f4xx_hal_pwr.c ****   /* Clear SLEEPDEEP bit of Cortex System Control Register */
 372:Drivers/STM32F4xx_HAL_Driver/Src/stm32f4xx_hal_pwr.c ****   CLEAR_BIT(SCB->SCR, ((uint32_t)SCB_SCR_SLEEPDEEP_Msk));
 309              		.loc 1 372 0
 310 0000 064A     		ldr	r2, .L32
 311 0002 1369     		ldr	r3, [r2, #16]
 312 0004 23F00403 		bic	r3, r3, #4
 313 0008 1361     		str	r3, [r2, #16]
 373:Drivers/STM32F4xx_HAL_Driver/Src/stm32f4xx_hal_pwr.c **** 
 374:Drivers/STM32F4xx_HAL_Driver/Src/stm32f4xx_hal_pwr.c ****   /* Select SLEEP mode entry -------------------------------------------------*/
 375:Drivers/STM32F4xx_HAL_Driver/Src/stm32f4xx_hal_pwr.c ****   if(SLEEPEntry == PWR_SLEEPENTRY_WFI)
 314              		.loc 1 375 0
 315 000a 0129     		cmp	r1, #1
 316 000c 01D1     		bne	.L30
 376:Drivers/STM32F4xx_HAL_Driver/Src/stm32f4xx_hal_pwr.c ****   {   
 377:Drivers/STM32F4xx_HAL_Driver/Src/stm32f4xx_hal_pwr.c ****     /* Request Wait For Interrupt */
 378:Drivers/STM32F4xx_HAL_Driver/Src/stm32f4xx_hal_pwr.c ****     __WFI();
 317              		.loc 1 378 0
 318              		.syntax unified
 319              	@ 378 "Drivers/STM32F4xx_HAL_Driver/Src/stm32f4xx_hal_pwr.c" 1
 320 000e 30BF     		wfi
 321              	@ 0 "" 2
 322              		.thumb
 323              		.syntax unified
ARM GAS  /tmp/cc8lhO1E.s 			page 13


 324 0010 7047     		bx	lr
 325              	.L30:
 379:Drivers/STM32F4xx_HAL_Driver/Src/stm32f4xx_hal_pwr.c ****   }
 380:Drivers/STM32F4xx_HAL_Driver/Src/stm32f4xx_hal_pwr.c ****   else
 381:Drivers/STM32F4xx_HAL_Driver/Src/stm32f4xx_hal_pwr.c ****   {
 382:Drivers/STM32F4xx_HAL_Driver/Src/stm32f4xx_hal_pwr.c ****     /* Request Wait For Event */
 383:Drivers/STM32F4xx_HAL_Driver/Src/stm32f4xx_hal_pwr.c ****     __SEV();
 326              		.loc 1 383 0
 327              		.syntax unified
 328              	@ 383 "Drivers/STM32F4xx_HAL_Driver/Src/stm32f4xx_hal_pwr.c" 1
 329 0012 40BF     		sev
 330              	@ 0 "" 2
 384:Drivers/STM32F4xx_HAL_Driver/Src/stm32f4xx_hal_pwr.c ****     __WFE();
 331              		.loc 1 384 0
 332              	@ 384 "Drivers/STM32F4xx_HAL_Driver/Src/stm32f4xx_hal_pwr.c" 1
 333 0014 20BF     		wfe
 334              	@ 0 "" 2
 385:Drivers/STM32F4xx_HAL_Driver/Src/stm32f4xx_hal_pwr.c ****     __WFE();
 335              		.loc 1 385 0
 336              	@ 385 "Drivers/STM32F4xx_HAL_Driver/Src/stm32f4xx_hal_pwr.c" 1
 337 0016 20BF     		wfe
 338              	@ 0 "" 2
 339              		.thumb
 340              		.syntax unified
 341 0018 7047     		bx	lr
 342              	.L33:
 343 001a 00BF     		.align	2
 344              	.L32:
 345 001c 00ED00E0 		.word	-536810240
 346              		.cfi_endproc
 347              	.LFE138:
 349              		.section	.text.HAL_PWR_EnterSTOPMode,"ax",%progbits
 350              		.align	2
 351              		.global	HAL_PWR_EnterSTOPMode
 352              		.thumb
 353              		.thumb_func
 355              	HAL_PWR_EnterSTOPMode:
 356              	.LFB139:
 386:Drivers/STM32F4xx_HAL_Driver/Src/stm32f4xx_hal_pwr.c ****   }
 387:Drivers/STM32F4xx_HAL_Driver/Src/stm32f4xx_hal_pwr.c **** }
 388:Drivers/STM32F4xx_HAL_Driver/Src/stm32f4xx_hal_pwr.c **** 
 389:Drivers/STM32F4xx_HAL_Driver/Src/stm32f4xx_hal_pwr.c **** /**
 390:Drivers/STM32F4xx_HAL_Driver/Src/stm32f4xx_hal_pwr.c ****   * @brief Enters Stop mode. 
 391:Drivers/STM32F4xx_HAL_Driver/Src/stm32f4xx_hal_pwr.c ****   * @note In Stop mode, all I/O pins keep the same state as in Run mode.
 392:Drivers/STM32F4xx_HAL_Driver/Src/stm32f4xx_hal_pwr.c ****   * @note When exiting Stop mode by issuing an interrupt or a wake-up event, 
 393:Drivers/STM32F4xx_HAL_Driver/Src/stm32f4xx_hal_pwr.c ****   *         the HSI RC oscillator is selected as system clock.
 394:Drivers/STM32F4xx_HAL_Driver/Src/stm32f4xx_hal_pwr.c ****   * @note When the voltage regulator operates in low power mode, an additional 
 395:Drivers/STM32F4xx_HAL_Driver/Src/stm32f4xx_hal_pwr.c ****   *         startup delay is incurred when waking up from Stop mode. 
 396:Drivers/STM32F4xx_HAL_Driver/Src/stm32f4xx_hal_pwr.c ****   *         By keeping the internal regulator ON during Stop mode, the consumption 
 397:Drivers/STM32F4xx_HAL_Driver/Src/stm32f4xx_hal_pwr.c ****   *         is higher although the startup time is reduced.    
 398:Drivers/STM32F4xx_HAL_Driver/Src/stm32f4xx_hal_pwr.c ****   * @param Regulator Specifies the regulator state in Stop mode.
 399:Drivers/STM32F4xx_HAL_Driver/Src/stm32f4xx_hal_pwr.c ****   *          This parameter can be one of the following values:
 400:Drivers/STM32F4xx_HAL_Driver/Src/stm32f4xx_hal_pwr.c ****   *            @arg PWR_MAINREGULATOR_ON: Stop mode with regulator ON
 401:Drivers/STM32F4xx_HAL_Driver/Src/stm32f4xx_hal_pwr.c ****   *            @arg PWR_LOWPOWERREGULATOR_ON: Stop mode with low power regulator ON
 402:Drivers/STM32F4xx_HAL_Driver/Src/stm32f4xx_hal_pwr.c ****   * @param STOPEntry Specifies if Stop mode in entered with WFI or WFE instruction.
 403:Drivers/STM32F4xx_HAL_Driver/Src/stm32f4xx_hal_pwr.c ****   *          This parameter can be one of the following values:
 404:Drivers/STM32F4xx_HAL_Driver/Src/stm32f4xx_hal_pwr.c ****   *            @arg PWR_STOPENTRY_WFI: Enter Stop mode with WFI instruction
ARM GAS  /tmp/cc8lhO1E.s 			page 14


 405:Drivers/STM32F4xx_HAL_Driver/Src/stm32f4xx_hal_pwr.c ****   *            @arg PWR_STOPENTRY_WFE: Enter Stop mode with WFE instruction
 406:Drivers/STM32F4xx_HAL_Driver/Src/stm32f4xx_hal_pwr.c ****   * @retval None
 407:Drivers/STM32F4xx_HAL_Driver/Src/stm32f4xx_hal_pwr.c ****   */
 408:Drivers/STM32F4xx_HAL_Driver/Src/stm32f4xx_hal_pwr.c **** void HAL_PWR_EnterSTOPMode(uint32_t Regulator, uint8_t STOPEntry)
 409:Drivers/STM32F4xx_HAL_Driver/Src/stm32f4xx_hal_pwr.c **** {
 357              		.loc 1 409 0
 358              		.cfi_startproc
 359              		@ args = 0, pretend = 0, frame = 0
 360              		@ frame_needed = 0, uses_anonymous_args = 0
 361              		@ link register save eliminated.
 362              	.LVL6:
 410:Drivers/STM32F4xx_HAL_Driver/Src/stm32f4xx_hal_pwr.c ****   /* Check the parameters */
 411:Drivers/STM32F4xx_HAL_Driver/Src/stm32f4xx_hal_pwr.c ****   assert_param(IS_PWR_REGULATOR(Regulator));
 412:Drivers/STM32F4xx_HAL_Driver/Src/stm32f4xx_hal_pwr.c ****   assert_param(IS_PWR_STOP_ENTRY(STOPEntry));
 413:Drivers/STM32F4xx_HAL_Driver/Src/stm32f4xx_hal_pwr.c ****   
 414:Drivers/STM32F4xx_HAL_Driver/Src/stm32f4xx_hal_pwr.c ****   /* Select the regulator state in Stop mode: Set PDDS and LPDS bits according to PWR_Regulator val
 415:Drivers/STM32F4xx_HAL_Driver/Src/stm32f4xx_hal_pwr.c ****   MODIFY_REG(PWR->CR, (PWR_CR_PDDS | PWR_CR_LPDS), Regulator);
 363              		.loc 1 415 0
 364 0000 0B4A     		ldr	r2, .L37
 365 0002 1368     		ldr	r3, [r2]
 366 0004 23F00303 		bic	r3, r3, #3
 367 0008 1843     		orrs	r0, r0, r3
 368              	.LVL7:
 369 000a 1060     		str	r0, [r2]
 416:Drivers/STM32F4xx_HAL_Driver/Src/stm32f4xx_hal_pwr.c ****   
 417:Drivers/STM32F4xx_HAL_Driver/Src/stm32f4xx_hal_pwr.c ****   /* Set SLEEPDEEP bit of Cortex System Control Register */
 418:Drivers/STM32F4xx_HAL_Driver/Src/stm32f4xx_hal_pwr.c ****   SET_BIT(SCB->SCR, ((uint32_t)SCB_SCR_SLEEPDEEP_Msk));
 370              		.loc 1 418 0
 371 000c 094A     		ldr	r2, .L37+4
 372 000e 1369     		ldr	r3, [r2, #16]
 373 0010 43F00403 		orr	r3, r3, #4
 374 0014 1361     		str	r3, [r2, #16]
 419:Drivers/STM32F4xx_HAL_Driver/Src/stm32f4xx_hal_pwr.c ****   
 420:Drivers/STM32F4xx_HAL_Driver/Src/stm32f4xx_hal_pwr.c ****   /* Select Stop mode entry --------------------------------------------------*/
 421:Drivers/STM32F4xx_HAL_Driver/Src/stm32f4xx_hal_pwr.c ****   if(STOPEntry == PWR_STOPENTRY_WFI)
 375              		.loc 1 421 0
 376 0016 0129     		cmp	r1, #1
 377 0018 01D1     		bne	.L35
 422:Drivers/STM32F4xx_HAL_Driver/Src/stm32f4xx_hal_pwr.c ****   {   
 423:Drivers/STM32F4xx_HAL_Driver/Src/stm32f4xx_hal_pwr.c ****     /* Request Wait For Interrupt */
 424:Drivers/STM32F4xx_HAL_Driver/Src/stm32f4xx_hal_pwr.c ****     __WFI();
 378              		.loc 1 424 0
 379              		.syntax unified
 380              	@ 424 "Drivers/STM32F4xx_HAL_Driver/Src/stm32f4xx_hal_pwr.c" 1
 381 001a 30BF     		wfi
 382              	@ 0 "" 2
 383              		.thumb
 384              		.syntax unified
 385 001c 02E0     		b	.L36
 386              	.L35:
 425:Drivers/STM32F4xx_HAL_Driver/Src/stm32f4xx_hal_pwr.c ****   }
 426:Drivers/STM32F4xx_HAL_Driver/Src/stm32f4xx_hal_pwr.c ****   else
 427:Drivers/STM32F4xx_HAL_Driver/Src/stm32f4xx_hal_pwr.c ****   {
 428:Drivers/STM32F4xx_HAL_Driver/Src/stm32f4xx_hal_pwr.c ****     /* Request Wait For Event */
 429:Drivers/STM32F4xx_HAL_Driver/Src/stm32f4xx_hal_pwr.c ****     __SEV();
 387              		.loc 1 429 0
 388              		.syntax unified
ARM GAS  /tmp/cc8lhO1E.s 			page 15


 389              	@ 429 "Drivers/STM32F4xx_HAL_Driver/Src/stm32f4xx_hal_pwr.c" 1
 390 001e 40BF     		sev
 391              	@ 0 "" 2
 430:Drivers/STM32F4xx_HAL_Driver/Src/stm32f4xx_hal_pwr.c ****     __WFE();
 392              		.loc 1 430 0
 393              	@ 430 "Drivers/STM32F4xx_HAL_Driver/Src/stm32f4xx_hal_pwr.c" 1
 394 0020 20BF     		wfe
 395              	@ 0 "" 2
 431:Drivers/STM32F4xx_HAL_Driver/Src/stm32f4xx_hal_pwr.c ****     __WFE();
 396              		.loc 1 431 0
 397              	@ 431 "Drivers/STM32F4xx_HAL_Driver/Src/stm32f4xx_hal_pwr.c" 1
 398 0022 20BF     		wfe
 399              	@ 0 "" 2
 400              		.thumb
 401              		.syntax unified
 402              	.L36:
 432:Drivers/STM32F4xx_HAL_Driver/Src/stm32f4xx_hal_pwr.c ****   }
 433:Drivers/STM32F4xx_HAL_Driver/Src/stm32f4xx_hal_pwr.c ****   /* Reset SLEEPDEEP bit of Cortex System Control Register */
 434:Drivers/STM32F4xx_HAL_Driver/Src/stm32f4xx_hal_pwr.c ****   CLEAR_BIT(SCB->SCR, ((uint32_t)SCB_SCR_SLEEPDEEP_Msk));  
 403              		.loc 1 434 0
 404 0024 034A     		ldr	r2, .L37+4
 405 0026 1369     		ldr	r3, [r2, #16]
 406 0028 23F00403 		bic	r3, r3, #4
 407 002c 1361     		str	r3, [r2, #16]
 408 002e 7047     		bx	lr
 409              	.L38:
 410              		.align	2
 411              	.L37:
 412 0030 00700040 		.word	1073770496
 413 0034 00ED00E0 		.word	-536810240
 414              		.cfi_endproc
 415              	.LFE139:
 417              		.section	.text.HAL_PWR_EnterSTANDBYMode,"ax",%progbits
 418              		.align	2
 419              		.global	HAL_PWR_EnterSTANDBYMode
 420              		.thumb
 421              		.thumb_func
 423              	HAL_PWR_EnterSTANDBYMode:
 424              	.LFB140:
 435:Drivers/STM32F4xx_HAL_Driver/Src/stm32f4xx_hal_pwr.c **** }
 436:Drivers/STM32F4xx_HAL_Driver/Src/stm32f4xx_hal_pwr.c **** 
 437:Drivers/STM32F4xx_HAL_Driver/Src/stm32f4xx_hal_pwr.c **** /**
 438:Drivers/STM32F4xx_HAL_Driver/Src/stm32f4xx_hal_pwr.c ****   * @brief Enters Standby mode.
 439:Drivers/STM32F4xx_HAL_Driver/Src/stm32f4xx_hal_pwr.c ****   * @note In Standby mode, all I/O pins are high impedance except for:
 440:Drivers/STM32F4xx_HAL_Driver/Src/stm32f4xx_hal_pwr.c ****   *          - Reset pad (still available) 
 441:Drivers/STM32F4xx_HAL_Driver/Src/stm32f4xx_hal_pwr.c ****   *          - RTC_AF1 pin (PC13) if configured for tamper, time-stamp, RTC 
 442:Drivers/STM32F4xx_HAL_Driver/Src/stm32f4xx_hal_pwr.c ****   *            Alarm out, or RTC clock calibration out.
 443:Drivers/STM32F4xx_HAL_Driver/Src/stm32f4xx_hal_pwr.c ****   *          - RTC_AF2 pin (PI8) if configured for tamper or time-stamp.  
 444:Drivers/STM32F4xx_HAL_Driver/Src/stm32f4xx_hal_pwr.c ****   *          - WKUP pin 1 (PA0) if enabled.       
 445:Drivers/STM32F4xx_HAL_Driver/Src/stm32f4xx_hal_pwr.c ****   * @retval None
 446:Drivers/STM32F4xx_HAL_Driver/Src/stm32f4xx_hal_pwr.c ****   */
 447:Drivers/STM32F4xx_HAL_Driver/Src/stm32f4xx_hal_pwr.c **** void HAL_PWR_EnterSTANDBYMode(void)
 448:Drivers/STM32F4xx_HAL_Driver/Src/stm32f4xx_hal_pwr.c **** {
 425              		.loc 1 448 0
 426              		.cfi_startproc
 427              		@ args = 0, pretend = 0, frame = 0
 428              		@ frame_needed = 0, uses_anonymous_args = 0
ARM GAS  /tmp/cc8lhO1E.s 			page 16


 429              		@ link register save eliminated.
 449:Drivers/STM32F4xx_HAL_Driver/Src/stm32f4xx_hal_pwr.c ****   /* Select Standby mode */
 450:Drivers/STM32F4xx_HAL_Driver/Src/stm32f4xx_hal_pwr.c ****   SET_BIT(PWR->CR, PWR_CR_PDDS);
 430              		.loc 1 450 0
 431 0000 054A     		ldr	r2, .L40
 432 0002 1368     		ldr	r3, [r2]
 433 0004 43F00203 		orr	r3, r3, #2
 434 0008 1360     		str	r3, [r2]
 451:Drivers/STM32F4xx_HAL_Driver/Src/stm32f4xx_hal_pwr.c **** 
 452:Drivers/STM32F4xx_HAL_Driver/Src/stm32f4xx_hal_pwr.c ****   /* Set SLEEPDEEP bit of Cortex System Control Register */
 453:Drivers/STM32F4xx_HAL_Driver/Src/stm32f4xx_hal_pwr.c ****   SET_BIT(SCB->SCR, ((uint32_t)SCB_SCR_SLEEPDEEP_Msk));
 435              		.loc 1 453 0
 436 000a 044A     		ldr	r2, .L40+4
 437 000c 1369     		ldr	r3, [r2, #16]
 438 000e 43F00403 		orr	r3, r3, #4
 439 0012 1361     		str	r3, [r2, #16]
 454:Drivers/STM32F4xx_HAL_Driver/Src/stm32f4xx_hal_pwr.c ****   
 455:Drivers/STM32F4xx_HAL_Driver/Src/stm32f4xx_hal_pwr.c ****   /* This option is used to ensure that store operations are completed */
 456:Drivers/STM32F4xx_HAL_Driver/Src/stm32f4xx_hal_pwr.c **** #if defined ( __CC_ARM)
 457:Drivers/STM32F4xx_HAL_Driver/Src/stm32f4xx_hal_pwr.c ****   __force_stores();
 458:Drivers/STM32F4xx_HAL_Driver/Src/stm32f4xx_hal_pwr.c **** #endif
 459:Drivers/STM32F4xx_HAL_Driver/Src/stm32f4xx_hal_pwr.c ****   /* Request Wait For Interrupt */
 460:Drivers/STM32F4xx_HAL_Driver/Src/stm32f4xx_hal_pwr.c ****   __WFI();
 440              		.loc 1 460 0
 441              		.syntax unified
 442              	@ 460 "Drivers/STM32F4xx_HAL_Driver/Src/stm32f4xx_hal_pwr.c" 1
 443 0014 30BF     		wfi
 444              	@ 0 "" 2
 445              		.thumb
 446              		.syntax unified
 447 0016 7047     		bx	lr
 448              	.L41:
 449              		.align	2
 450              	.L40:
 451 0018 00700040 		.word	1073770496
 452 001c 00ED00E0 		.word	-536810240
 453              		.cfi_endproc
 454              	.LFE140:
 456              		.section	.text.HAL_PWR_PVDCallback,"ax",%progbits
 457              		.align	2
 458              		.weak	HAL_PWR_PVDCallback
 459              		.thumb
 460              		.thumb_func
 462              	HAL_PWR_PVDCallback:
 463              	.LFB142:
 461:Drivers/STM32F4xx_HAL_Driver/Src/stm32f4xx_hal_pwr.c **** }
 462:Drivers/STM32F4xx_HAL_Driver/Src/stm32f4xx_hal_pwr.c **** 
 463:Drivers/STM32F4xx_HAL_Driver/Src/stm32f4xx_hal_pwr.c **** /**
 464:Drivers/STM32F4xx_HAL_Driver/Src/stm32f4xx_hal_pwr.c ****   * @brief This function handles the PWR PVD interrupt request.
 465:Drivers/STM32F4xx_HAL_Driver/Src/stm32f4xx_hal_pwr.c ****   * @note This API should be called under the PVD_IRQHandler().
 466:Drivers/STM32F4xx_HAL_Driver/Src/stm32f4xx_hal_pwr.c ****   * @retval None
 467:Drivers/STM32F4xx_HAL_Driver/Src/stm32f4xx_hal_pwr.c ****   */
 468:Drivers/STM32F4xx_HAL_Driver/Src/stm32f4xx_hal_pwr.c **** void HAL_PWR_PVD_IRQHandler(void)
 469:Drivers/STM32F4xx_HAL_Driver/Src/stm32f4xx_hal_pwr.c **** {
 470:Drivers/STM32F4xx_HAL_Driver/Src/stm32f4xx_hal_pwr.c ****   /* Check PWR Exti flag */
 471:Drivers/STM32F4xx_HAL_Driver/Src/stm32f4xx_hal_pwr.c ****   if(__HAL_PWR_PVD_EXTI_GET_FLAG() != RESET)
 472:Drivers/STM32F4xx_HAL_Driver/Src/stm32f4xx_hal_pwr.c ****   {
ARM GAS  /tmp/cc8lhO1E.s 			page 17


 473:Drivers/STM32F4xx_HAL_Driver/Src/stm32f4xx_hal_pwr.c ****     /* PWR PVD interrupt user callback */
 474:Drivers/STM32F4xx_HAL_Driver/Src/stm32f4xx_hal_pwr.c ****     HAL_PWR_PVDCallback();
 475:Drivers/STM32F4xx_HAL_Driver/Src/stm32f4xx_hal_pwr.c ****     
 476:Drivers/STM32F4xx_HAL_Driver/Src/stm32f4xx_hal_pwr.c ****     /* Clear PWR Exti pending bit */
 477:Drivers/STM32F4xx_HAL_Driver/Src/stm32f4xx_hal_pwr.c ****     __HAL_PWR_PVD_EXTI_CLEAR_FLAG();
 478:Drivers/STM32F4xx_HAL_Driver/Src/stm32f4xx_hal_pwr.c ****   }
 479:Drivers/STM32F4xx_HAL_Driver/Src/stm32f4xx_hal_pwr.c **** }
 480:Drivers/STM32F4xx_HAL_Driver/Src/stm32f4xx_hal_pwr.c **** 
 481:Drivers/STM32F4xx_HAL_Driver/Src/stm32f4xx_hal_pwr.c **** /**
 482:Drivers/STM32F4xx_HAL_Driver/Src/stm32f4xx_hal_pwr.c ****   * @brief  PWR PVD interrupt callback
 483:Drivers/STM32F4xx_HAL_Driver/Src/stm32f4xx_hal_pwr.c ****   * @retval None
 484:Drivers/STM32F4xx_HAL_Driver/Src/stm32f4xx_hal_pwr.c ****   */
 485:Drivers/STM32F4xx_HAL_Driver/Src/stm32f4xx_hal_pwr.c **** __weak void HAL_PWR_PVDCallback(void)
 486:Drivers/STM32F4xx_HAL_Driver/Src/stm32f4xx_hal_pwr.c **** {
 464              		.loc 1 486 0
 465              		.cfi_startproc
 466              		@ args = 0, pretend = 0, frame = 0
 467              		@ frame_needed = 0, uses_anonymous_args = 0
 468              		@ link register save eliminated.
 469 0000 7047     		bx	lr
 470              		.cfi_endproc
 471              	.LFE142:
 473 0002 00BF     		.section	.text.HAL_PWR_PVD_IRQHandler,"ax",%progbits
 474              		.align	2
 475              		.global	HAL_PWR_PVD_IRQHandler
 476              		.thumb
 477              		.thumb_func
 479              	HAL_PWR_PVD_IRQHandler:
 480              	.LFB141:
 469:Drivers/STM32F4xx_HAL_Driver/Src/stm32f4xx_hal_pwr.c ****   /* Check PWR Exti flag */
 481              		.loc 1 469 0
 482              		.cfi_startproc
 483              		@ args = 0, pretend = 0, frame = 0
 484              		@ frame_needed = 0, uses_anonymous_args = 0
 469:Drivers/STM32F4xx_HAL_Driver/Src/stm32f4xx_hal_pwr.c ****   /* Check PWR Exti flag */
 485              		.loc 1 469 0
 486 0000 08B5     		push	{r3, lr}
 487              	.LCFI0:
 488              		.cfi_def_cfa_offset 8
 489              		.cfi_offset 3, -8
 490              		.cfi_offset 14, -4
 471:Drivers/STM32F4xx_HAL_Driver/Src/stm32f4xx_hal_pwr.c ****   {
 491              		.loc 1 471 0
 492 0002 064B     		ldr	r3, .L46
 493 0004 5B69     		ldr	r3, [r3, #20]
 494 0006 13F4803F 		tst	r3, #65536
 495 000a 05D0     		beq	.L43
 474:Drivers/STM32F4xx_HAL_Driver/Src/stm32f4xx_hal_pwr.c ****     
 496              		.loc 1 474 0
 497 000c FFF7FEFF 		bl	HAL_PWR_PVDCallback
 498              	.LVL8:
 477:Drivers/STM32F4xx_HAL_Driver/Src/stm32f4xx_hal_pwr.c ****   }
 499              		.loc 1 477 0
 500 0010 4FF48032 		mov	r2, #65536
 501 0014 014B     		ldr	r3, .L46
 502 0016 5A61     		str	r2, [r3, #20]
 503              	.L43:
ARM GAS  /tmp/cc8lhO1E.s 			page 18


 504 0018 08BD     		pop	{r3, pc}
 505              	.L47:
 506 001a 00BF     		.align	2
 507              	.L46:
 508 001c 003C0140 		.word	1073822720
 509              		.cfi_endproc
 510              	.LFE141:
 512              		.section	.text.HAL_PWR_EnableSleepOnExit,"ax",%progbits
 513              		.align	2
 514              		.global	HAL_PWR_EnableSleepOnExit
 515              		.thumb
 516              		.thumb_func
 518              	HAL_PWR_EnableSleepOnExit:
 519              	.LFB143:
 487:Drivers/STM32F4xx_HAL_Driver/Src/stm32f4xx_hal_pwr.c ****   /* NOTE : This function Should not be modified, when the callback is needed,
 488:Drivers/STM32F4xx_HAL_Driver/Src/stm32f4xx_hal_pwr.c ****             the HAL_PWR_PVDCallback could be implemented in the user file
 489:Drivers/STM32F4xx_HAL_Driver/Src/stm32f4xx_hal_pwr.c ****    */ 
 490:Drivers/STM32F4xx_HAL_Driver/Src/stm32f4xx_hal_pwr.c **** }
 491:Drivers/STM32F4xx_HAL_Driver/Src/stm32f4xx_hal_pwr.c **** 
 492:Drivers/STM32F4xx_HAL_Driver/Src/stm32f4xx_hal_pwr.c **** /**
 493:Drivers/STM32F4xx_HAL_Driver/Src/stm32f4xx_hal_pwr.c ****   * @brief Indicates Sleep-On-Exit when returning from Handler mode to Thread mode. 
 494:Drivers/STM32F4xx_HAL_Driver/Src/stm32f4xx_hal_pwr.c ****   * @note Set SLEEPONEXIT bit of SCR register. When this bit is set, the processor 
 495:Drivers/STM32F4xx_HAL_Driver/Src/stm32f4xx_hal_pwr.c ****   *       re-enters SLEEP mode when an interruption handling is over.
 496:Drivers/STM32F4xx_HAL_Driver/Src/stm32f4xx_hal_pwr.c ****   *       Setting this bit is useful when the processor is expected to run only on
 497:Drivers/STM32F4xx_HAL_Driver/Src/stm32f4xx_hal_pwr.c ****   *       interruptions handling.         
 498:Drivers/STM32F4xx_HAL_Driver/Src/stm32f4xx_hal_pwr.c ****   * @retval None
 499:Drivers/STM32F4xx_HAL_Driver/Src/stm32f4xx_hal_pwr.c ****   */
 500:Drivers/STM32F4xx_HAL_Driver/Src/stm32f4xx_hal_pwr.c **** void HAL_PWR_EnableSleepOnExit(void)
 501:Drivers/STM32F4xx_HAL_Driver/Src/stm32f4xx_hal_pwr.c **** {
 520              		.loc 1 501 0
 521              		.cfi_startproc
 522              		@ args = 0, pretend = 0, frame = 0
 523              		@ frame_needed = 0, uses_anonymous_args = 0
 524              		@ link register save eliminated.
 502:Drivers/STM32F4xx_HAL_Driver/Src/stm32f4xx_hal_pwr.c ****   /* Set SLEEPONEXIT bit of Cortex System Control Register */
 503:Drivers/STM32F4xx_HAL_Driver/Src/stm32f4xx_hal_pwr.c ****   SET_BIT(SCB->SCR, ((uint32_t)SCB_SCR_SLEEPONEXIT_Msk));
 525              		.loc 1 503 0
 526 0000 024A     		ldr	r2, .L49
 527 0002 1369     		ldr	r3, [r2, #16]
 528 0004 43F00203 		orr	r3, r3, #2
 529 0008 1361     		str	r3, [r2, #16]
 530 000a 7047     		bx	lr
 531              	.L50:
 532              		.align	2
 533              	.L49:
 534 000c 00ED00E0 		.word	-536810240
 535              		.cfi_endproc
 536              	.LFE143:
 538              		.section	.text.HAL_PWR_DisableSleepOnExit,"ax",%progbits
 539              		.align	2
 540              		.global	HAL_PWR_DisableSleepOnExit
 541              		.thumb
 542              		.thumb_func
 544              	HAL_PWR_DisableSleepOnExit:
 545              	.LFB144:
 504:Drivers/STM32F4xx_HAL_Driver/Src/stm32f4xx_hal_pwr.c **** }
 505:Drivers/STM32F4xx_HAL_Driver/Src/stm32f4xx_hal_pwr.c **** 
ARM GAS  /tmp/cc8lhO1E.s 			page 19


 506:Drivers/STM32F4xx_HAL_Driver/Src/stm32f4xx_hal_pwr.c **** /**
 507:Drivers/STM32F4xx_HAL_Driver/Src/stm32f4xx_hal_pwr.c ****   * @brief Disables Sleep-On-Exit feature when returning from Handler mode to Thread mode. 
 508:Drivers/STM32F4xx_HAL_Driver/Src/stm32f4xx_hal_pwr.c ****   * @note Clears SLEEPONEXIT bit of SCR register. When this bit is set, the processor 
 509:Drivers/STM32F4xx_HAL_Driver/Src/stm32f4xx_hal_pwr.c ****   *       re-enters SLEEP mode when an interruption handling is over.          
 510:Drivers/STM32F4xx_HAL_Driver/Src/stm32f4xx_hal_pwr.c ****   * @retval None
 511:Drivers/STM32F4xx_HAL_Driver/Src/stm32f4xx_hal_pwr.c ****   */
 512:Drivers/STM32F4xx_HAL_Driver/Src/stm32f4xx_hal_pwr.c **** void HAL_PWR_DisableSleepOnExit(void)
 513:Drivers/STM32F4xx_HAL_Driver/Src/stm32f4xx_hal_pwr.c **** {
 546              		.loc 1 513 0
 547              		.cfi_startproc
 548              		@ args = 0, pretend = 0, frame = 0
 549              		@ frame_needed = 0, uses_anonymous_args = 0
 550              		@ link register save eliminated.
 514:Drivers/STM32F4xx_HAL_Driver/Src/stm32f4xx_hal_pwr.c ****   /* Clear SLEEPONEXIT bit of Cortex System Control Register */
 515:Drivers/STM32F4xx_HAL_Driver/Src/stm32f4xx_hal_pwr.c ****   CLEAR_BIT(SCB->SCR, ((uint32_t)SCB_SCR_SLEEPONEXIT_Msk));
 551              		.loc 1 515 0
 552 0000 024A     		ldr	r2, .L52
 553 0002 1369     		ldr	r3, [r2, #16]
 554 0004 23F00203 		bic	r3, r3, #2
 555 0008 1361     		str	r3, [r2, #16]
 556 000a 7047     		bx	lr
 557              	.L53:
 558              		.align	2
 559              	.L52:
 560 000c 00ED00E0 		.word	-536810240
 561              		.cfi_endproc
 562              	.LFE144:
 564              		.section	.text.HAL_PWR_EnableSEVOnPend,"ax",%progbits
 565              		.align	2
 566              		.global	HAL_PWR_EnableSEVOnPend
 567              		.thumb
 568              		.thumb_func
 570              	HAL_PWR_EnableSEVOnPend:
 571              	.LFB145:
 516:Drivers/STM32F4xx_HAL_Driver/Src/stm32f4xx_hal_pwr.c **** }
 517:Drivers/STM32F4xx_HAL_Driver/Src/stm32f4xx_hal_pwr.c **** 
 518:Drivers/STM32F4xx_HAL_Driver/Src/stm32f4xx_hal_pwr.c **** /**
 519:Drivers/STM32F4xx_HAL_Driver/Src/stm32f4xx_hal_pwr.c ****   * @brief Enables CORTEX M4 SEVONPEND bit. 
 520:Drivers/STM32F4xx_HAL_Driver/Src/stm32f4xx_hal_pwr.c ****   * @note Sets SEVONPEND bit of SCR register. When this bit is set, this causes 
 521:Drivers/STM32F4xx_HAL_Driver/Src/stm32f4xx_hal_pwr.c ****   *       WFE to wake up when an interrupt moves from inactive to pended.
 522:Drivers/STM32F4xx_HAL_Driver/Src/stm32f4xx_hal_pwr.c ****   * @retval None
 523:Drivers/STM32F4xx_HAL_Driver/Src/stm32f4xx_hal_pwr.c ****   */
 524:Drivers/STM32F4xx_HAL_Driver/Src/stm32f4xx_hal_pwr.c **** void HAL_PWR_EnableSEVOnPend(void)
 525:Drivers/STM32F4xx_HAL_Driver/Src/stm32f4xx_hal_pwr.c **** {
 572              		.loc 1 525 0
 573              		.cfi_startproc
 574              		@ args = 0, pretend = 0, frame = 0
 575              		@ frame_needed = 0, uses_anonymous_args = 0
 576              		@ link register save eliminated.
 526:Drivers/STM32F4xx_HAL_Driver/Src/stm32f4xx_hal_pwr.c ****   /* Set SEVONPEND bit of Cortex System Control Register */
 527:Drivers/STM32F4xx_HAL_Driver/Src/stm32f4xx_hal_pwr.c ****   SET_BIT(SCB->SCR, ((uint32_t)SCB_SCR_SEVONPEND_Msk));
 577              		.loc 1 527 0
 578 0000 024A     		ldr	r2, .L55
 579 0002 1369     		ldr	r3, [r2, #16]
 580 0004 43F01003 		orr	r3, r3, #16
 581 0008 1361     		str	r3, [r2, #16]
 582 000a 7047     		bx	lr
ARM GAS  /tmp/cc8lhO1E.s 			page 20


 583              	.L56:
 584              		.align	2
 585              	.L55:
 586 000c 00ED00E0 		.word	-536810240
 587              		.cfi_endproc
 588              	.LFE145:
 590              		.section	.text.HAL_PWR_DisableSEVOnPend,"ax",%progbits
 591              		.align	2
 592              		.global	HAL_PWR_DisableSEVOnPend
 593              		.thumb
 594              		.thumb_func
 596              	HAL_PWR_DisableSEVOnPend:
 597              	.LFB146:
 528:Drivers/STM32F4xx_HAL_Driver/Src/stm32f4xx_hal_pwr.c **** }
 529:Drivers/STM32F4xx_HAL_Driver/Src/stm32f4xx_hal_pwr.c **** 
 530:Drivers/STM32F4xx_HAL_Driver/Src/stm32f4xx_hal_pwr.c **** /**
 531:Drivers/STM32F4xx_HAL_Driver/Src/stm32f4xx_hal_pwr.c ****   * @brief Disables CORTEX M4 SEVONPEND bit. 
 532:Drivers/STM32F4xx_HAL_Driver/Src/stm32f4xx_hal_pwr.c ****   * @note Clears SEVONPEND bit of SCR register. When this bit is set, this causes 
 533:Drivers/STM32F4xx_HAL_Driver/Src/stm32f4xx_hal_pwr.c ****   *       WFE to wake up when an interrupt moves from inactive to pended.         
 534:Drivers/STM32F4xx_HAL_Driver/Src/stm32f4xx_hal_pwr.c ****   * @retval None
 535:Drivers/STM32F4xx_HAL_Driver/Src/stm32f4xx_hal_pwr.c ****   */
 536:Drivers/STM32F4xx_HAL_Driver/Src/stm32f4xx_hal_pwr.c **** void HAL_PWR_DisableSEVOnPend(void)
 537:Drivers/STM32F4xx_HAL_Driver/Src/stm32f4xx_hal_pwr.c **** {
 598              		.loc 1 537 0
 599              		.cfi_startproc
 600              		@ args = 0, pretend = 0, frame = 0
 601              		@ frame_needed = 0, uses_anonymous_args = 0
 602              		@ link register save eliminated.
 538:Drivers/STM32F4xx_HAL_Driver/Src/stm32f4xx_hal_pwr.c ****   /* Clear SEVONPEND bit of Cortex System Control Register */
 539:Drivers/STM32F4xx_HAL_Driver/Src/stm32f4xx_hal_pwr.c ****   CLEAR_BIT(SCB->SCR, ((uint32_t)SCB_SCR_SEVONPEND_Msk));
 603              		.loc 1 539 0
 604 0000 024A     		ldr	r2, .L58
 605 0002 1369     		ldr	r3, [r2, #16]
 606 0004 23F01003 		bic	r3, r3, #16
 607 0008 1361     		str	r3, [r2, #16]
 608 000a 7047     		bx	lr
 609              	.L59:
 610              		.align	2
 611              	.L58:
 612 000c 00ED00E0 		.word	-536810240
 613              		.cfi_endproc
 614              	.LFE146:
 616              		.text
 617              	.Letext0:
 618              		.file 2 "/usr/include/newlib/machine/_default_types.h"
 619              		.file 3 "/usr/include/newlib/sys/_stdint.h"
 620              		.file 4 "/usr/local/lib/ARM/CMSIS/5.4.0/CMSIS/Core/Include/core_cm4.h"
 621              		.file 5 "Drivers/CMSIS/Device/ST/STM32F4xx/Include/stm32f401xc.h"
 622              		.file 6 "Drivers/CMSIS/Device/ST/STM32F4xx/Include/stm32f4xx.h"
 623              		.file 7 "Drivers/STM32F4xx_HAL_Driver/Inc/stm32f4xx_hal_pwr.h"
ARM GAS  /tmp/cc8lhO1E.s 			page 21


DEFINED SYMBOLS
                            *ABS*:0000000000000000 stm32f4xx_hal_pwr.c
     /tmp/cc8lhO1E.s:22     .text.HAL_PWR_DeInit:0000000000000000 $t
     /tmp/cc8lhO1E.s:27     .text.HAL_PWR_DeInit:0000000000000000 HAL_PWR_DeInit
     /tmp/cc8lhO1E.s:48     .text.HAL_PWR_DeInit:0000000000000014 $d
     /tmp/cc8lhO1E.s:53     .text.HAL_PWR_EnableBkUpAccess:0000000000000000 $t
     /tmp/cc8lhO1E.s:58     .text.HAL_PWR_EnableBkUpAccess:0000000000000000 HAL_PWR_EnableBkUpAccess
     /tmp/cc8lhO1E.s:73     .text.HAL_PWR_EnableBkUpAccess:0000000000000008 $d
     /tmp/cc8lhO1E.s:78     .text.HAL_PWR_DisableBkUpAccess:0000000000000000 $t
     /tmp/cc8lhO1E.s:83     .text.HAL_PWR_DisableBkUpAccess:0000000000000000 HAL_PWR_DisableBkUpAccess
     /tmp/cc8lhO1E.s:98     .text.HAL_PWR_DisableBkUpAccess:0000000000000008 $d
     /tmp/cc8lhO1E.s:103    .text.HAL_PWR_ConfigPVD:0000000000000000 $t
     /tmp/cc8lhO1E.s:108    .text.HAL_PWR_ConfigPVD:0000000000000000 HAL_PWR_ConfigPVD
     /tmp/cc8lhO1E.s:184    .text.HAL_PWR_ConfigPVD:000000000000007c $d
     /tmp/cc8lhO1E.s:190    .text.HAL_PWR_EnablePVD:0000000000000000 $t
     /tmp/cc8lhO1E.s:195    .text.HAL_PWR_EnablePVD:0000000000000000 HAL_PWR_EnablePVD
     /tmp/cc8lhO1E.s:210    .text.HAL_PWR_EnablePVD:0000000000000008 $d
     /tmp/cc8lhO1E.s:215    .text.HAL_PWR_DisablePVD:0000000000000000 $t
     /tmp/cc8lhO1E.s:220    .text.HAL_PWR_DisablePVD:0000000000000000 HAL_PWR_DisablePVD
     /tmp/cc8lhO1E.s:235    .text.HAL_PWR_DisablePVD:0000000000000008 $d
     /tmp/cc8lhO1E.s:240    .text.HAL_PWR_EnableWakeUpPin:0000000000000000 $t
     /tmp/cc8lhO1E.s:245    .text.HAL_PWR_EnableWakeUpPin:0000000000000000 HAL_PWR_EnableWakeUpPin
     /tmp/cc8lhO1E.s:263    .text.HAL_PWR_EnableWakeUpPin:000000000000000c $d
     /tmp/cc8lhO1E.s:268    .text.HAL_PWR_DisableWakeUpPin:0000000000000000 $t
     /tmp/cc8lhO1E.s:273    .text.HAL_PWR_DisableWakeUpPin:0000000000000000 HAL_PWR_DisableWakeUpPin
     /tmp/cc8lhO1E.s:291    .text.HAL_PWR_DisableWakeUpPin:000000000000000c $d
     /tmp/cc8lhO1E.s:296    .text.HAL_PWR_EnterSLEEPMode:0000000000000000 $t
     /tmp/cc8lhO1E.s:301    .text.HAL_PWR_EnterSLEEPMode:0000000000000000 HAL_PWR_EnterSLEEPMode
     /tmp/cc8lhO1E.s:345    .text.HAL_PWR_EnterSLEEPMode:000000000000001c $d
     /tmp/cc8lhO1E.s:350    .text.HAL_PWR_EnterSTOPMode:0000000000000000 $t
     /tmp/cc8lhO1E.s:355    .text.HAL_PWR_EnterSTOPMode:0000000000000000 HAL_PWR_EnterSTOPMode
     /tmp/cc8lhO1E.s:412    .text.HAL_PWR_EnterSTOPMode:0000000000000030 $d
     /tmp/cc8lhO1E.s:418    .text.HAL_PWR_EnterSTANDBYMode:0000000000000000 $t
     /tmp/cc8lhO1E.s:423    .text.HAL_PWR_EnterSTANDBYMode:0000000000000000 HAL_PWR_EnterSTANDBYMode
     /tmp/cc8lhO1E.s:451    .text.HAL_PWR_EnterSTANDBYMode:0000000000000018 $d
     /tmp/cc8lhO1E.s:457    .text.HAL_PWR_PVDCallback:0000000000000000 $t
     /tmp/cc8lhO1E.s:462    .text.HAL_PWR_PVDCallback:0000000000000000 HAL_PWR_PVDCallback
     /tmp/cc8lhO1E.s:474    .text.HAL_PWR_PVD_IRQHandler:0000000000000000 $t
     /tmp/cc8lhO1E.s:479    .text.HAL_PWR_PVD_IRQHandler:0000000000000000 HAL_PWR_PVD_IRQHandler
     /tmp/cc8lhO1E.s:508    .text.HAL_PWR_PVD_IRQHandler:000000000000001c $d
     /tmp/cc8lhO1E.s:513    .text.HAL_PWR_EnableSleepOnExit:0000000000000000 $t
     /tmp/cc8lhO1E.s:518    .text.HAL_PWR_EnableSleepOnExit:0000000000000000 HAL_PWR_EnableSleepOnExit
     /tmp/cc8lhO1E.s:534    .text.HAL_PWR_EnableSleepOnExit:000000000000000c $d
     /tmp/cc8lhO1E.s:539    .text.HAL_PWR_DisableSleepOnExit:0000000000000000 $t
     /tmp/cc8lhO1E.s:544    .text.HAL_PWR_DisableSleepOnExit:0000000000000000 HAL_PWR_DisableSleepOnExit
     /tmp/cc8lhO1E.s:560    .text.HAL_PWR_DisableSleepOnExit:000000000000000c $d
     /tmp/cc8lhO1E.s:565    .text.HAL_PWR_EnableSEVOnPend:0000000000000000 $t
     /tmp/cc8lhO1E.s:570    .text.HAL_PWR_EnableSEVOnPend:0000000000000000 HAL_PWR_EnableSEVOnPend
     /tmp/cc8lhO1E.s:586    .text.HAL_PWR_EnableSEVOnPend:000000000000000c $d
     /tmp/cc8lhO1E.s:591    .text.HAL_PWR_DisableSEVOnPend:0000000000000000 $t
     /tmp/cc8lhO1E.s:596    .text.HAL_PWR_DisableSEVOnPend:0000000000000000 HAL_PWR_DisableSEVOnPend
     /tmp/cc8lhO1E.s:612    .text.HAL_PWR_DisableSEVOnPend:000000000000000c $d
                     .debug_frame:0000000000000010 $d

NO UNDEFINED SYMBOLS
